7285135.9776
1195.28 6094.92
104094688.99
B0 1115.9500 2692.5200 (48.38 41.36 3 2)
B1 891.1600 3320.9200 (60.92 40.78 1 3)
B2 532.3300 183.8100 (44.14 21.52 1 3)
B3 389.6200 2134.4500 (70.23 52.73 1 1)
B4 1035.4700 3484.8000 (42.05 33.25 2 3)
B5 845.9000 5373.4600 (32.89 24.52 3 1)
B6 321.6900 3797.8700 (50.10 47.15 2 3)
B7 529.2400 3396.6700 (122.48 48.68 1 2)
B8 142.3700 3569.8600 (48.02 12.25 1 2)
B9 676.1000 123.0000 (70.87 18.66 2 1)
B10 3.9400 2166.9100 (69.83 60.51 2 1)
B11 68.6400 5048.5100 (113.49 41.00 1 2)
B12 447.4100 5173.9500 (110.57 78.67 3 2)
B13 208.3700 3442.9200 (14.48 20.46 2 3)
B14 462.1200 2238.9700 (93.13 32.64 2 1)
B15 404.4100 4914.1400 (103.73 5.88 3 3)
B16 604.7900 552.5700 (7.18 13.24 1 2)
B17 105.0700 3284.8900 (4.21 39.70 1 3)
B18 518.4900 5034.9100 (84.78 43.75 2 2)
B19 981.8200 2184.0500 (109.06 12.60 3 3)
B20 994.8300 2841.4500 (2.50 44.52 3 3)
B21 402.1400 233.8000 (130.19 57.89 1 2)
B22 257.7700 4207.0800 (79.81 16.74 2 2)
B23 0.0000 5362.3600 (90.97 59.11 3 2)
B24 197.2500 4009.9900 (148.14 14.84 1 3)
B25 101.0500 2477.4800 (94.34 73.40 3 3)
B26 395.8800 5042.7300 (56.09 25.41 1 2)
B27 677.8700 3254.8900 (36.51 63.71 2 2)
B28 753.6400 9.4900 (88.76 23.43 3 3)
B29 416.4100 1086.7600 (42.47 6.48 3 3)
B30 263.0600 5770.1400 (134.08 51.45 3 2)
B31 630.6600 3029.6000 (68.24 22.76 1 3)
B32 39.0900 5819.5500 (37.11 11.47 1 3)
B33 265.4600 5129.9000 (42.61 59.11 2 2)
B34 94.9300 1901.6600 (20.39 67.62 1 2)
B35 944.8700 4669.6900 (12.13 43.91 1 1)
B36 220.5700 2406.2900 (75.46 37.85 1 3)
B37 11.1000 4801.6600 (123.69 71.95 2 3)
B38 377.3400 1372.1900 (149.06 14.36 3 1)
B39 999.8700 1447.8800 (149.38 12.58 3 2)
B40 967.6500 5803.2500 (42.73 48.95 1 2)
B41 395.7300 2025.9900 (117.90 68.12 2 3)
B42 94.9300 1863.8800 (79.93 37.78 2 2)
B43 1048.9100 3961.8400 (80.17 24.00 2 2)
B44 712.1500 4378.6500 (25.74 41.48 1 2)
B45 1064.8700 1211.3600 (73.79 16.55 2 3)
B46 677.7100 2830.8900 (72.23 10.53 1 2)
B47 590.4800 2871.6000 (80.43 4.92 1 3)
B48 1129.8500 5015.4500 (9.53 3.86 2 3)
B49 73.7700 2166.9100 (4.66 40.18 2 2)
B50 78.4300 2220.5100 (98.93 17.48 3 1)
B51 222.1200 543.2200 (145.50 10.07 2 3)
B52 969.5000 198.7300 (61.74 67.17 2 1)
B53 677.1800 5899.0800 (50.35 22.02 2 2)
B54 37.8000 4362.0300 (146.77 3.68 2 2)
B55 639.2400 1782.0500 (118.27 54.52 1 1)
B56 434.2100 4195.5600 (114.00 71.16 3 3)
B57 1032.8600 5187.8000 (5.85 65.56 1 1)
B58 441.9200 2709.0800 (13.14 24.62 1 2)
B59 0.0000 5421.4700 (39.09 40.75 2 1)
B60 225.7000 2782.3900 (131.95 10.43 2 2)
B61 883.8400 5240.3600 (2.46 78.48 1 2)
B62 607.0300 3975.8400 (45.71 36.18 2 1)
B63 105.7500 5134.0000 (85.86 28.88 3 2)
B64 768.0300 315.5900 (39.25 33.62 2 2)
B65 319.6600 1434.5600 (61.47 14.20 1 2)
B66 39.0900 5461.3400 (134.04 35.17 3 3)
B67 105.0700 3488.0400 (76.87 41.42 3 3)
B68 105.7500 5162.8800 (146.25 13.53 1 3)
B69 402.1400 291.6900 (149.46 19.25 1 3)
B70 469.2800 4274.8000 (59.69 15.99 1 1)
B71 39.0900 5681.2400 (46.24 77.19 3 1)
B72 173.1300 5491.5500 (103.62 68.63 3 2)
B73 549.8600 4771.6200 (93.62 63.41 2 3)
B74 780.5800 3131.2400 (92.97 28.86 1 2)
B75 698.9000 2977.9900 (60.90 36.15 1 2)
B76 835.4500 2252.1500 (74.37 43.11 2 2)
B77 1049.9800 4626.9900 (14.65 24.06 1 3)
B78 327.0700 2214.0100 (57.75 25.59 3 3)
B79 732.7200 3060.3400 (106.83 70.90 3 1)
B80 48.6600 2120.9000 (134.37 17.25 2 1)
B81 823.9800 3236.4900 (106.43 66.51 3 3)
B82 220.5700 2387.4100 (119.57 18.88 1 2)
B83 90.9700 5382.7900 (100.15 41.11 2 3)
B84 276.7500 5438.8400 (106.05 58.20 3 2)
B85 103.6500 2946.1400 (66.86 31.66 2 2)
B86 823.9800 3303.0000 (28.39 35.06 2 2)
B87 340.1100 5608.5700 (78.88 16.08 3 2)
B88 270.9500 1947.8400 (136.90 78.15 2 1)
B89 3.9400 0.0000 (18.28 33.50 2 1)
B90 143.7300 938.1200 (62.54 21.62 3 3)
B91 221.5800 5912.9900 (31.42 34.40 3 1)
B92 145.0200 243.7500 (10.32 52.40 2 2)
B93 558.2800 291.4600 (46.59 29.82 1 3)
B94 3.9400 3684.2400 (116.91 3.55 3 3)
B95 1068.7000 960.8100 (7.04 39.69 3 2)
B96 762.7700 4358.7700 (46.07 62.84 3 1)
B97 522.4700 4999.4200 (75.99 31.05 1 3)
B98 299.4100 1836.9200 (102.84 20.85 3 3)
B99 540.2900 2361.3300 (12.96 5.22 3 1)
B100 928.3200 558.0000 (111.46 8.01 3 3)
B101 395.8800 5098.5900 (18.88 50.86 3 2)
B102 863.6400 2239.1800 (26.37 12.97 3 1)
B103 1133.8000 4218.3200 (38.83 59.52 3 3)
B104 669.6500 4359.7800 (20.23 44.23 3 1)
B105 791.1300 5937.4000 (54.42 9.82 1 1)
B106 513.6300 2022.9400 (89.68 52.45 2 1)
B107 596.7200 3207.0400 (112.66 47.85 2 1)
B108 158.4900 582.5500 (149.84 50.92 2 1)
B109 210.0300 2169.5600 (18.07 79.95 2 1)
B110 673.8800 2784.0100 (101.61 46.88 2 2)
B111 615.1000 2387.6400 (17.07 14.91 1 1)
B112 443.4400 4019.3800 (40.78 77.46 2 2)
B113 199.8900 4802.7100 (81.75 68.67 3 1)
B114 368.2900 3363.5200 (102.87 16.35 1 2)
B115 222.1200 331.6900 (74.15 76.50 2 2)
B116 967.5600 934.3500 (17.01 19.48 1 1)
B117 379.5600 2374.9700 (45.99 27.59 1 2)
B118 252.0000 5236.3500 (128.87 13.05 1 3)
B119 22.2200 748.4200 (8.83 25.59 3 2)
B120 1002.6400 3856.9200 (96.74 21.85 1 2)
B121 78.4300 3246.1200 (49.05 38.77 1 3)
B122 395.0000 3512.0900 (113.18 79.12 3 3)
B123 613.1300 1964.8100 (95.82 41.74 2 3)
B124 127.4800 3223.2700 (30.36 73.82 1 1)
B125 52.5400 5831.0200 (5.65 39.25 3 1)
B126 362.3800 5543.7900 (103.12 47.95 3 3)
B127 859.3400 61.0300 (23.61 15.57 1 2)
B128 752.2400 3895.5300 (54.64 76.35 3 2)
B129 943.8200 2577.3100 (19.97 23.83 2 3)
B130 618.2700 2276.1900 (97.72 72.78 3 2)
B131 713.4700 762.7800 (9.33 34.14 1 3)
B132 169.1700 5662.3900 (27.17 57.75 1 1)
B133 130.1100 2843.1000 (129.55 35.11 1 3)
B134 198.9700 2712.2700 (107.13 45.10 2 3)
B135 575.7400 3311.4500 (87.50 50.80 3 1)
B136 1059.8000 179.9900 (129.21 26.64 2 2)
B137 290.2500 4612.8300 (110.87 53.31 1 2)
B138 860.2000 4197.4300 (59.24 12.49 3 1)
B139 1055.1900 3233.7800 (114.67 2.31 3 2)
B140 765.4300 1467.3200 (11.13 33.35 3 3)
B141 801.7700 4855.0300 (55.92 20.51 1 3)
B142 752.2400 3774.2300 (111.42 55.33 1 2)
B143 360.7800 446.6800 (30.64 75.35 2 1)
B144 679.6700 2465.3200 (19.82 70.03 1 3)
B145 733.4800 254.0400 (142.86 61.55 3 3)
B146 491.2200 4425.0100 (103.16 48.86 1 1)
B147 94.3400 3804.2100 (138.88 13.20 3 3)
B148 868.0000 2623.4900 (76.91 32.67 2 2)
B149 914.9400 2339.6900 (104.40 59.62 2 2)
B150 217.1300 6003.3200 (108.24 60.30 3 1)
B151 653.5800 913.4800 (58.95 12.07 1 1)
B152 136.7800 33.1100 (66.19 49.31 1 3)
B153 248.1900 5597.0600 (91.92 12.07 1 1)
B154 813.1600 450.3300 (101.64 12.52 2 3)
B155 565.0300 1188.9200 (146.55 44.01 2 2)
B156 39.0900 5496.5100 (130.08 35.61 3 1)
B157 101.0500 3072.3400 (26.53 71.70 2 2)
B158 379.9900 5158.3600 (78.83 10.82 3 1)
B159 359.9500 3859.8400 (10.26 26.22 3 2)
B160 623.8800 597.5600 (28.76 56.02 2 3)
B161 868.0300 3896.3100 (101.87 14.24 1 1)
B162 1071.0700 475.0500 (45.27 4.68 1 3)
B163 812.4100 1722.5600 (23.42 17.91 1 3)
B164 839.9900 4080.0900 (68.67 6.17 3 2)
B165 280.6700 1056.4600 (99.97 8.11 1 2)
B166 85.9500 3687.7900 (8.39 59.52 2 3)
B167 630.6600 3052.3600 (46.88 36.25 3 3)
B168 552.4000 3910.6300 (34.94 76.41 1 1)
B169 1057.6300 3117.1000 (115.04 50.54 3 1)
B170 555.2500 2235.3200 (110.59 2.75 1 1)
B171 259.4900 2301.2400 (125.76 7.23 3 1)
B172 926.6900 4370.9600 (19.48 26.55 1 1)
B173 120.8500 3790.5800 (134.55 13.63 3 1)
B174 258.6900 5885.3900 (85.55 7.86 1 3)
B175 429.4200 4577.9400 (11.24 24.05 2 1)
B176 624.5300 1232.9300 (66.61 17.31 2 3)
B177 1020.4100 391.4900 (110.58 15.28 1 3)
B178 117.1300 1552.1700 (129.13 61.77 2 1)
B179 1137.6500 4715.9400 (41.05 76.47 2 2)
B180 154.6100 2381.0900 (127.51 6.32 2 1)
B181 844.6600 2576.2100 (47.32 43.00 1 2)
B182 604.8700 221.3900 (2.85 5.98 3 1)
B183 470.3500 1210.9400 (60.36 37.88 2 3)
B184 963.8800 1880.5000 (19.17 56.44 1 1)
B185 359.9500 3845.0200 (139.18 14.82 2 2)
B186 85.9500 4091.3300 (137.13 41.45 1 1)
B187 485.3400 5918.5400 (138.90 41.57 3 2)
B188 298.1400 3797.8700 (23.55 4.65 2 3)
B189 677.5000 3606.4700 (85.37 8.01 1 3)
B190 719.4000 5471.6800 (52.54 41.02 1 2)
B191 968.0600 1625.1200 (139.45 10.96 1 3)
B192 975.1100 4449.7400 (39.57 51.48 3 1)
B193 83.0100 5600.3000 (39.99 32.06 3 2)
B194 587.1300 1160.1800 (50.13 28.74 3 2)
B195 778.3500 1121.8200 (6.26 29.33 1 2)
B196 570.5500 5629.1800 (148.22 6.99 2 1)
B197 714.3800 3248.0800 (106.98 4.25 1 2)
B198 726.2200 5869.7600 (51.76 29.32 2 2)
B199 895.0400 2967.6000 (122.30 30.18 2 1)
B200 592.0600 2252.3900 (18.96 19.38 2 2)
B201 1022.0600 4924.7100 (17.45 5.17 1 1)
B202 157.8400 3242.9500 (95.35 41.73 1 1)
B203 1022.8700 1082.0300 (42.00 50.55 1 2)
B204 419.3800 4111.7700 (122.84 23.94 1 2)
B205 867.5100 3303.0000 (23.65 21.89 1 1)
B206 931.7300 4202.8100 (13.17 22.92 2 3)
B207 367.6200 608.5300 (119.15 8.03 2 2)
B208 1003.2200 5438.0500 (70.33 76.88 2 3)
B209 740.2600 711.7000 (28.91 71.67 1 2)
B210 330.4600 2649.4600 (11.47 17.21 1 3)
B211 607.9900 1043.6600 (34.90 58.77 2 1)
B212 769.1700 707.5100 (34.13 53.76 3 3)
B213 547.1000 5588.9300 (23.45 36.49 3 3)
B214 715.9900 2245.5100 (9.44 24.41 2 3)
B215 298.3400 1386.5500 (119.82 48.01 3 3)
B216 85.9500 4202.6600 (109.59 16.49 2 3)
B217 572.7300 4724.0100 (52.79 2.88 2 1)
B218 276.7500 5497.0400 (85.63 29.51 1 1)
B219 1067.2500 1000.5000 (11.90 77.73 1 3)
B220 94.3400 3944.1600 (90.40 4.36 3 2)
B221 153.8400 836.8700 (72.29 48.23 1 1)
B222 696.1900 3070.1700 (36.53 60.25 3 2)
B223 406.2700 501.4100 (86.95 44.80 2 2)
B224 0.0000 3822.7600 (11.10 56.79 2 1)
B225 558.2800 280.4000 (18.36 11.06 2 2)
B226 350.3700 2134.4500 (39.25 79.56 1 3)
B227 330.5900 126.5800 (67.38 17.99 3 2)
B228 275.4500 1179.4500 (8.32 75.25 2 1)
B229 531.6300 4312.2500 (76.24 29.89 2 1)
B230 247.1400 2552.9900 (11.01 21.08 3 3)
B231 222.1000 2892.0500 (69.58 4.99 1 1)
B232 992.6700 5633.3100 (13.00 50.89 2 2)
B233 173.2500 3072.3400 (112.43 3.40 2 2)
B234 996.1700 5684.2000 (8.72 72.74 2 3)
B235 992.4100 4296.5800 (20.26 56.96 1 2)
B236 42.4200 1013.7500 (15.71 24.30 3 3)
B237 276.4800 246.4900 (85.67 44.48 2 1)
B238 935.8700 2459.4200 (73.40 9.48 3 3)
B239 1022.0600 4903.1800 (23.75 21.53 2 2)
B240 564.4900 1491.4700 (40.56 19.35 3 2)
B241 552.4000 3841.6700 (54.63 68.96 1 2)
B242 800.6100 1961.0800 (81.66 77.26 1 3)
B243 1053.2900 3892.0700 (122.55 69.77 3 2)
B244 380.8800 4019.3800 (62.56 74.82 1 3)
B245 713.8700 1256.7400 (73.42 52.30 2 3)
B246 702.8400 4952.7700 (10.62 63.46 3 3)
B247 1096.4000 7.5600 (22.96 69.99 2 3)
B248 261.0400 907.6700 (91.21 12.43 2 3)
B249 169.2200 4693.3800 (42.01 41.94 1 1)
B250 802.4300 3338.0600 (65.08 5.00 2 3)
B251 340.1100 5591.7400 (46.98 16.83 2 3)
B252 731.6200 1992.6600 (68.99 53.97 3 3)
B253 910.0700 5639.1700 (9.04 4.92 2 2)
B254 603.2700 5020.6400 (71.40 67.07 3 2)
B255 206.7300 5295.6500 (74.88 19.79 1 2)
B256 972.1000 1752.9600 (79.54 22.11 3 3)
B257 1038.2900 4064.8300 (147.04 51.76 1 1)
B258 1050.7800 5900.2200 (92.81 34.82 1 3)
B259 1090.8800 2223.1000 (17.90 68.95 2 2)
B260 305.2000 4192.5700 (91.70 14.51 2 3)
B261 0.0000 3747.1200 (85.95 75.64 3 3)
B262 865.6500 3734.4800 (18.54 34.23 1 3)
B263 552.4000 4076.1300 (66.74 38.53 2 2)
B264 428.9700 6024.5300 (64.31 11.95 2 3)
B265 1048.9100 4008.1900 (63.11 9.95 2 1)
B266 720.2400 677.0000 (30.99 34.70 1 2)
B267 693.8200 1411.0200 (106.24 32.48 3 2)
B268 677.1800 5839.7700 (29.76 41.59 1 3)
B269 761.1300 813.1500 (60.52 62.89 2 1)
B270 972.1000 1711.7000 (130.37 41.26 2 3)
B271 174.8400 1993.4400 (30.44 27.40 2 2)
B272 610.3000 5785.7800 (147.33 53.99 2 2)
B273 371.8100 2646.6600 (118.88 23.27 3 3)
B274 548.2100 4260.6800 (15.76 9.53 2 3)
B275 266.2600 4892.5700 (24.47 44.93 3 3)
B276 617.2000 3671.9900 (100.52 29.55 2 3)
B277 1092.0300 4544.9900 (98.54 72.98 1 1)
B278 217.6300 3397.9400 (43.78 3.65 3 2)
B279 63.4500 1807.5800 (144.14 56.30 2 2)
B280 763.6200 5116.0200 (45.72 2.40 3 2)
B281 889.0800 2716.5800 (20.44 20.80 3 1)
B282 1022.8700 1227.9100 (44.51 46.97 3 3)
B283 76.4400 5870.4800 (117.40 17.30 1 1)
B284 1036.9300 2079.1300 (118.75 40.18 2 1)
B285 833.7600 5869.7600 (60.23 67.64 1 3)
B286 945.9100 1500.1000 (8.79 12.47 2 3)
B287 960.3400 3814.3000 (21.42 65.19 3 2)
B288 1059.8000 206.6300 (134.09 59.70 3 1)
B289 136.7800 82.4200 (7.91 50.35 2 2)
B290 452.8800 66.7600 (49.63 64.06 2 3)
B291 244.2400 3107.5500 (146.19 31.24 2 2)
B292 961.9700 1775.0700 (17.16 4.26 2 1)
B293 833.5400 784.6700 (27.16 2.97 3 3)
B294 330.4600 2646.6600 (25.73 2.80 2 2)
B295 91.5300 3564.0100 (105.55 5.85 3 1)
B296 725.2600 1467.3200 (40.17 18.94 3 2)
B297 624.4400 2238.0700 (65.80 38.12 2 1)
B298 660.6300 3606.4700 (16.87 65.52 2 2)
B299 508.2600 2610.3900 (148.41 26.56 2 2)
B300 219.6800 1721.7000 (148.32 51.14 3 3)
B301 752.0500 2389.5500 (90.35 18.53 1 3)
B302 786.7100 5194.7700 (45.86 52.38 2 3)
B303 980.4300 317.6200 (131.48 30.95 2 2)
B304 140.4300 797.0500 (104.32 29.32 2 2)
B305 631.4400 4283.1700 (2.83 21.17 3 2)
B306 1000.7000 5934.8100 (44.38 75.71 1 1)
B307 467.0500 4296.5400 (18.68 23.89 2 2)
B308 683.6300 4903.0100 (13.25 13.78 1 1)
B309 298.1400 3730.5400 (116.79 67.33 1 2)
B310 1129.8500 4928.0500 (59.98 61.94 3 3)
B311 217.1300 5947.3900 (91.41 55.93 3 3)
B312 673.9700 3553.1900 (72.39 45.52 3 3)
B313 1016.2900 1775.0700 (121.86 23.47 2 2)
B314 984.6400 4439.5500 (10.20 10.19 3 1)
B315 715.0500 5251.1400 (67.07 55.82 3 1)
B316 1042.2100 2826.8000 (44.63 42.93 3 3)
B317 1032.6600 447.4400 (80.99 27.61 3 3)
B318 567.9900 1606.9200 (35.71 53.85 3 1)
B319 868.0300 3888.3200 (108.64 7.99 1 1)
B320 688.2200 1538.3400 (130.01 20.53 3 1)
B321 374.7100 1147.5400 (78.49 28.64 2 1)
B322 802.7800 2669.0300 (17.12 25.62 3 3)
B323 185.6700 1488.9200 (69.23 47.89 3 2)
B324 505.6700 955.6800 (47.86 16.04 1 2)
B325 704.8800 1638.8500 (24.60 40.82 2 3)
B326 120.8500 3776.0200 (103.63 14.56 1 2)
B327 414.4300 157.5800 (10.07 76.22 2 1)
B328 288.0700 5356.7200 (62.59 67.01 3 1)
B329 981.5100 2766.3600 (69.77 37.62 3 2)
B330 1090.8800 2185.7600 (98.63 37.34 3 1)
B331 856.7000 4086.2600 (72.44 19.01 2 2)
B332 717.2100 5512.7000 (41.11 62.33 3 2)
B333 830.7500 696.6400 (91.27 42.05 3 1)
B334 171.2200 4653.9800 (119.03 4.33 1 2)
B335 474.7700 5625.1300 (61.42 12.25 1 2)
B336 428.2900 3934.4200 (111.84 5.20 1 2)
B337 180.4700 4521.4900 (91.46 47.60 2 1)
B338 495.6600 1779.2600 (66.03 29.27 1 1)
B339 139.9400 2593.0600 (22.42 16.93 3 2)
B340 813.1600 462.8500 (148.15 40.63 2 2)
B341 978.5100 674.0000 (92.56 41.55 3 2)
B342 1157.2200 3236.0900 (6.83 5.41 2 3)
B343 564.9400 1454.1800 (28.23 37.29 3 3)
B344 1108.8700 4182.0300 (58.50 33.28 2 1)
B345 567.6900 5573.8500 (128.27 15.08 3 1)
B346 1019.3400 2339.3200 (58.24 31.97 2 1)
B347 607.0300 3839.4300 (34.65 70.29 2 3)
B348 160.1800 4219.1500 (70.67 22.28 3 2)
B349 581.1700 3099.7300 (31.20 42.53 3 1)
B350 888.6400 3394.3700 (59.74 56.27 2 1)
B351 1103.9600 5118.6500 (76.34 77.56 1 3)
B352 406.1600 1457.6200 (68.27 67.33 3 2)
B353 713.4600 4952.7700 (50.16 26.44 1 3)
B354 868.4500 594.3600 (39.04 72.03 2 2)
B355 94.2800 6020.6200 (115.77 4.49 1 1)
B356 748.1700 46.7100 (42.87 74.66 1 3)
B357 31.0500 889.8700 (112.68 5.35 3 1)
B358 115.3200 1901.6600 (69.66 9.57 1 2)
B359 1042.2100 2869.7300 (21.21 39.08 3 1)
B360 285.4000 4544.6000 (144.02 68.23 3 1)
B361 708.4900 2474.7600 (139.59 10.69 2 3)
B362 757.6300 5839.2200 (136.99 30.54 2 3)
B363 678.4100 226.4700 (30.94 66.60 3 2)
B364 835.8300 1722.5600 (17.71 17.14 2 1)
B365 280.6700 1149.2900 (66.57 23.42 2 2)
B366 92.0500 1479.9500 (25.08 74.85 2 3)
B367 865.0400 153.0500 (146.56 45.68 3 3)
B368 169.1700 5573.0800 (79.02 3.90 1 1)
B369 106.8800 4219.1500 (53.30 27.72 1 2)
B370 1025.3700 2170.0700 (69.62 9.14 1 3)
B371 307.0900 4825.7500 (20.26 63.23 2 1)
B372 68.6400 4952.1500 (88.42 35.43 1 3)
B373 229.8700 4937.5000 (45.78 51.07 1 3)
B374 423.0200 2924.7400 (36.71 6.25 3 1)
B375 906.8600 3731.8400 (52.15 44.28 2 1)
B376 427.9700 1629.7700 (59.95 3.36 3 3)
B377 37.8000 4727.7300 (44.26 30.65 2 1)
B378 154.6100 2352.0900 (35.32 29.00 2 3)
B379 894.6200 5910.2300 (86.01 31.36 2 1)
B380 993.0500 2036.3500 (43.88 61.54 2 1)
B381 754.3200 4260.7800 (39.13 68.59 2 1)
B382 983.3100 61.0300 (50.65 36.71 3 1)
B383 130.1100 2892.0500 (91.99 35.60 3 3)
B384 640.3600 4681.4500 (145.98 32.69 2 1)
B385 966.4300 594.3600 (12.08 43.36 1 3)
B386 1048.9100 4018.1400 (12.30 31.71 3 1)
B387 76.4400 5887.7800 (76.57 56.48 2 3)
B388 307.0900 5042.7300 (45.44 4.03 1 1)
B389 740.2600 783.3700 (66.59 29.78 2 2)
B390 994.8300 2885.9700 (47.38 74.34 3 1)
B391 873.8200 878.1900 (65.26 53.57 3 3)
B392 863.6600 3776.1200 (118.16 38.18 3 3)
B393 491.3100 3175.4000 (147.11 21.67 3 3)
B394 754.3200 4329.3700 (94.61 25.21 2 2)
B395 827.9800 2667.4600 (107.95 49.12 3 2)
B396 860.2000 4209.9200 (14.41 55.34 1 2)
B397 512.4300 3491.3200 (41.30 26.26 1 3)
B398 764.0800 1842.1100 (64.71 68.48 3 2)
B399 1035.1400 1883.9300 (53.05 46.82 2 1)
B400 22.2200 1165.3700 (112.58 50.09 1 2)
B401 500.4100 4668.9900 (25.33 11.83 3 3)
B402 429.9900 2439.4900 (115.53 32.56 2 3)
B403 1050.7800 5935.0400 (46.97 57.66 3 1)
B404 581.4200 476.5500 (23.37 20.36 3 2)
B405 11.1000 4873.6100 (3.64 78.37 2 2)
B406 700.6700 813.3500 (60.46 56.86 3 1)
B407 562.4500 649.9200 (13.80 74.48 2 1)
B408 52.5400 5870.2700 (5.40 79.57 1 3)
B409 513.7600 5637.3800 (35.37 49.37 1 2)
B410 357.4700 2823.8800 (36.17 4.38 1 2)
B411 530.2000 4835.0300 (64.23 19.75 1 2)
B412 76.1500 836.8700 (47.62 50.96 1 3)
B413 418.9900 5591.7400 (69.92 33.39 1 2)
B414 128.8300 4443.8100 (107.41 36.91 2 2)
B415 618.2700 2376.1300 (29.88 11.51 3 1)
B416 499.1300 3776.7600 (56.22 64.91 3 1)
B417 944.8700 4770.5000 (102.66 57.36 1 2)
B418 555.2500 2252.3900 (36.81 43.90 2 1)
B419 733.5600 4076.4100 (25.46 53.30 2 2)
B420 495.3200 3290.5000 (63.51 57.52 2 2)
B421 276.4800 0.0000 (21.88 67.70 3 2)
B422 19.8100 4766.6300 (5.60 35.03 2 3)
B423 275.6500 5046.7600 (120.23 4.52 2 3)
B424 644.6900 5434.0200 (74.71 9.09 2 2)
B425 1042.2100 3011.3700 (119.00 13.07 2 1)
B426 833.7600 1421.6900 (13.91 65.23 3 3)
B427 870.6500 1753.6300 (26.83 62.62 1 1)
B428 363.7200 5249.4000 (83.69 21.87 1 3)
B429 217.6300 3367.1800 (100.47 30.76 1 2)
B430 459.8200 4266.7200 (71.81 8.08 1 2)
B431 252.0000 5084.0200 (47.57 38.06 3 2)
B432 42.4200 1003.9400 (53.97 9.81 3 3)
B433 576.4700 221.3900 (9.51 59.01 1 3)
B434 101.0500 3204.2500 (30.69 19.02 3 3)
B435 561.6900 1782.0500 (77.55 48.29 2 3)
B436 404.3500 2334.8900 (25.41 40.08 3 3)
B437 901.3100 3678.6600 (85.05 53.18 1 1)
B438 171.2200 4585.4500 (18.85 29.66 3 2)
B439 854.1500 4454.8600 (98.76 36.82 1 1)
B440 1038.2900 4116.5900 (120.92 17.00 1 2)
B441 325.3700 5925.9800 (76.83 23.44 1 2)
B442 420.6700 4680.8200 (122.18 52.78 2 2)
B443 1081.4700 1338.6900 (109.83 56.87 1 1)
B444 847.6100 2339.6900 (65.51 15.11 1 1)
B445 798.8300 2760.9800 (75.68 23.59 3 3)
B446 11.1000 3822.7600 (26.70 56.59 1 1)
B447 22.2200 69.7900 (9.12 25.77 1 2)
B448 656.8000 900.8200 (143.26 12.66 2 2)
B449 288.2500 4443.8100 (16.38 60.24 1 2)
B450 684.6800 3130.4200 (32.09 33.01 1 1)
B451 712.9500 598.6400 (143.25 78.36 2 1)
B452 169.1700 5648.0300 (94.53 14.36 1 2)
B453 118.4000 4480.7200 (122.50 21.50 2 1)
B454 530.0100 5998.4500 (88.80 68.12 1 1)
B455 1046.8800 1934.6900 (64.42 2.17 3 1)
B456 511.5600 1386.5500 (53.38 11.13 3 1)
B457 475.3500 1900.9400 (52.19 11.28 2 1)
B458 863.6400 2167.7000 (55.21 71.48 3 2)
B459 689.3400 1848.7100 (59.09 67.05 2 2)
B460 854.1500 4337.6500 (72.54 48.72 2 2)
B461 1037.4800 5028.5800 (32.68 65.33 3 2)
B462 1035.9800 3243.3000 (57.60 9.37 3 3)
B463 619.6600 5906.8400 (4.84 11.70 2 1)
B464 707.0300 4154.2600 (19.85 8.78 3 3)
B465 865.7200 1202.1500 (47.52 27.00 3 3)
B466 285.6800 2973.0900 (11.91 27.76 1 3)
B467 52.6700 5289.0800 (99.15 73.28 2 2)
B468 436.1600 3165.4700 (55.15 46.19 2 1)
B469 1032.8600 5253.3600 (117.96 13.65 3 2)
B470 882.2700 2021.9300 (110.78 20.50 3 3)
B471 414.9300 3731.2400 (26.01 48.22 3 2)
B472 105.5200 1992.2400 (63.45 70.87 1 2)
B473 184.5700 4357.0700 (52.32 41.05 1 1)
B474 529.8900 1665.4100 (24.08 7.62 3 3)
B475 401.0800 5898.8400 (62.90 19.83 2 2)
B476 652.6400 592.6000 (3.18 41.53 2 1)
B477 751.2300 677.0000 (15.10 18.66 2 2)
B478 36.5700 69.7900 (61.95 52.85 1 3)
B479 231.8100 4099.1200 (55.42 12.64 2 2)
B480 572.7500 2908.3000 (31.60 16.69 3 2)
B481 606.8400 1104.7100 (114.45 55.47 1 3)
B482 48.6600 1707.9000 (98.43 16.00 3 3)
B483 324.1800 1857.7700 (22.10 4.41 1 1)
B484 438.4800 1198.7400 (31.87 77.35 1 1)
B485 718.6700 4724.0100 (70.13 64.15 2 3)
B486 963.5800 3366.8700 (64.21 27.97 1 3)
B487 926.1700 3956.8700 (10.70 9.36 3 3)
B488 127.5800 3072.3400 (45.67 10.80 3 2)
B489 735.1700 1951.2900 (12.60 26.38 3 1)
B490 195.3900 2521.3000 (51.75 35.80 2 1)
B491 303.8100 2598.3200 (20.32 30.45 3 3)
B492 281.6400 4802.7100 (58.00 17.89 1 3)
B493 1103.9600 5196.2100 (25.94 2.62 1 3)
B494 948.3800 3484.8000 (87.09 4.36 2 1)
B495 610.1800 592.6000 (33.92 4.96 2 1)
B496 624.5300 1365.2800 (43.15 37.05 3 2)
B497 840.7600 2716.5800 (48.32 18.51 3 3)
B498 576.4700 204.1100 (101.94 17.28 1 3)
B499 3.9400 1314.9900 (44.72 4.01 2 2)
B500 746.6300 5765.1100 (118.11 6.25 1 3)
B501 340.1400 2366.4600 (19.73 16.74 1 2)
B502 605.0500 1454.1800 (83.17 63.64 1 3)
B503 847.6100 2295.2600 (84.81 44.43 1 2)
B504 225.5100 1792.3400 (115.57 5.23 3 1)
B505 298.3600 56.7700 (32.23 7.62 2 3)
B506 456.0800 4737.0300 (3.18 48.18 3 3)
B507 678.4100 204.1100 (135.40 22.36 3 1)
B508 139.9400 2688.3600 (82.79 13.91 2 3)
B509 733.5700 1309.0400 (108.81 4.02 1 1)
B510 516.5700 519.6800 (55.62 74.59 2 1)
B511 39.0900 5783.1000 (34.63 31.23 3 3)
B512 828.7900 1901.9700 (135.09 59.11 2 3)
B513 1090.8800 2179.2100 (98.63 6.55 3 3)
B514 982.3000 3070.0600 (142.28 47.04 1 2)
B515 961.3100 553.2500 (99.49 4.75 2 1)
B516 485.3400 5848.3000 (124.86 14.84 2 3)
B517 280.6700 1112.8100 (94.04 36.48 3 1)
B518 184.5700 4276.2900 (2.08 18.46 2 3)
B519 752.2400 3829.5600 (67.48 65.97 1 3)
B520 48.6600 1314.9900 (88.91 46.37 2 2)
B521 1045.0800 5900.2200 (5.70 66.49 3 2)
B522 58.1900 5950.1400 (112.78 18.43 1 3)
B523 510.4000 2745.9200 (62.46 37.26 1 3)
B524 579.3000 955.6800 (61.77 33.85 1 3)
B525 135.6500 5720.8600 (86.54 43.99 1 2)
B526 130.1100 2593.0600 (9.83 14.09 3 2)
B527 764.0800 1823.7400 (114.89 18.37 2 2)
B528 210.0300 2251.6000 (49.46 51.50 2 3)
B529 198.6900 1254.7000 (125.04 6.71 3 2)
B530 669.6500 4476.7300 (125.99 60.11 2 1)
B531 1061.9000 3314.8600 (7.00 68.29 3 3)
B532 379.9900 5169.1800 (35.44 53.70 2 2)
B533 190.3900 3670.6900 (102.70 16.29 3 2)
B534 173.3600 123.2400 (45.80 73.25 2 2)
B535 58.1900 5944.2600 (144.80 5.88 3 2)
B536 31.3400 604.5000 (127.15 60.26 2 1)
B537 575.7400 3389.5400 (47.85 7.13 2 2)
B538 713.4700 735.0800 (26.79 27.70 3 1)
B539 202.4900 5796.0500 (56.20 17.93 2 1)
B540 977.3700 5559.9700 (59.92 73.34 1 1)
B541 981.6500 490.2600 (24.58 62.99 2 2)
B542 845.9000 5290.2300 (34.88 69.77 1 3)
B543 1014.6800 4544.9900 (33.57 48.40 3 1)
B544 950.7300 4944.6600 (52.30 73.78 2 2)
B545 467.0500 4274.8000 (2.23 21.74 2 2)
B546 73.7200 5783.1000 (57.68 36.45 2 3)
B547 169.1700 5628.0900 (111.64 19.94 3 3)
B548 395.0000 3591.2100 (117.43 62.58 1 2)
B549 210.2000 2598.3200 (93.61 73.29 1 2)
B550 868.5200 3688.7900 (32.79 36.15 1 3)
B551 63.4500 1723.9000 (12.26 79.20 3 2)
B552 980.0300 3318.8800 (79.35 12.98 2 1)
B553 677.8700 3318.6000 (38.78 6.17 3 3)
B554 1149.2500 1395.5600 (3.39 35.43 2 2)
B555 870.6500 1736.1200 (91.32 17.51 2 2)
B556 438.5600 3672.3800 (81.97 58.86 1 1)
B557 619.1800 3737.7000 (109.02 61.68 2 3)
B558 210.0300 2127.7600 (140.34 28.79 1 3)
B559 185.6700 1420.6400 (112.67 24.11 1 3)
B560 868.4500 520.2100 (5.84 43.15 1 2)
B561 263.0600 5662.3900 (19.57 54.57 1 1)
B562 435.2000 5960.1100 (61.95 64.42 3 2)
B563 391.4200 501.4100 (12.98 36.69 3 3)
B564 240.9000 4476.9000 (39.43 44.59 3 2)
B565 240.4700 989.0400 (28.62 13.64 2 1)
B566 403.2600 5790.6600 (20.45 37.29 3 2)
B567 815.0100 3394.3700 (73.63 78.77 3 2)
B568 978.5100 594.3600 (2.35 12.16 2 2)
B569 637.2600 1179.3200 (141.09 3.05 3 1)
B570 572.7500 2876.5200 (148.42 17.28 3 2)
B571 859.3400 9.4900 (126.21 51.54 2 1)
B572 1054.3500 4651.0500 (12.99 26.58 3 1)
B573 566.4300 3701.5400 (104.15 3.05 2 1)
B574 643.4800 4797.3100 (131.50 55.83 2 1)
B575 393.7100 3107.7100 (8.33 4.33 1 3)
B576 440.9400 3731.2400 (129.52 45.52 3 3)
B577 528.9700 4371.6700 (33.44 53.34 2 3)
B578 913.2400 1207.2000 (67.81 10.77 3 1)
B579 157.0600 5002.5300 (49.77 15.15 1 1)
B580 968.0600 1500.1000 (6.05 10.96 3 1)
B581 792.3600 2730.2200 (6.47 26.11 3 2)
B582 298.3400 1322.9900 (140.14 3.04 1 3)
B583 508.0100 2924.7400 (61.44 62.09 1 3)
B584 548.2100 4270.2100 (56.23 42.04 1 1)
B585 330.4600 2598.3200 (14.45 30.97 2 2)
B586 171.2200 4615.1100 (110.28 38.87 2 2)
B587 839.9900 4072.5800 (135.70 7.51 1 1)
B588 647.3800 5106.6800 (16.14 27.17 2 1)
B589 983.0500 1930.7500 (105.52 3.94 2 2)
B590 882.2700 1961.0800 (2.34 58.88 1 1)
B591 768.0700 2694.6500 (43.63 18.78 2 3)
B592 704.8800 1679.6700 (34.68 26.18 3 1)
B593 184.5700 4316.9200 (38.96 40.15 1 1)
B594 1071.0700 479.7300 (7.60 40.91 1 1)
B595 526.1900 971.7200 (53.11 21.86 1 3)
B596 48.6600 1723.9000 (14.79 76.18 1 1)
B597 963.7900 2577.3100 (68.22 65.34 3 2)
B598 308.3300 553.2900 (8.29 71.65 2 2)
B599 155.3400 243.7500 (36.64 8.83 3 2)
B600 1063.4200 2934.7100 (79.45 76.66 1 1)
B601 999.2200 4244.5000 (134.58 52.08 3 1)
B602 288.0700 5321.5000 (29.69 35.22 3 3)
B603 834.9400 4678.9500 (101.40 35.49 3 1)
B604 835.4500 2295.2600 (9.01 15.55 3 1)
B605 60.4800 5261.2900 (141.50 3.90 2 2)
B606 1066.7000 4407.2400 (98.93 68.08 1 2)
B607 39.0900 5532.1200 (3.22 35.36 1 1)
B608 73.0100 5223.6900 (44.18 6.71 3 1)
B609 37.8000 4436.7000 (38.24 75.86 1 3)
B610 344.9100 2642.1900 (66.53 4.47 1 1)
B611 458.8800 971.7200 (67.31 34.13 2 3)
B612 817.9800 2358.4400 (96.96 22.86 2 3)
B613 177.3600 2220.5100 (12.51 43.04 1 2)
B614 998.0300 1500.1000 (58.05 58.33 3 1)
B615 1003.7700 4675.8200 (43.36 17.32 1 3)
B616 982.3000 3063.1200 (51.58 6.94 3 3)
B617 697.1900 305.4700 (36.29 25.43 1 3)
B618 561.6900 1848.7100 (127.65 12.24 3 1)
B619 290.3100 5702.6400 (38.52 48.04 3 2)
B620 895.0400 2894.4700 (99.79 73.13 2 1)
B621 496.7600 2524.6700 (6.15 54.14 3 1)
B622 780.5800 3160.1000 (36.98 11.12 2 1)
B623 231.7500 2125.5900 (60.55 2.17 2 1)
B624 199.8900 4892.5700 (66.37 30.90 2 1)
B625 1016.2900 1883.9300 (18.85 24.26 2 2)
B626 892.7300 2792.9100 (88.78 30.30 2 3)
B627 1055.9300 3252.6700 (88.18 12.91 2 3)
B628 583.4900 1700.3400 (53.39 60.87 2 3)
B629 428.2900 3939.6200 (13.37 46.69 1 1)
B630 313.4100 3397.9400 (136.46 14.84 2 3)
B631 901.6100 2823.2100 (137.78 18.24 3 1)
B632 139.9400 2834.5800 (82.44 4.53 2 3)
B633 980.4300 294.8100 (79.61 22.81 2 3)
B634 603.2700 4988.5600 (96.62 8.89 3 1)
B635 817.9800 2381.3000 (82.37 8.25 3 2)
B636 36.5700 133.7000 (26.17 62.72 3 3)
B637 345.3900 3953.4600 (82.90 43.76 2 1)
B638 841.5200 3888.3200 (22.83 6.84 3 3)
B639 849.3500 2503.5200 (77.19 23.86 3 3)
B640 237.4200 5249.4000 (126.30 29.05 3 2)
B641 495.6600 1713.1600 (87.83 18.56 2 2)
B642 932.4200 2196.6500 (65.21 70.02 3 3)
B643 138.1600 2352.0900 (10.43 75.48 3 2)
B644 774.9600 4855.0300 (6.20 43.19 1 3)
B645 729.4800 1638.8500 (117.22 8.08 1 2)
B646 198.5200 2927.6500 (47.48 60.14 3 2)
B647 328.8500 4820.6000 (59.55 33.87 2 2)
B648 1067.2500 1078.2300 (122.51 64.13 3 3)
B649 294.0600 3442.9200 (32.21 12.45 1 2)
B650 500.4100 4636.2200 (128.86 32.77 1 3)
B651 323.5000 3455.3700 (70.05 48.76 2 3)
B652 1133.8200 1227.9100 (36.63 69.39 3 2)
B653 715.5700 1160.1800 (43.97 12.81 2 1)
B654 567.9900 1582.8200 (18.81 24.10 2 1)
B655 925.8800 997.1000 (100.17 17.39 2 3)
B656 281.6400 4825.7500 (25.45 57.91 3 2)
B657 555.2500 2296.2900 (63.02 37.44 1 1)
B658 493.3300 890.0800 (109.65 65.60 2 1)
B659 963.8800 1820.2600 (52.41 11.61 2 1)
B660 542.8500 4687.5800 (78.32 9.23 2 3)
B661 134.7900 4797.5200 (149.29 5.19 2 3)
B662 792.3600 2713.4300 (26.80 16.79 3 1)
B663 1078.4300 2869.7300 (31.81 10.74 3 1)
B664 78.4300 3284.8900 (13.10 74.86 2 2)
B665 90.9700 5362.3600 (2.86 20.43 3 3)
B666 68.6400 4878.8900 (93.15 73.26 2 1)
B667 733.5700 1342.9000 (143.72 63.70 1 1)
B668 618.2700 2348.9700 (88.77 27.16 1 3)
B669 714.4300 2348.9700 (35.02 12.21 3 3)
B670 0.0000 5462.2200 (24.77 29.36 1 1)
B671 806.8800 3895.5300 (26.22 48.10 3 2)
B672 85.9500 4132.7800 (70.02 69.88 2 3)
B673 195.3900 2557.1000 (14.81 10.19 2 3)
B674 131.4000 5786.4200 (98.70 9.63 1 2)
B675 647.1400 305.4700 (50.05 46.54 1 3)
B676 700.6700 876.0400 (132.87 11.04 1 2)
B677 713.6800 4136.3100 (49.64 17.95 2 1)
B678 1031.2400 102.0200 (28.56 15.23 3 2)
B679 1020.4100 406.7700 (96.05 2.24 1 1)
B680 380.6400 1056.4600 (47.46 30.30 1 3)
B681 706.9400 5839.7700 (19.28 27.62 2 3)
B682 1026.0500 903.7100 (42.65 4.01 1 1)
B683 984.5700 934.3500 (27.34 62.75 1 2)
B684 708.4900 2500.6300 (14.21 71.59 1 3)
B685 445.7100 2930.9900 (62.30 54.38 3 2)
B686 377.4500 824.0300 (115.88 51.27 1 2)
B687 696.1900 3052.3600 (8.09 9.81 3 2)
B688 31.0500 1059.1400 (27.58 70.14 3 2)
B689 85.9500 4219.1500 (20.93 65.28 1 2)
B690 214.4700 2702.3300 (115.99 2.49 1 2)
B691 423.0200 2869.0700 (50.47 16.19 3 1)
B692 572.7500 2893.8000 (47.45 14.50 1 3)
B693 620.3900 1630.1900 (122.12 8.66 3 2)
B694 252.0000 5129.9000 (13.46 64.97 3 3)
B695 485.3400 5839.7700 (134.32 8.53 2 2)
B696 623.5600 3909.7200 (27.59 66.12 1 3)
B697 833.1000 3888.3200 (8.42 14.67 2 2)
B698 775.4900 2784.5700 (92.77 39.08 3 2)
B699 588.0600 2372.0800 (4.32 23.71 3 3)
B700 1067.2500 1142.3600 (72.79 69.00 2 2)
B701 673.9700 3464.8800 (116.52 31.04 1 1)
B702 225.5100 1797.5700 (73.90 24.24 1 3)
B703 564.9400 1411.0200 (114.23 10.35 3 3)
B704 1063.4200 2869.7300 (15.01 64.98 1 1)
B705 549.1300 5636.1700 (59.41 15.55 3 1)
B706 435.3900 1093.2400 (80.38 54.30 2 3)
B707 440.3300 138.8800 (58.29 8.41 3 1)
B708 318.1000 3323.8600 (50.19 23.72 3 1)
B709 561.6900 1779.2600 (143.13 2.79 3 3)
B710 158.2000 4772.6200 (102.10 24.90 3 2)
B711 257.7700 4223.8200 (95.88 72.01 2 1)
B712 985.5500 0.0000 (39.76 31.79 1 3)
B713 624.5300 1330.4100 (89.34 34.87 3 2)
B714 367.6200 546.2100 (67.28 62.32 2 3)
B715 952.0800 3410.3100 (7.15 17.30 2 3)
B716 965.3000 1636.0800 (110.30 75.62 2 3)
B717 943.8200 2473.6400 (92.93 58.78 1 3)
B718 746.3600 3558.6400 (40.25 6.15 1 3)
B719 391.4200 450.2900 (113.50 51.12 1 2)
B720 211.2300 4707.7600 (56.19 64.86 1 2)
B721 953.4200 3943.8400 (47.27 77.01 2 2)
B722 374.7100 1112.8100 (60.68 13.79 3 3)
B723 949.3500 840.5100 (39.45 57.06 1 1)
B724 956.1500 4295.7000 (18.96 48.15 3 3)
B725 395.0000 3653.7900 (133.20 10.22 3 2)
B726 668.2600 6027.5900 (149.66 11.61 2 3)
B727 131.4000 5783.1000 (130.96 3.32 1 3)
B728 431.9300 4514.8000 (56.66 45.23 1 1)
B729 1068.9000 3314.8600 (16.67 37.15 3 2)
B730 708.9500 2046.6300 (91.88 59.18 3 2)
B731 232.2200 1291.3900 (2.31 67.51 1 2)
B732 1013.2100 4210.9300 (95.66 28.80 1 1)
B733 634.2700 4283.1700 (16.09 46.10 1 1)
B734 130.1100 2550.8800 (55.82 42.18 1 3)
B735 217.1300 5912.9900 (4.45 12.06 2 2)
B736 865.6600 1287.2000 (94.05 10.45 1 3)
B737 1099.0100 3575.3300 (22.99 79.18 1 3)
B738 532.3300 205.3300 (19.22 46.65 2 3)
B739 78.4300 3619.6600 (63.94 56.33 2 3)
B740 873.8200 738.6900 (65.97 49.28 2 3)
B741 121.3800 1693.7500 (119.54 5.36 3 3)
B742 327.3500 4854.4700 (55.48 7.24 3 3)
B743 1011.6000 97.7400 (79.61 4.28 1 3)
B744 716.7700 3131.2400 (37.39 65.46 2 1)
B745 85.9500 4009.9900 (111.30 10.51 3 1)
B746 57.0100 5674.4400 (8.45 6.80 2 3)
B747 199.4800 3075.7400 (132.83 5.34 2 1)
B748 1112.2600 4617.9700 (46.22 35.94 2 1)
B749 37.8000 4284.4300 (79.49 77.60 3 1)
B750 689.8800 4409.4500 (22.27 60.29 2 2)
B751 824.1200 1646.9300 (141.18 47.83 1 2)
B752 134.7900 4802.7100 (65.10 76.18 3 1)
B753 967.6500 5782.5100 (77.49 20.74 3 1)
B754 568.7900 4956.7500 (90.48 31.81 3 2)
B755 490.6900 2642.1900 (91.99 2.01 3 3)
B756 800.8300 2038.3400 (79.05 64.60 3 3)
B757 1164.0500 3236.0900 (7.96 24.87 3 3)
B758 786.3400 4564.0200 (48.60 62.75 3 3)
B759 876.5400 4946.8200 (43.44 76.63 2 1)
B760 676.1000 189.2400 (130.61 14.87 1 1)
B761 529.1500 145.5500 (45.66 38.26 3 2)
B762 975.1100 4295.7000 (9.53 48.90 3 1)
B763 619.1400 4076.1300 (94.54 24.33 3 3)
B764 688.2200 1558.8700 (81.21 65.09 1 1)
B765 169.1700 5609.1300 (86.91 18.96 3 1)
B766 396.2200 1770.8400 (6.89 32.19 3 3)
B767 824.1200 1694.7600 (113.93 27.80 3 1)
B768 963.8800 1831.8700 (8.98 48.63 2 3)
B769 493.3300 824.0300 (6.21 54.87 1 1)
B770 968.0600 1571.7300 (144.57 53.39 1 3)
B771 619.6600 5839.7700 (29.42 67.07 3 3)
B772 1026.0500 843.6300 (134.23 27.40 2 1)
B773 539.4600 440.0400 (69.41 36.51 3 2)
B774 511.9700 5252.6200 (88.82 55.43 1 3)
B775 186.3100 2823.8800 (72.91 10.70 1 3)
B776 282.4000 1510.5600 (113.82 4.09 3 1)
B777 649.0800 5839.7700 (28.10 51.36 3 3)
B778 380.8800 3997.2200 (80.01 22.16 2 3)
B779 327.3500 4861.7100 (39.40 56.98 3 2)
B780 388.4000 4758.2000 (67.68 24.67 3 2)
B781 404.3500 2281.4900 (81.58 53.40 3 2)
B782 759.8000 2900.8700 (135.24 4.90 3 3)
B783 656.6700 2610.3900 (17.21 35.74 2 3)
B784 552.4000 3987.0400 (37.78 38.01 2 2)
B785 39.0900 5600.3000 (43.92 74.14 3 1)
B786 932.4200 2266.6700 (50.70 30.18 3 1)
B787 529.2400 3348.0200 (46.50 40.89 1 1)
B788 390.4300 3050.7300 (86.97 33.95 3 1)
B789 186.3100 2712.2700 (12.66 73.80 3 3)
B790 882.9500 61.0300 (100.36 61.29 2 1)
B791 247.1400 2521.3000 (104.22 13.74 3 3)
B792 367.7500 3165.4700 (68.41 68.47 3 1)
B793 240.9200 1665.6100 (62.49 56.09 2 1)
B794 244.2400 3138.7900 (149.47 22.84 1 2)
B795 643.4800 4903.0100 (40.15 53.74 3 1)
B796 907.6900 4589.5000 (88.75 3.05 2 2)
B797 1051.2800 2616.6300 (16.98 65.26 1 3)
B798 895.0400 2997.7800 (115.19 57.70 2 3)
B799 367.6200 616.5600 (96.24 40.58 1 3)
B800 639.2400 1836.5700 (55.67 12.14 1 1)
B801 185.6700 1474.4900 (59.32 14.43 2 2)
B802 542.2200 4184.4100 (89.22 9.26 3 3)
B803 592.3800 2417.8300 (82.42 74.68 1 1)
B804 710.9700 735.0800 (2.50 41.48 3 2)
B805 868.0000 2619.2100 (75.82 4.28 1 1)
B806 94.3400 3853.8100 (23.66 49.07 1 1)
B807 679.6700 2405.1800 (46.85 60.14 1 3)
B808 966.4300 726.3800 (25.22 12.51 1 3)
B809 830.7500 677.0000 (37.70 19.64 2 1)
B810 515.7700 1089.5800 (41.36 19.70 3 1)
B811 1042.2100 2908.8100 (4.81 32.10 1 3)
B812 860.2000 4265.2600 (32.90 72.39 3 3)
B813 994.8600 602.0600 (62.95 71.94 1 1)
B814 377.4500 967.6500 (15.27 72.13 3 3)
B815 1053.2900 3878.7700 (20.32 13.30 2 1)
B816 168.9700 2020.8400 (21.33 70.53 3 3)
B817 83.0100 5632.3600 (52.64 29.92 1 3)
B818 436.7100 61.1300 (16.17 34.06 2 2)
B819 436.7100 95.1900 (3.62 33.84 1 1)
B820 39.0900 5831.0200 (13.45 27.44 1 3)
B821 362.9700 5846.5500 (80.72 52.29 2 2)
B822 155.2300 724.8200 (30.24 72.23 1 2)
B823 207.8900 4141.6500 (97.31 13.08 2 1)
B824 704.0000 551.5100 (132.18 47.13 3 3)
B825 696.2200 5690.1300 (89.65 48.11 1 3)
B826 42.3100 5532.1200 (62.42 68.18 2 1)
B827 382.8300 4999.9500 (60.60 9.76 2 3)
B828 1059.3800 3265.5800 (70.14 49.28 2 3)
B829 1021.7600 5098.6900 (106.74 19.96 1 1)
B830 137.5700 1131.1100 (143.10 38.46 2 1)
B831 261.0400 920.1000 (82.22 68.94 2 2)
B832 201.2600 5329.0200 (70.29 30.93 1 2)
B833 577.2500 2100.0000 (129.06 24.69 2 1)
B834 427.9700 1633.1300 (94.59 32.24 1 2)
B835 752.0500 2408.0800 (52.24 44.53 3 2)
B836 139.9400 2702.2700 (74.53 10.00 3 2)
B837 177.3600 2303.1000 (53.53 19.66 1 1)
B838 476.9900 40.3200 (78.75 26.44 1 1)
B839 418.1600 1407.8300 (146.33 49.79 1 2)
B840 1048.9100 3985.8400 (81.09 22.35 3 2)
B841 78.4300 3223.2700 (42.60 22.85 2 2)
B842 922.8000 3591.9100 (46.37 50.03 2 1)
B843 283.2900 1261.4100 (8.93 8.43 3 3)
B844 812.4100 1816.2500 (70.31 7.49 3 1)
B845 1011.2000 3922.3400 (25.02 73.20 1 3)
B846 253.1900 3239.1800 (7.92 39.07 1 2)
B847 362.3800 5497.0400 (84.05 46.75 2 3)
B848 787.2900 1247.9500 (78.43 39.25 3 3)
B849 879.8800 2056.5000 (101.14 4.12 2 3)
B850 653.0000 4536.8400 (41.36 67.06 1 1)
B851 356.1900 2646.6600 (15.62 65.57 3 3)
B852 125.4200 724.8200 (29.81 5.53 1 3)
B853 231.7500 2096.6300 (89.02 28.96 1 1)
B854 757.6300 5794.6400 (68.67 44.58 2 2)
B855 243.1000 313.9900 (13.29 17.70 3 1)
B856 276.4800 227.4500 (125.66 19.04 1 1)
B857 922.8000 3492.4300 (83.68 39.33 3 3)
B858 231.8100 4024.8300 (12.45 74.29 2 1)
B859 699.5500 5443.1100 (17.66 65.62 3 1)
B860 707.0300 4163.0400 (144.80 50.38 3 3)
B861 254.9000 1514.6500 (141.14 15.30 3 3)
B862 276.7500 5526.5500 (8.43 18.69 2 3)
B863 984.6400 4407.2400 (82.06 32.31 1 3)
B864 1032.6600 409.0100 (138.30 38.43 2 3)
B865 377.4500 942.1900 (38.20 25.46 2 3)
B866 546.9500 751.2700 (95.63 59.69 3 1)
B867 688.3300 5933.3900 (48.11 34.73 1 2)
B868 625.5200 4724.0100 (93.15 47.61 3 2)
B869 91.5300 3284.8900 (13.54 69.54 2 2)
B870 1036.9300 2036.3500 (20.27 42.78 2 3)
B871 1129.8500 4989.9900 (29.85 25.46 2 3)
B872 1085.6900 945.0100 (16.07 64.04 2 3)
B873 892.5600 3188.4200 (110.47 48.07 3 3)
B874 192.9400 3877.0600 (115.19 37.30 3 3)
B875 1022.0600 5000.9300 (82.42 24.37 3 1)
B876 263.4400 1599.4000 (102.20 58.35 1 3)
B877 1044.9800 1798.5400 (9.64 39.40 2 1)
B878 127.5400 5179.6600 (79.19 48.40 3 3)
B879 821.3600 3188.4200 (71.20 22.58 2 1)
B880 526.8300 2339.5200 (88.27 19.59 1 2)
B881 39.0900 5764.8500 (144.68 18.25 1 1)
B882 945.9100 1454.1200 (5.27 26.68 1 3)
B883 907.6900 4551.7000 (25.72 37.80 3 3)
B884 517.4000 2015.1000 (76.32 7.84 3 2)
B885 147.0900 1699.1100 (72.59 35.63 2 1)
B886 533.2800 3170.1800 (7.14 5.04 3 1)
B887 759.8000 2905.7700 (107.06 15.96 2 3)
B888 728.3200 0.0000 (25.32 46.71 2 3)
B889 367.7500 3233.9400 (83.16 9.70 2 3)
B890 669.6500 4469.7400 (33.60 6.99 1 1)
B891 90.9700 5452.3900 (88.64 8.95 2 1)
B892 710.2900 1623.9600 (123.15 4.54 3 2)
B893 721.2900 1075.2400 (105.64 46.58 1 1)
B894 319.6600 1488.2300 (75.84 22.33 1 3)
B895 865.0400 76.6000 (4.48 57.24 2 2)
B896 873.8200 787.9700 (92.61 52.54 3 3)
B897 463.8600 697.5700 (80.72 46.94 2 2)
B898 575.7400 3362.2500 (19.58 27.29 1 1)
B899 785.8700 5716.7500 (76.36 39.53 2 1)
B900 395.0000 3664.0100 (86.35 8.37 1 3)
B901 833.4400 1529.4300 (134.62 17.03 2 2)
B902 31.0500 1038.0500 (68.17 21.09 2 3)
B903 205.1700 3686.9800 (92.97 56.59 3 1)
B904 708.4900 2572.2200 (91.81 49.02 2 1)
B905 642.8900 1050.9500 (140.53 16.26 1 1)
B906 1158.4800 4617.9700 (12.39 28.98 1 2)
B907 199.8900 4871.3800 (67.20 21.19 2 3)
B908 977.3700 5514.9300 (90.12 45.04 3 1)
B909 406.8600 1773.3100 (60.51 69.41 3 2)
B910 560.6500 4629.1500 (137.29 7.07 3 3)
B911 200.7700 1070.1600 (3.86 60.95 1 2)
B912 462.1200 2271.6100 (26.46 9.88 2 1)
B913 145.0200 296.1500 (70.34 15.64 3 2)
B914 260.2000 5893.2500 (39.69 9.42 2 1)
B915 946.5700 4210.9300 (66.64 4.19 3 2)
B916 631.4400 4213.4200 (83.94 69.75 3 1)
B917 966.4300 738.8900 (134.65 40.12 3 1)
B918 1029.0600 3171.1100 (90.92 13.06 2 1)
B919 990.7100 3055.4800 (95.03 7.64 1 3)
B920 458.8800 1027.5000 (136.24 2.04 3 2)
B921 440.3300 147.2900 (88.82 66.81 3 2)
B922 603.2700 4997.4500 (96.47 23.19 2 1)
B923 862.2300 5715.3300 (115.14 28.27 2 1)
B924 689.0600 2215.3200 (94.81 5.26 3 1)
B925 572.7300 4726.8900 (18.04 12.85 2 1)
B926 362.4600 3261.4100 (79.40 7.04 2 1)
B927 790.7700 349.2100 (73.91 20.25 2 3)
B928 844.9600 4785.4100 (85.93 32.92 1 1)
B929 795.8300 226.4700 (34.74 27.57 2 2)
B930 656.6700 2830.8900 (21.04 40.71 3 3)
B931 544.5800 697.5700 (2.37 6.14 2 3)
B932 75.7100 1778.3000 (16.19 29.28 2 1)
B933 296.0300 2406.2900 (34.49 3.63 2 1)
B934 63.4500 1863.8800 (31.48 9.70 3 1)
B935 22.2200 1129.2800 (46.69 36.09 3 3)
B936 125.4200 722.1100 (65.67 2.71 1 2)
B937 214.4700 668.5200 (96.90 22.09 3 1)
B938 179.6100 5423.9000 (21.65 56.32 2 2)
B939 707.0100 1443.5000 (116.76 23.82 2 3)
B940 534.3800 2201.1300 (113.60 34.19 1 2)
B941 357.4700 2869.0700 (65.55 60.07 3 2)
B942 673.8800 2669.0300 (128.90 11.85 2 3)
B943 1021.7600 5118.6500 (82.20 37.38 3 1)
B944 357.6000 4223.6900 (27.28 38.41 2 2)
B945 926.0900 5226.0300 (5.73 12.39 3 2)
B946 500.4100 4596.8900 (11.26 29.13 1 2)
B947 564.9400 1421.3700 (128.88 32.81 1 2)
B948 889.0700 1816.2500 (99.00 4.01 1 1)
B949 169.1700 5560.1800 (112.66 12.90 2 2)
B950 708.0200 4555.6200 (92.98 8.40 1 1)
B951 499.5400 837.7900 (50.09 52.29 2 1)
B952 238.6700 2169.5600 (7.46 48.82 3 1)
B953 347.2400 1243.3600 (8.54 10.91 2 1)
B954 1101.0800 543.6300 (25.37 71.68 2 1)
B955 986.3600 3653.6800 (18.89 26.38 2 2)
B956 393.7100 3084.6800 (121.13 23.03 2 3)
B957 31.3400 389.8000 (14.71 16.45 2 1)
B958 1119.9800 3167.6400 (70.16 54.34 3 3)
B959 512.4300 3521.8500 (135.73 52.80 3 3)
B960 118.4000 4658.3100 (141.99 29.69 3 1)
B961 907.6900 4592.5500 (95.73 12.85 2 2)
B962 992.6700 5684.2000 (3.50 49.81 2 1)
B963 262.5700 2277.6100 (85.30 23.63 1 3)
B964 502.5100 100.3100 (121.50 38.60 3 1)
B965 153.8400 885.1000 (66.58 53.02 1 3)
B966 1045.1400 5780.8800 (54.02 41.45 2 1)
B967 465.7600 2488.0900 (122.30 10.12 2 3)
B968 906.8400 5782.5100 (9.86 4.11 2 2)
B969 388.4000 4977.5100 (47.48 22.44 2 1)
B970 453.2000 1172.8000 (111.83 25.94 3 2)
B971 696.2200 5772.9400 (15.66 12.84 1 3)
B972 144.7600 333.7200 (67.91 47.83 2 2)
B973 1083.4600 5443.6300 (76.19 78.78 2 1)
B974 793.4500 4260.7800 (40.65 14.03 1 1)
B975 899.4400 3641.9400 (63.32 24.78 3 1)
B976 288.2500 4511.7100 (143.68 28.61 1 3)
B977 195.3900 2671.6100 (26.34 16.75 1 1)
B978 652.6400 634.1300 (60.31 8.58 1 1)
B979 259.6600 2858.6000 (97.81 26.12 1 1)
B980 440.3300 214.1000 (23.76 16.45 2 1)
B981 641.6800 3824.4300 (58.15 68.64 3 3)
B982 999.8700 1294.0500 (81.60 31.76 3 2)
B983 996.1700 5756.9400 (49.34 23.94 1 3)
B984 688.3300 5929.8900 (145.43 3.50 1 1)
B985 963.5800 3394.8400 (98.32 25.92 2 2)
B986 839.8800 5528.0700 (41.93 49.19 3 3)
B987 511.9700 5308.0500 (80.10 45.42 2 1)
B988 619.1800 3799.3800 (133.06 25.05 2 1)
B989 0.0000 0.0000 (3.94 46.55 1 3)
B990 981.8200 2119.0100 (43.55 65.04 2 2)
B991 459.8500 2131.1200 (117.40 70.01 3 2)
B992 396.6400 3268.4500 (10.49 29.78 3 3)
B993 184.9800 1921.2300 (85.97 4.02 1 3)
B994 76.1500 776.6500 (64.28 32.44 2 2)
B995 341.9300 2759.7300 (64.98 19.57 3 1)
B996 758.3200 5588.0100 (48.76 60.90 2 1)
B997 588.0600 2359.1100 (21.51 12.97 3 1)
B998 94.3400 3817.4100 (144.42 18.51 3 1)
B999 177.3600 2322.7600 (46.49 26.61 3 2)
B1000 1092.0300 4617.9700 (20.23 28.19 1 3)
B1001 118.4000 4502.2200 (62.07 68.05 1 3)
B1002 393.7100 3135.1700 (139.57 30.30 1 1)
B1003 345.3900 3886.0600 (26.82 67.40 3 1)
B1004 39.0900 5949.8400 (17.32 27.07 2 3)
B1005 52.6700 5191.0200 (5.26 48.69 3 2)
B1006 138.1600 2349.3700 (97.76 2.72 2 2)
B1007 931.7300 4189.5700 (14.84 13.24 2 1)
B1008 827.9800 2716.5800 (12.78 36.06 2 1)
B1009 651.7200 3432.8300 (97.69 32.05 1 1)
B1010 975.6900 4020.8500 (12.13 44.01 1 1)
B1011 547.1000 5508.0000 (20.59 31.69 2 1)
B1012 993.0500 2021.9300 (79.02 14.42 2 2)
B1013 572.1900 476.5500 (9.23 56.36 2 3)
B1014 514.3800 5116.0000 (133.00 6.70 3 2)
B1015 260.9000 4024.8300 (119.98 8.00 2 3)
B1016 961.3100 490.2600 (20.34 48.14 1 1)
B1017 1059.2600 3654.5100 (120.84 48.92 3 2)
B1018 604.7900 543.0700 (66.42 9.50 1 1)
B1019 338.9300 3504.1300 (78.73 7.96 1 1)
B1020 1025.3700 2119.3100 (113.21 50.76 3 3)
B1021 1004.8900 5684.2000 (41.44 44.78 1 3)
B1022 734.5800 3677.3300 (133.94 49.46 2 1)
B1023 58.1900 5968.5700 (37.79 30.75 1 3)
B1024 551.5500 205.3300 (6.73 23.96 3 1)
B1025 725.2800 3196.7000 (55.30 10.25 3 3)
B1026 1053.6000 5822.3300 (136.06 9.34 3 1)
B1027 826.9300 1140.2800 (102.53 61.87 2 1)
B1028 860.0900 1421.6900 (22.43 75.70 1 3)
B1029 660.6300 3598.7100 (122.77 7.76 2 1)
B1030 14.7400 4931.2400 (30.39 14.86 2 3)
B1031 105.5200 2063.1100 (14.63 57.79 1 2)
B1032 771.9400 5514.0100 (5.02 16.04 3 2)
B1033 813.8100 127.7400 (51.23 17.66 3 1)
B1034 513.7600 5768.7000 (82.72 3.08 1 3)
B1035 636.7500 388.2800 (33.49 69.03 2 3)
B1036 1068.7000 871.0300 (95.29 35.20 3 2)
B1037 1124.7000 2733.8800 (35.46 51.30 1 1)
B1038 276.0100 5315.4400 (54.74 6.06 3 2)
B1039 999.8900 4042.7200 (38.40 71.40 1 3)
B1040 428.9700 6036.4800 (61.02 27.29 2 3)
B1041 670.5800 3732.2500 (13.77 5.45 2 3)
B1042 624.0100 100.3100 (33.88 27.07 3 3)
B1043 525.3800 832.8500 (128.20 4.94 1 3)
B1044 952.0800 3427.6100 (8.92 13.06 3 3)
B1045 184.7400 3876.4100 (8.20 71.58 2 1)
B1046 101.0500 3144.0400 (18.04 21.02 2 2)
B1047 495.7700 388.2800 (140.98 4.40 2 3)
B1048 330.5900 56.7700 (45.45 21.38 3 3)
B1049 972.8600 1831.8700 (30.72 16.76 1 3)
B1050 555.3500 3839.4300 (49.05 2.24 1 1)
B1051 876.5400 4944.6600 (74.19 2.16 2 2)
B1052 74.1600 959.7400 (137.33 44.20 2 3)
B1053 225.5100 1857.7700 (98.67 47.85 2 3)
B1054 877.2900 1337.7400 (122.58 41.28 2 3)
B1055 425.5500 2439.4900 (4.44 32.83 2 1)
B1056 1039.5100 4991.0400 (90.34 9.89 2 2)
B1057 474.9600 4952.2100 (15.46 27.55 1 1)
B1058 201.2600 5359.9500 (74.75 56.87 3 2)
B1059 267.9400 2834.4000 (59.76 24.20 2 1)
B1060 263.0600 5716.9600 (27.25 53.18 3 3)
B1061 510.4000 2680.7900 (140.33 65.13 1 3)
B1062 607.9900 989.5300 (137.59 54.13 1 3)
B1063 346.2800 1913.8200 (82.37 34.02 3 3)
B1064 489.9900 6036.4800 (40.02 10.91 3 3)
B1065 992.4100 4353.5400 (56.91 21.50 2 1)
B1066 772.9500 5100.1300 (69.71 15.89 2 2)
B1067 1081.4700 1294.0500 (29.05 44.64 2 3)
B1068 533.2800 3093.1800 (47.89 77.00 1 1)
B1069 734.5800 3726.7900 (131.07 47.44 2 3)
B1070 140.4300 730.3500 (11.04 47.04 1 2)
B1071 689.8800 4378.6500 (7.55 30.80 2 3)
B1072 263.4400 1529.9500 (80.87 69.45 1 1)
B1073 592.0700 5515.6400 (89.71 17.96 2 2)
B1074 347.2400 1176.1800 (76.35 67.18 2 1)
B1075 526.4000 1281.0000 (89.61 49.25 1 2)
B1076 865.0400 138.9300 (124.07 14.12 2 2)
B1077 715.3800 4213.4200 (144.82 25.94 3 2)
B1078 604.7900 565.8100 (5.39 9.97 3 3)
B1079 715.9900 2269.9200 (91.73 54.27 2 2)
B1080 393.5500 3412.7800 (101.77 36.45 2 2)
B1081 849.3500 2463.3600 (30.08 3.28 3 1)
B1082 890.4300 6010.5200 (137.66 35.17 3 1)
B1083 924.4300 5098.6900 (54.43 59.68 2 2)
B1084 382.8000 5394.0500 (22.72 53.81 3 1)
B1085 37.8000 4693.3800 (131.42 34.35 1 2)
B1086 299.4100 1820.1600 (86.12 16.76 2 1)
B1087 874.2900 566.0100 (149.08 28.35 2 3)
B1088 276.4800 67.7000 (25.48 42.38 2 3)
B1089 624.5000 5906.8400 (43.76 27.58 2 1)
B1090 984.4600 3637.1000 (20.58 16.58 1 3)
B1091 608.5400 5636.1700 (39.76 74.44 3 3)
B1092 801.7700 4931.3000 (21.51 55.41 3 3)
B1093 966.4300 637.7200 (8.64 56.98 2 2)
B1094 919.9800 5018.4400 (71.15 8.12 2 2)
B1095 856.7000 4105.2700 (105.27 20.41 2 2)
B1096 416.1200 357.1500 (79.65 36.59 2 3)
B1097 817.9800 2354.8000 (79.62 3.64 3 2)
B1098 382.8000 5271.2700 (129.17 55.49 3 1)
B1099 1009.9900 779.0100 (111.19 64.62 2 3)
B1100 356.8600 0.0000 (8.51 20.38 3 1)
B1101 890.4300 5941.5900 (33.44 61.60 1 2)
B1102 1054.3500 4677.6300 (16.02 69.14 2 2)
B1103 1035.4700 3575.3300 (63.54 52.18 2 1)
B1104 695.9600 5575.0300 (43.70 54.15 1 1)
B1105 1002.6400 3818.0000 (132.10 38.92 2 2)
B1106 186.6500 4295.8300 (85.45 21.09 3 3)
B1107 611.3000 1951.2900 (123.87 13.52 3 2)
B1108 696.2200 5738.2400 (4.17 34.70 2 1)
B1109 92.0500 1613.9400 (29.33 67.56 3 2)
B1110 152.8000 3401.5900 (96.61 23.42 3 3)
B1111 785.8700 5654.8500 (59.42 61.90 3 3)
B1112 247.1400 2574.0700 (143.98 24.25 1 1)
B1113 832.5700 5226.0300 (16.12 51.29 1 3)
B1114 1003.2200 5435.1100 (122.32 2.94 2 1)
B1115 759.8000 2921.7300 (6.40 6.01 3 2)
B1116 169.7000 1385.1100 (8.12 41.33 2 1)
B1117 136.7800 0.0000 (139.70 33.11 3 1)
B1118 753.6400 32.9200 (105.70 4.65 3 1)
B1119 624.5300 1260.7500 (40.27 69.66 2 1)
B1120 817.9200 5962.5500 (61.65 59.31 1 2)
B1121 868.7300 2453.8700 (40.48 9.49 3 1)
B1122 673.8800 2680.8800 (6.98 38.74 2 2)
B1123 330.5900 144.5700 (106.12 13.01 2 3)
B1124 861.3900 2876.7200 (61.91 17.75 3 3)
B1125 670.2400 396.4100 (54.87 42.32 2 2)
B1126 356.7000 1039.7800 (92.53 16.68 1 2)
B1127 588.0600 2492.5100 (91.61 53.84 3 2)
B1128 581.1700 3142.2600 (103.51 21.69 3 3)
B1129 403.1100 1770.8400 (72.24 2.47 2 3)
B1130 261.1100 3261.4100 (101.35 12.41 2 2)
B1131 727.5300 5916.4300 (60.12 13.46 1 1)
B1132 1047.6200 2497.4500 (38.33 67.40 3 1)
B1133 839.8800 5453.0300 (129.75 75.04 2 2)
B1134 390.5500 3298.2300 (35.66 65.29 2 1)
B1135 280.6700 1086.7600 (135.74 26.05 3 1)
B1136 103.6500 2977.8000 (70.61 72.34 2 3)
B1137 213.7800 5416.8200 (74.29 22.02 3 1)
B1138 388.4000 4782.8700 (16.01 51.36 3 3)
B1139 481.1000 1808.5300 (45.46 45.64 1 2)
B1140 184.5700 4398.1200 (136.90 45.69 1 1)
B1141 48.6600 2138.1500 (106.58 28.76 1 3)
B1142 518.4900 5030.4700 (75.21 4.44 3 1)
B1143 298.3600 0.0000 (58.50 18.13 2 3)
B1144 268.5000 3161.6300 (99.25 62.82 2 3)
B1145 58.1900 5831.0200 (5.81 21.36 2 1)
B1146 1128.5000 5019.3100 (62.18 12.57 2 2)
B1147 299.5700 5051.2800 (29.63 41.71 2 2)
B1148 427.9700 1665.3700 (32.66 43.03 1 3)
B1149 894.6200 5827.1300 (73.03 56.75 1 1)
B1150 673.8800 2719.6200 (94.19 41.02 2 2)
B1151 897.1700 2119.0100 (84.65 28.53 2 1)
B1152 526.4000 1330.2500 (39.50 10.60 1 3)
B1153 526.8300 2359.1100 (32.67 2.22 3 3)
B1154 708.9500 2105.8100 (79.22 69.18 2 1)
B1155 1068.2600 2658.2100 (6.81 39.19 2 1)
B1156 679.6700 2535.3500 (28.82 34.19 1 3)
B1157 390.5500 3268.4500 (6.09 24.69 2 2)
B1158 31.3400 333.7200 (73.28 56.08 3 1)
B1159 658.1700 2893.8000 (88.07 58.21 3 1)
B1160 697.9400 4536.8400 (10.08 21.60 1 3)
B1161 593.0700 1660.7700 (31.32 39.57 1 2)
B1162 1092.0300 4653.9100 (43.75 10.69 3 3)
B1163 733.5700 1336.8400 (69.49 6.06 2 2)
B1164 465.7600 2498.2100 (31.00 12.31 3 2)
B1165 198.6900 1328.5400 (20.43 46.67 2 1)
B1166 136.7800 213.2700 (85.34 30.48 1 3)
B1167 1072.0700 1936.8600 (107.22 63.54 3 3)
B1168 969.1700 3653.6800 (15.90 24.98 3 1)
B1169 952.0800 3331.8600 (78.98 29.87 3 3)
B1170 1037.2900 5559.9700 (46.17 15.93 1 3)
B1171 596.7200 3197.0700 (128.56 9.97 3 2)
B1172 400.8900 2578.8100 (107.37 63.38 1 2)
B1173 604.1700 4359.7800 (11.52 75.43 1 2)
B1174 757.5100 1802.5000 (6.57 20.92 1 3)
B1175 76.1500 748.3600 (49.27 28.29 1 1)
B1176 425.5500 2397.7000 (123.33 41.79 3 2)
B1177 981.8200 3782.5600 (20.82 38.18 3 1)
B1178 615.1000 2402.5500 (5.31 15.28 2 3)
B1179 881.1800 2399.3100 (35.15 9.83 1 2)
B1180 771.9400 5453.0300 (67.94 54.50 3 2)
B1181 944.8700 4879.9400 (149.44 23.24 3 3)
B1182 31.0500 812.5600 (12.92 2.01 2 2)
B1183 677.1800 5921.1000 (11.15 17.77 1 2)
B1184 441.9200 2783.1800 (115.99 57.09 2 3)
B1185 350.3700 2096.6300 (45.36 37.82 2 1)
B1186 299.8900 5898.8400 (101.19 27.14 3 2)
B1187 68.6400 5017.6800 (95.58 30.83 3 2)
B1188 210.0300 2156.5500 (33.95 13.01 1 2)
B1189 388.4000 4952.2100 (10.37 25.30 3 3)
B1190 884.6100 1961.0800 (51.79 24.32 3 1)
B1191 1020.4100 348.5700 (139.60 42.92 3 3)
B1192 879.4300 2463.3600 (4.57 40.16 3 2)
B1193 734.5800 3614.4800 (31.69 62.85 1 2)
B1194 31.0500 748.4200 (30.17 64.14 2 1)
B1195 961.3100 460.8000 (71.35 29.46 3 3)
B1196 967.5600 897.5700 (42.43 36.78 1 2)
B1197 222.7300 2671.6100 (13.44 30.72 3 2)
B1198 1016.2900 1858.5700 (28.69 25.36 3 2)
B1199 173.2500 3075.7400 (26.23 28.28 1 2)
B1200 819.5800 2628.4100 (48.42 35.87 1 3)
B1201 939.7900 594.3600 (2.24 71.72 3 1)
B1202 510.4000 2665.8200 (108.18 14.97 2 3)
B1203 190.3900 3626.8800 (59.53 43.81 1 3)
B1204 500.4100 4514.8000 (62.80 11.56 3 3)
B1205 980.8600 602.0600 (14.00 7.68 1 3)
B1206 489.9900 6047.3900 (26.56 36.98 3 2)
B1207 504.3200 2644.2000 (17.58 2.47 2 3)
B1208 498.6200 138.9100 (46.40 6.64 3 1)
B1209 181.9400 3488.0400 (96.80 29.24 1 3)
B1210 876.5400 4903.1800 (126.98 41.48 1 2)
B1211 396.2200 1713.1600 (99.44 2.91 1 1)
B1212 735.1700 1977.6700 (44.39 14.99 1 1)
B1213 1045.0800 5993.9200 (54.58 48.15 3 1)
B1214 391.4200 446.6800 (148.04 3.61 2 1)
B1215 1133.8000 4215.3100 (36.13 3.01 2 2)
B1216 607.9900 1102.4300 (48.13 2.28 3 2)
B1217 576.2500 735.0800 (68.12 7.04 2 2)
B1218 287.2300 4092.2500 (78.64 49.40 3 2)
B1219 670.2400 352.0100 (56.20 44.40 3 2)
B1220 834.9400 4635.3700 (61.70 40.71 2 1)
B1221 371.8100 2669.9300 (132.51 34.14 2 1)
B1222 514.3800 5087.7100 (111.69 5.11 2 1)
B1223 397.1400 5769.3700 (88.20 21.29 2 1)
B1224 553.7300 3491.3200 (120.24 30.53 2 1)
B1225 427.9700 1524.9500 (100.45 45.41 2 2)
B1226 117.1300 1479.9500 (61.81 72.22 2 2)
B1227 592.0700 5308.0500 (52.62 61.78 2 2)
B1228 210.0300 2249.5100 (52.54 2.09 3 3)
B1229 321.4700 4398.3600 (145.58 3.91 2 2)
B1230 22.2200 719.1100 (53.93 29.31 2 1)
B1231 629.2700 4636.2200 (71.19 45.23 3 3)
B1232 22.2200 1291.6100 (108.91 23.38 3 2)
B1233 973.0400 5296.0700 (5.24 78.24 1 2)
B1234 303.5900 731.7100 (124.44 41.39 1 1)
B1235 657.8900 61.3400 (90.28 61.66 1 1)
B1236 778.3500 1151.1500 (14.09 33.65 1 2)
B1237 979.8900 1014.4900 (87.36 67.54 3 2)
B1238 733.4800 226.4700 (62.35 2.96 1 1)
B1239 11.1000 3879.3500 (8.71 12.79 1 3)
B1240 228.1000 2169.5600 (10.57 77.19 1 3)
B1241 249.9200 3626.8800 (89.01 20.12 1 3)
B1242 715.0500 5306.9600 (69.10 27.55 3 2)
B1243 708.9500 1964.8100 (22.67 30.31 1 3)
B1244 157.8400 3204.2500 (86.40 38.70 1 3)
B1245 213.7800 5438.8400 (52.29 23.08 1 1)
B1246 757.5100 1646.9300 (66.61 37.33 1 3)
B1247 89.0000 1969.2800 (16.52 65.89 1 1)
B1248 1008.4500 4903.1800 (13.61 34.27 3 1)
B1249 195.3900 2387.4100 (25.18 11.98 1 2)
B1250 1050.9400 0.0000 (133.16 7.56 2 3)
B1251 1124.7000 2785.1800 (65.59 20.42 1 3)
B1252 360.7800 538.1000 (45.49 5.12 3 3)
B1253 542.8500 4668.9900 (2.23 18.59 3 1)
B1254 517.4000 1989.0000 (86.25 26.10 3 3)
B1255 517.5800 3348.0200 (11.66 43.38 1 3)
B1256 715.9900 2220.5800 (101.99 24.93 3 2)
B1257 673.8800 2760.6400 (118.48 23.37 3 3)
B1258 826.9300 1088.7300 (65.54 51.55 1 2)
B1259 910.0700 5644.0900 (56.86 71.24 3 2)
B1260 536.1900 5473.6600 (18.98 34.34 1 2)
B1261 987.8600 2748.8300 (12.15 17.53 3 3)
B1262 406.1600 1708.4000 (123.73 4.76 1 1)
B1263 198.8500 3463.3800 (95.21 15.07 1 3)
B1264 784.1500 5251.1400 (39.74 55.07 2 3)
B1265 1035.4700 3518.0500 (121.75 57.28 2 3)
B1266 847.6700 1421.6900 (6.02 68.89 3 3)
B1267 835.4500 2310.8100 (12.16 23.54 3 3)
B1268 992.4100 4283.8000 (3.99 4.93 2 3)
B1269 1068.7000 906.2300 (41.43 38.78 1 1)
B1270 774.9800 4820.9800 (69.98 34.05 1 2)
B1271 996.8100 348.5700 (23.60 25.61 1 3)
B1272 642.8900 1067.2100 (138.36 5.17 3 1)
B1273 709.8600 3495.9200 (105.15 48.01 2 3)
B1274 688.2200 1467.3200 (37.04 71.02 2 1)
B1275 752.8900 2453.8700 (115.84 3.50 1 3)
B1276 220.5700 2444.1400 (27.17 77.16 3 1)
B1277 828.7900 1842.1100 (60.28 59.86 2 2)
B1278 1133.8800 2385.3800 (49.70 68.11 1 2)
B1279 838.6200 3473.1400 (3.61 50.12 1 1)
B1280 696.1900 3062.1700 (34.54 8.00 1 2)
B1281 304.6300 4490.7500 (123.87 20.96 2 2)
B1282 899.4400 3492.4300 (23.36 18.94 2 1)
B1283 254.9000 1474.4900 (27.50 16.45 2 2)
B1284 1012.6700 4296.5800 (13.14 46.83 2 1)
B1285 708.4900 2485.4500 (140.86 15.18 3 2)
B1286 185.6700 1444.7500 (133.99 29.74 1 3)
B1287 528.4200 1517.8200 (133.92 65.00 3 2)
B1288 76.1500 826.3700 (134.52 10.50 2 2)
B1289 689.8800 4358.7700 (72.89 19.88 3 2)
B1290 861.3900 2823.6500 (40.22 53.07 3 2)
B1291 522.4700 4900.2700 (46.32 53.07 3 2)
B1292 706.3100 2176.4100 (88.37 11.31 2 1)
B1293 118.4000 4585.4500 (52.82 31.06 3 1)
B1294 1119.3600 7.5600 (33.72 37.25 2 3)
B1295 495.6600 1761.2100 (119.28 18.05 1 1)
B1296 198.6900 1261.4100 (33.53 67.13 3 2)
B1297 980.8600 594.3600 (66.13 7.70 3 2)
B1298 299.4100 1803.0300 (107.45 17.13 1 3)
B1299 983.1200 2327.6500 (88.22 11.67 1 1)
B1300 616.0100 1402.3300 (117.56 8.69 3 3)
B1301 725.1100 401.2400 (65.66 73.76 1 1)
B1302 513.6300 2075.3900 (99.50 24.61 3 1)
B1303 257.7700 4154.7300 (5.25 50.33 3 2)
B1304 711.8800 5738.2400 (34.75 13.03 2 2)
B1305 1068.7000 945.0100 (16.99 15.80 1 2)
B1306 232.2200 1261.4100 (51.07 29.98 3 3)
B1307 807.0800 5588.0100 (123.38 51.16 2 3)
B1308 144.7600 582.5500 (8.07 21.95 3 3)
B1309 785.8700 5756.2800 (140.97 8.83 1 2)
B1310 477.4000 2986.8300 (62.49 29.01 3 1)
B1311 42.4200 895.2200 (31.74 24.96 2 1)
B1312 513.7600 5710.6100 (96.54 58.09 2 1)
B1313 907.6900 4658.5600 (96.08 11.13 1 3)
B1314 144.6900 83.7200 (98.41 39.52 3 3)
B1315 105.0700 3324.5900 (4.72 75.06 1 3)
B1316 462.1200 2233.6000 (72.26 5.37 1 1)
B1317 528.2000 3646.8600 (38.23 24.27 2 3)
B1318 244.7500 773.1000 (132.70 48.34 2 2)
B1319 618.8100 6039.2000 (77.24 40.96 1 3)
B1320 530.7100 1210.9400 (21.96 61.80 1 1)
B1321 757.5100 1684.2600 (25.16 76.40 3 2)
B1322 944.8700 4844.9800 (82.80 34.96 3 2)
B1323 298.3600 20.3800 (76.26 36.39 1 1)
B1324 94.3400 3835.9200 (74.18 17.89 3 1)
B1325 699.7400 5118.4200 (140.54 40.79 2 2)
B1326 935.9300 2714.7300 (51.93 27.70 1 3)
B1327 952.0800 3366.8700 (11.50 43.44 1 3)
B1328 418.1600 1386.5500 (93.40 21.28 3 3)
B1329 1008.4500 5025.3000 (81.44 3.28 2 2)
B1330 308.1300 3877.0600 (17.79 33.76 1 2)
B1331 382.8000 5326.7600 (30.77 67.29 2 1)
B1332 198.6900 1169.5700 (76.76 58.35 1 3)
B1333 769.1700 677.0000 (61.58 30.51 1 2)
B1334 199.8900 4973.9100 (18.28 28.62 3 1)
B1335 806.8500 738.6900 (38.13 45.98 1 2)
B1336 353.6500 4378.0100 (78.11 20.35 3 3)
B1337 557.1300 1127.2300 (30.00 45.57 1 1)
B1338 969.6300 5374.3100 (146.33 60.80 3 3)
B1339 393.5500 3449.2300 (53.27 25.86 2 3)
B1340 217.6300 3291.5300 (14.95 75.65 2 1)
B1341 402.2000 5918.6700 (26.77 62.54 3 3)
B1342 76.0400 4436.7000 (48.87 19.22 3 3)
B1343 620.4100 2402.5500 (94.02 2.63 1 1)
B1344 718.7700 5629.1800 (35.21 60.95 3 1)
B1345 78.4300 2237.9900 (59.73 37.85 2 3)
B1346 1107.5100 1649.6400 (72.00 52.36 3 1)
B1347 357.4700 2860.0900 (116.22 8.98 2 1)
B1348 975.6900 4197.4100 (99.28 13.52 3 2)
B1349 865.7200 1229.1500 (66.50 13.38 2 3)
B1350 446.4300 5422.7100 (30.21 64.73 1 1)
B1351 260.2000 5902.6700 (39.50 6.68 3 2)
B1352 868.5200 3648.1200 (15.63 35.39 3 1)
B1353 446.4300 5326.7600 (36.59 77.47 3 2)
B1354 726.3500 5194.7700 (60.36 56.37 1 1)
B1355 1011.2000 3890.5200 (42.09 16.21 1 1)
B1356 540.4200 3170.1800 (134.27 5.22 1 1)
B1357 73.0100 5230.4000 (27.86 30.89 2 1)
B1358 943.8200 2532.4200 (69.25 44.89 3 1)
B1359 588.0600 2597.1300 (104.08 13.26 2 1)
B1360 914.9700 5226.0300 (11.12 58.32 1 2)
B1361 198.5200 3011.9500 (77.23 15.13 3 2)
B1362 935.9300 2710.0600 (111.69 4.67 3 3)
B1363 1088.1900 1798.5400 (48.91 64.67 3 3)
B1364 832.5700 5277.3200 (51.27 12.91 2 3)
B1365 308.0700 5158.7100 (71.92 77.64 2 3)
B1366 493.2200 519.6800 (23.35 3.96 3 3)
B1367 357.6000 4207.0800 (50.79 16.61 2 3)
B1368 78.4300 2275.8400 (22.62 46.45 1 3)
B1369 202.9700 33.1100 (7.76 50.61 1 3)
B1370 101.0500 2550.8800 (29.06 63.27 3 3)
B1371 879.8800 2060.6200 (86.25 32.17 1 1)
B1372 1059.8000 102.0200 (36.60 18.49 2 3)
B1373 206.7300 5278.4500 (123.12 17.20 2 3)
B1374 704.2800 3014.1400 (84.71 32.15 3 3)
B1375 1164.0500 3260.9600 (13.62 25.63 2 2)
B1376 555.1700 5353.4700 (21.66 18.49 1 2)
B1377 607.0300 3909.7200 (16.53 53.88 2 3)
B1378 904.1000 2527.3800 (31.77 57.84 1 1)
B1379 275.4500 1172.7100 (30.61 6.74 3 1)
B1380 376.0400 0.0000 (100.95 61.13 1 1)
B1381 14.7400 4873.6100 (53.90 57.63 1 2)
B1382 992.4100 4215.1200 (6.81 68.68 3 2)
B1383 1075.0700 2692.5200 (40.88 29.93 3 2)
B1384 745.5800 987.1200 (81.33 27.96 3 2)
B1385 551.6000 321.2800 (95.54 67.00 1 3)
B1386 562.4100 4342.1400 (117.32 17.64 2 1)
B1387 795.6400 4520.9400 (58.51 34.68 1 3)
B1388 446.4300 5404.2300 (91.24 18.48 2 1)
B1389 246.0000 2897.0400 (98.13 63.62 1 2)
B1390 63.4500 1873.5800 (25.55 71.46 2 1)
B1391 933.4100 4551.7000 (23.21 11.96 3 2)
B1392 185.6700 1536.8100 (77.77 12.45 3 2)
B1393 101.0500 2927.6500 (83.51 18.49 1 3)
B1394 987.8600 2714.7300 (49.80 34.10 3 2)
B1395 698.2200 4853.1400 (76.74 29.93 2 3)
B1396 745.5800 1015.0800 (115.64 35.87 3 3)
B1397 1048.4700 2371.2900 (106.10 14.09 1 2)
B1398 529.6200 5122.7000 (63.29 51.25 3 2)
B1399 211.2300 4688.0000 (49.89 6.61 2 3)
B1400 944.8700 4827.8600 (101.37 17.12 2 2)
B1401 530.0100 6066.5700 (74.06 22.59 2 1)
B1402 1038.2900 4133.5900 (126.15 48.44 3 2)
B1403 795.6400 4456.5600 (38.93 64.38 3 3)
B1404 548.2100 4193.6700 (27.60 67.01 3 2)
B1405 1097.7500 5935.0400 (54.25 58.88 2 1)
B1406 94.3400 3902.8800 (18.74 41.28 1 3)
B1407 105.7500 5176.4100 (131.67 3.25 3 3)
B1408 276.4800 222.6200 (137.95 4.83 3 1)
B1409 85.9500 4024.8300 (145.86 66.50 3 3)
B1410 1092.5600 2733.8800 (32.14 9.55 3 3)
B1411 928.5500 382.3200 (9.56 46.00 1 3)
B1412 577.2500 2124.6900 (111.81 40.74 3 2)
B1413 733.5700 1313.0600 (132.09 23.78 2 3)
B1414 476.9900 0.0000 (125.66 40.32 1 1)
B1415 496.7600 2498.2100 (19.54 26.46 3 3)
B1416 1051.2800 2564.8500 (82.60 51.78 2 1)
B1417 421.9700 4900.2700 (100.50 13.87 1 2)
B1418 445.7100 2985.3700 (12.59 65.36 1 1)
B1419 246.0000 2960.6600 (86.11 12.43 2 1)
B1420 367.7900 4733.6000 (96.20 3.43 3 1)
B1421 516.5700 597.5600 (107.31 27.12 2 3)
B1422 555.3500 3776.7600 (63.83 62.67 3 1)
B1423 321.4700 4402.2700 (41.62 8.31 3 1)
B1424 431.9300 4560.0300 (19.02 17.91 3 3)
B1425 650.3600 4283.1700 (103.96 30.89 2 3)
B1426 174.8400 1925.2500 (70.86 68.19 2 1)
B1427 882.9500 122.3200 (12.85 13.04 1 3)
B1428 851.8300 4136.3100 (4.87 49.45 3 2)
B1429 733.5600 4072.5800 (106.43 3.83 3 3)
B1430 168.9700 1911.2300 (5.87 38.54 1 2)
B1431 624.7700 3254.8900 (27.66 51.70 1 3)
B1432 699.8900 4952.7700 (2.95 16.50 3 2)
B1433 402.0400 3107.7100 (8.62 27.46 1 3)
B1434 647.3800 5087.7100 (40.21 18.97 3 3)
B1435 714.3800 3252.3300 (88.05 9.59 2 1)
B1436 393.6400 2840.2700 (121.53 19.82 1 1)
B1437 0.0000 5999.3200 (94.28 56.36 3 3)
B1438 1010.3800 5822.3300 (43.22 48.81 2 1)
B1439 1000.7000 5900.2200 (42.67 34.59 1 2)
B1440 552.6700 1232.9300 (71.86 48.07 2 2)
B1441 183.4500 5092.7600 (45.45 8.26 2 1)
B1442 866.8600 3062.7600 (115.44 51.08 3 2)
B1443 939.0800 897.5700 (28.48 41.35 2 1)
B1444 771.9400 5507.5300 (45.70 6.48 3 1)
B1445 76.0400 4506.2500 (5.40 13.57 2 3)
B1446 281.6400 4820.6000 (47.21 5.15 2 3)
B1447 155.9700 4132.7800 (51.92 37.50 2 3)
B1448 76.1500 719.1100 (23.64 29.25 1 1)
B1449 368.2900 3268.4500 (22.26 4.29 3 2)
B1450 94.2800 5999.3200 (96.50 21.30 3 2)
B1451 402.1400 310.9400 (106.16 46.21 1 3)
B1452 643.4800 4771.6200 (14.58 25.69 2 2)
B1453 819.1600 2694.6500 (8.82 39.96 2 3)
B1454 788.1700 2167.7000 (75.47 8.71 1 1)
B1455 429.7600 2339.5200 (97.07 40.61 3 1)
B1456 615.6900 4603.9000 (38.16 25.25 2 2)
B1457 335.3500 1254.2700 (97.70 68.72 1 1)
B1458 1108.5000 3703.4300 (28.88 79.49 1 1)
B1459 699.7400 5159.2100 (148.18 28.45 3 2)
B1460 652.7400 3893.0700 (77.81 41.63 3 3)
B1461 1039.5100 4928.0500 (87.73 62.99 1 1)
B1462 62.7400 133.7000 (31.45 69.25 2 3)
B1463 1021.7600 5156.0300 (24.38 31.77 1 3)
B1464 700.6700 735.0800 (10.30 78.27 1 3)
B1465 638.2000 1250.2400 (142.27 6.50 2 1)
B1466 699.8300 3824.4300 (33.85 2.19 2 1)
B1467 772.9500 5023.4500 (104.12 19.37 3 1)
B1468 37.8000 4365.7100 (91.03 70.99 1 2)
B1469 332.3100 2988.8300 (113.40 30.33 2 3)
B1470 210.6700 826.3700 (75.78 4.22 2 3)
B1471 725.2800 3206.9500 (87.47 41.13 2 3)
B1472 746.2400 2851.1300 (29.27 49.74 3 2)
B1473 529.8900 1660.7700 (63.18 4.64 2 3)
B1474 819.7200 3829.5600 (17.46 17.13 3 3)
B1475 64.0000 5870.4800 (12.44 38.75 3 2)
B1476 588.0600 2569.5400 (112.75 27.59 1 2)
B1477 406.1600 1524.9500 (21.81 6.47 3 3)
B1478 725.2600 1500.6700 (80.70 7.66 1 1)
B1479 101.0500 3050.1400 (97.47 22.20 2 3)
B1480 618.8100 6080.1600 (16.94 14.76 1 1)
B1481 870.6500 1722.5600 (101.45 13.56 1 1)
B1482 1003.7700 4626.9900 (46.21 48.83 2 3)
B1483 429.7600 2380.1300 (110.53 17.57 3 2)
B1484 196.3400 5662.3900 (66.72 58.47 2 1)
B1485 423.0200 2885.2600 (149.73 39.48 2 1)
B1486 984.4600 3627.5100 (62.27 9.59 2 2)
B1487 1046.7300 3703.4300 (23.28 40.70 1 2)
B1488 377.3400 1326.0300 (72.94 46.16 2 1)
B1489 1039.3900 2803.9800 (53.17 22.82 2 1)
B1490 325.3700 5949.4200 (22.78 54.34 2 3)
B1491 800.3000 2500.6300 (40.74 2.62 3 1)
B1492 643.4800 4853.1400 (54.74 49.87 1 1)
B1493 839.5500 3113.8400 (47.22 3.57 3 2)
B1494 246.1300 2156.5500 (25.36 48.33 3 1)
B1495 919.4400 4275.6000 (72.97 20.10 1 2)
B1496 620.2000 2893.8000 (37.97 78.41 2 3)
B1497 1016.2900 1798.5400 (7.92 60.03 3 2)
B1498 754.3200 4354.5800 (33.66 4.19 3 2)
B1499 800.0600 887.0800 (73.76 58.42 3 3)
B1500 935.9300 2742.4300 (22.10 50.48 2 2)
B1501 648.1600 3521.8500 (12.47 8.53 1 3)
B1502 790.7700 388.2600 (33.04 62.07 3 1)
B1503 514.3800 5092.8200 (115.64 23.18 3 2)
B1504 108.2500 1723.9000 (37.08 41.17 3 2)
B1505 181.9400 3517.2800 (16.17 46.73 1 3)
B1506 298.3400 1326.0300 (79.00 2.02 1 3)
B1507 895.8000 122.3200 (48.25 16.61 3 1)
B1508 460.8900 3939.6200 (82.60 55.21 3 1)
B1509 22.2200 1215.4600 (85.06 76.15 1 3)
B1510 173.2500 3104.0200 (128.75 3.53 2 2)
B1511 11.1000 5191.0200 (41.57 72.52 2 3)
B1512 318.1000 3379.8700 (107.90 16.41 3 2)
B1513 1047.1300 4675.8200 (7.22 43.90 1 1)
B1514 127.5800 3183.9100 (90.98 20.34 2 2)
B1515 118.4000 4688.0000 (88.92 5.38 3 1)
B1516 819.1600 2752.6400 (73.57 8.34 2 3)
B1517 1094.3100 4831.9300 (64.53 35.57 2 1)
B1518 137.5700 1385.1100 (32.13 62.33 2 3)
B1519 688.3300 5981.6100 (79.53 45.98 3 3)
B1520 510.4000 2646.6700 (26.05 19.15 1 3)
B1521 1132.2000 447.4400 (11.07 23.38 1 3)
B1522 327.0700 2262.9100 (126.71 14.70 3 3)
B1523 922.8000 3531.7600 (61.66 60.15 2 2)
B1524 930.4100 3236.4900 (82.27 6.38 3 1)
B1525 11.1000 5134.0000 (94.65 57.02 3 3)
B1526 428.2900 3865.1100 (124.11 69.31 3 2)
B1527 1001.6500 1460.4600 (53.16 8.46 1 2)
B1528 1083.4600 5438.0500 (60.74 5.58 3 2)
B1529 974.1100 1500.1000 (23.92 71.63 1 2)
B1530 226.7100 702.4500 (72.95 53.76 3 2)
B1531 800.3000 2527.3800 (103.80 48.83 2 2)
B1532 252.0000 5122.0800 (74.17 7.82 1 3)
B1533 145.3300 1772.2600 (72.70 19.96 1 1)
B1534 827.9800 2664.2800 (35.09 3.18 2 1)
B1535 357.6000 4262.1000 (42.39 55.15 3 3)
B1536 1029.0600 3184.1700 (74.51 3.67 1 2)
B1537 377.4500 875.3000 (9.55 66.89 2 1)
B1538 127.4800 3344.6800 (25.32 30.26 3 1)
B1539 404.4100 4825.3300 (17.56 13.60 3 3)
B1540 22.2200 0.0000 (114.56 69.79 1 3)
B1541 225.7000 2792.8200 (146.96 31.06 1 2)
B1542 985.3100 2399.3100 (63.16 32.19 1 3)
B1543 728.2000 3732.2500 (4.64 41.02 1 3)
B1544 657.8900 123.0000 (18.21 24.18 1 1)
B1545 81.4400 4506.2500 (34.42 6.60 3 2)
B1546 602.6500 0.0000 (125.67 61.34 3 3)
B1547 1014.6800 4475.3200 (104.76 69.67 2 3)
B1548 788.1700 2107.5800 (109.00 60.12 2 2)
B1549 362.9700 5827.9500 (61.71 18.60 2 2)
B1550 99.2200 1003.9400 (141.25 66.22 3 3)
B1551 463.9900 4733.6000 (108.74 6.26 3 2)
B1552 463.8600 744.5100 (60.44 70.41 1 2)
B1553 834.9400 4555.6200 (58.97 79.75 1 2)
B1554 1012.6800 3260.9000 (43.25 50.33 3 1)
B1555 198.1100 3517.2800 (125.39 41.36 1 1)
B1556 882.5200 1421.6900 (12.63 36.99 3 2)
B1557 935.9300 2656.1600 (32.77 53.90 1 1)
B1558 552.4000 4114.6600 (147.59 69.75 2 2)
B1559 725.2600 1508.3300 (134.83 16.65 1 3)
B1560 276.0200 3243.6400 (131.29 17.77 3 2)
B1561 170.9700 5950.1400 (46.16 21.56 3 1)
B1562 351.3600 2452.9400 (49.53 14.93 2 3)
B1563 552.8500 742.1200 (147.82 9.15 1 3)
B1564 467.3700 1920.4300 (86.89 18.05 2 1)
B1565 926.6900 4352.1900 (29.46 18.77 2 1)
B1566 999.8900 4182.0300 (70.08 15.38 3 2)
B1567 31.0500 895.2200 (11.37 70.13 3 1)
B1568 806.7100 124.3300 (48.17 3.41 1 2)
B1569 967.6500 5886.0700 (105.96 14.15 2 1)
B1570 330.5900 157.5800 (37.17 65.04 3 1)
B1571 395.8800 5068.1400 (21.83 30.45 2 3)
B1572 257.8700 4569.0900 (12.66 16.45 3 3)
B1573 192.9400 3982.3100 (77.34 27.68 3 1)
B1574 1094.3100 4664.6000 (56.75 12.25 3 1)
B1575 533.2800 3015.8400 (75.14 77.34 1 3)
B1576 31.3400 258.0500 (113.68 75.67 1 1)
B1577 637.2600 1160.1800 (78.31 19.14 3 1)
B1578 877.2900 1297.6500 (121.13 40.09 1 2)
B1579 851.8300 4189.5700 (79.90 7.86 1 2)
B1580 757.5100 1760.6600 (54.90 41.84 2 3)
B1581 282.1200 2354.0500 (20.86 16.04 1 3)
B1582 397.1400 5715.3000 (116.62 54.07 2 3)
B1583 930.4100 3242.8700 (49.62 78.05 2 2)
B1584 1025.3100 0.0000 (25.63 19.58 1 2)
B1585 408.3900 4192.5700 (63.83 2.99 3 3)
B1586 172.3800 1613.9400 (70.44 51.67 3 2)
B1587 833.9500 1054.3800 (127.05 34.35 1 2)
B1588 698.2200 4883.0700 (74.73 69.70 2 3)
B1589 105.5200 1969.2800 (52.93 22.96 2 2)
B1590 841.5200 3943.8400 (111.90 13.03 2 3)
B1591 807.2800 315.5900 (83.85 33.03 3 3)
B1592 339.6400 4737.0300 (39.35 75.26 3 3)
B1593 36.5700 122.6400 (97.80 11.06 2 3)
B1594 214.4700 652.9000 (133.80 15.62 1 3)
B1595 508.1800 3348.0200 (9.40 12.94 2 2)
B1596 977.3700 5435.1100 (23.02 16.16 3 3)
B1597 157.8400 3284.6800 (81.81 6.85 2 3)
B1598 341.9300 2712.2300 (99.99 47.50 2 3)
B1599 774.9800 4788.1600 (56.01 32.82 1 1)
B1600 120.1500 2091.3700 (111.60 22.65 2 3)
B1601 78.4300 2166.9100 (131.60 53.60 3 2)
B1602 57.9300 5191.0200 (15.08 43.92 2 3)
B1603 757.6300 5771.3600 (149.21 23.28 3 1)
B1604 39.0900 5674.4400 (17.92 4.44 3 2)
B1605 658.1700 2952.0100 (29.86 18.00 2 1)
B1606 841.5200 3956.8700 (84.65 59.18 2 2)
B1607 268.5000 3224.4500 (7.52 21.29 3 1)
B1608 198.8500 3425.0100 (9.52 5.22 3 3)
B1609 48.6600 1361.3600 (43.39 51.65 3 2)
B1610 75.7100 1723.9000 (32.54 54.40 2 2)
B1611 1049.3200 4296.5800 (71.32 69.78 1 3)
B1612 362.1500 357.1500 (53.97 30.93 1 1)
B1613 281.5000 4544.6000 (3.90 53.58 3 1)
B1614 1002.6400 3744.1300 (50.08 47.98 2 3)
B1615 923.8700 5941.5900 (76.83 50.65 3 3)
B1616 73.0100 5191.0200 (54.53 32.67 2 2)
B1617 381.1300 1434.5600 (25.03 53.67 3 2)
B1618 671.4000 1915.7600 (89.74 35.53 3 2)
B1619 198.5200 2987.7900 (64.29 24.16 2 1)
B1620 330.5200 2406.2900 (49.04 46.65 2 2)
B1621 813.1600 503.4800 (115.16 16.73 2 3)
B1622 611.9700 552.5700 (53.70 40.03 3 2)
B1623 607.0300 4012.0200 (126.53 64.11 1 1)
B1624 644.6900 5443.1100 (54.86 66.52 2 3)
B1625 947.7600 5219.2100 (35.05 76.86 1 2)
B1626 961.3100 382.3200 (35.50 78.48 3 2)
B1627 339.6400 4666.1400 (81.03 4.44 3 2)
B1628 606.9400 1880.4800 (64.46 38.73 2 3)
B1629 513.7600 5771.7800 (18.12 2.35 2 1)
B1630 401.1200 4612.8300 (99.29 30.68 1 3)
B1631 526.1900 993.5800 (54.43 33.92 3 1)
B1632 653.5800 925.5500 (109.80 57.28 2 1)
B1633 613.1300 2006.5500 (92.86 76.07 1 3)
B1634 897.4800 1779.3300 (81.29 24.60 1 3)
B1635 801.7700 4875.5400 (74.77 55.76 1 3)
B1636 428.9700 5918.6700 (6.23 67.57 1 1)
B1637 845.2900 5639.1700 (64.78 29.53 3 1)
B1638 502.5100 66.7600 (145.92 33.55 1 2)
B1639 998.4200 1274.8800 (51.40 9.23 3 1)
B1640 399.9900 4223.6900 (34.22 64.62 2 3)
B1641 516.3000 2498.2100 (16.94 71.99 1 2)
B1642 655.5300 5194.7700 (70.82 51.00 1 2)
B1643 404.4100 4920.0200 (50.31 4.40 3 1)
B1644 400.8900 2488.0900 (64.87 74.76 3 2)
B1645 864.6800 348.6200 (115.75 33.70 3 3)
B1646 644.6900 5509.6300 (42.25 6.01 2 3)
B1647 655.5300 5245.7700 (59.52 46.03 3 1)
B1648 913.2400 1202.1500 (109.63 5.05 2 2)
B1649 488.9100 5422.7100 (64.29 50.95 3 2)
B1650 389.6200 2233.6000 (72.50 29.31 1 1)
B1651 376.0400 61.1300 (15.44 65.45 3 2)
B1652 210.0500 6063.6200 (122.39 26.44 1 1)
B1653 339.6400 4670.5800 (28.15 57.04 2 1)
B1654 1053.6000 5831.6700 (36.15 23.92 3 3)
B1655 452.8800 130.8200 (37.31 8.06 2 2)
B1656 909.2100 2409.1400 (76.10 50.28 1 1)
B1657 513.6300 1938.4800 (3.77 69.93 1 2)
B1658 265.4600 5189.0100 (31.05 27.54 2 3)
B1659 147.0900 1734.7400 (5.39 37.52 2 2)
B1660 516.5700 624.6800 (46.45 25.24 3 2)
B1661 658.1700 2970.0100 (25.38 59.59 3 3)
B1662 952.0800 3361.7300 (108.00 5.14 1 3)
B1663 328.8300 5706.6800 (92.18 8.62 2 1)
B1664 969.9000 3896.3100 (13.99 38.75 2 3)
B1665 576.8300 5533.6000 (128.59 40.25 2 2)
B1666 603.7000 1582.8200 (16.69 33.59 2 3)
B1667 746.2400 2841.4200 (11.57 9.71 1 2)
B1668 211.4900 938.1200 (49.55 36.47 2 3)
B1669 877.0700 5026.5600 (47.60 48.25 2 3)
B1670 443.4400 4096.8400 (66.26 14.93 2 2)
B1671 733.4800 315.5900 (34.55 26.16 3 3)
B1672 450.9100 3211.6600 (145.81 56.55 1 1)
B1673 306.1000 2704.8200 (24.20 77.57 1 3)
B1674 833.1000 4016.0500 (76.96 56.53 1 3)
B1675 1116.3400 470.8200 (20.56 72.81 1 2)
B1676 184.9800 1863.8800 (22.42 57.35 3 2)
B1677 575.7400 3306.5900 (102.13 4.86 2 1)
B1678 208.3700 3425.0100 (101.04 14.17 2 3)
B1679 615.6900 4366.1100 (37.31 62.58 3 1)
B1680 688.2200 1454.1800 (18.79 2.47 3 1)
B1681 497.1500 5960.1100 (33.60 38.34 3 1)
B1682 733.4800 341.7500 (29.19 30.19 1 3)
B1683 142.3700 3582.1100 (14.50 64.50 2 2)
B1684 363.0900 4402.2700 (128.13 60.91 2 1)
B1685 1052.7200 3744.1300 (25.23 36.59 1 1)
B1686 581.1700 3093.1800 (49.49 6.55 1 3)
B1687 981.0200 2097.8900 (14.11 21.12 3 3)
B1688 655.5300 5402.2400 (100.25 31.78 3 1)
B1689 610.3000 5710.6100 (85.92 53.18 3 3)
B1690 1029.0600 3187.8400 (71.25 45.94 1 2)
B1691 118.4000 4570.2700 (139.47 15.18 3 1)
B1692 234.7200 3845.0200 (125.23 32.04 2 2)
B1693 3.9400 3687.7900 (75.80 59.33 1 1)
B1694 783.4200 1050.9500 (50.53 24.29 1 1)
B1695 945.9100 1379.0200 (36.00 75.10 2 3)
B1696 526.5600 1860.9500 (131.04 19.53 3 3)
B1697 298.1400 3647.0000 (96.86 76.41 3 3)
B1698 380.8800 4127.1300 (38.50 65.44 3 1)
B1699 31.3400 664.7600 (99.72 54.35 2 1)
B1700 1094.3100 4731.9200 (7.32 4.05 2 3)
B1701 198.1100 3558.6400 (86.69 68.24 2 2)
B1702 700.6700 887.0800 (58.24 13.74 3 3)
B1703 191.1200 5315.4400 (25.88 13.58 2 2)
B1704 1068.2600 2616.6300 (22.96 41.58 2 3)
B1705 1094.3100 4676.8500 (43.34 55.07 2 3)
B1706 139.9400 2839.1100 (120.44 3.99 1 3)
B1707 237.9400 2025.9900 (144.32 70.64 1 3)
B1708 282.6300 5624.6500 (114.83 77.99 2 1)
B1709 539.4600 392.6800 (38.92 47.36 3 3)
B1710 894.6200 5883.8800 (30.18 26.35 3 3)
B1711 236.2400 4443.8100 (52.01 33.09 1 2)
B1712 377.4500 814.9200 (147.93 9.11 1 1)
B1713 947.7600 5187.8000 (85.10 31.41 3 1)
B1714 882.2700 2042.4300 (41.30 14.07 3 1)
B1715 779.2000 121.3700 (49.00 2.96 3 3)
B1716 208.3700 3439.1800 (105.04 3.74 3 2)
B1717 1011.2000 3906.7300 (37.71 15.61 2 3)
B1718 775.5100 2823.6500 (85.88 66.53 2 2)
B1719 617.2000 3574.6500 (31.93 37.89 1 1)
B1720 876.3400 198.7300 (8.45 8.80 2 1)
B1721 522.4700 4953.3400 (12.10 46.08 2 1)
B1722 790.7700 382.3200 (137.78 5.94 3 2)
B1723 651.7200 3362.2500 (63.85 70.58 3 3)
B1724 207.4000 1905.6200 (48.90 9.01 3 1)
B1725 719.4000 5434.0200 (40.42 37.66 2 2)
B1726 604.7900 509.3100 (46.97 33.76 2 2)
B1727 883.8400 5226.0300 (31.13 14.33 1 2)
B1728 621.1700 4681.4500 (19.19 17.33 3 2)
B1729 821.3600 3160.1000 (78.53 28.32 2 2)
B1730 691.1400 1232.9300 (109.79 15.02 2 2)
B1731 1107.5100 1625.1200 (15.30 24.52 1 3)
B1732 328.8300 5702.6400 (145.94 4.04 2 1)
B1733 624.3900 1638.8500 (80.49 46.85 1 1)
B1734 826.3000 5794.6400 (77.71 32.49 2 1)
B1735 367.6200 657.1400 (63.43 74.57 2 2)
B1736 404.4100 4785.2100 (145.45 40.12 3 1)
B1737 847.9200 5074.8100 (38.60 55.17 1 2)
B1738 819.7200 3846.6900 (140.62 41.63 3 3)
B1739 557.9800 5173.9500 (97.55 8.53 2 1)
B1740 772.9500 5042.8200 (62.65 57.31 1 1)
B1741 64.0000 5831.0200 (138.49 39.46 2 3)
B1742 758.3200 5648.9100 (33.74 5.94 1 2)
B1743 715.5700 3324.7700 (29.69 13.23 3 1)
B1744 758.3200 5530.0500 (60.28 57.96 3 3)
B1745 144.7600 553.2900 (130.07 29.26 3 1)
B1746 500.4100 4526.3600 (60.24 70.53 3 1)
B1747 865.6500 3731.8400 (41.21 2.64 2 3)
B1748 235.9200 2308.4700 (105.12 45.58 3 3)
B1749 725.1100 475.0000 (88.05 76.51 3 1)
B1750 340.1400 2354.0500 (64.21 12.41 1 3)
B1751 819.5800 2576.2100 (25.08 52.20 3 2)
B1752 868.5200 3683.5100 (30.92 5.28 3 3)
B1753 804.2900 2408.0800 (76.89 45.79 1 2)
B1754 771.9400 5402.2400 (99.19 50.79 2 3)
B1755 92.0500 1447.4400 (93.62 32.51 2 1)
B1756 772.9500 4898.2200 (28.82 64.02 1 2)
B1757 427.9700 1582.8200 (140.02 46.95 1 3)
B1758 491.2200 4473.8700 (20.40 11.82 2 2)
B1759 890.4300 6045.6900 (93.89 43.85 2 2)
B1760 182.1300 5017.6800 (47.74 75.08 2 2)
B1761 205.1700 3743.5700 (63.96 32.45 3 1)
B1762 604.8700 293.0700 (102.82 12.40 3 3)
B1763 987.8200 4020.8500 (23.38 21.87 1 3)
B1764 873.8200 840.5100 (75.53 37.68 3 2)
B1765 1059.8000 145.2300 (24.31 34.76 3 1)
B1766 1151.0600 4653.9100 (21.25 62.03 2 1)
B1767 608.8700 457.3100 (95.13 52.00 1 3)
B1768 712.1500 4421.6100 (120.35 34.95 1 1)
B1769 957.0000 4693.1400 (77.84 77.36 3 2)
B1770 977.3700 5451.2700 (25.85 4.04 2 3)
B1771 76.0400 4455.9200 (42.36 50.33 1 2)
B1772 696.0500 6039.2000 (35.20 10.30 3 2)
B1773 919.4400 4225.7300 (52.47 49.87 1 3)
B1774 459.8500 2201.1300 (19.11 32.47 2 1)
B1775 884.7900 198.7300 (84.71 20.03 1 3)
B1776 120.8500 3697.1800 (84.32 38.23 3 2)
B1777 952.0800 3440.6700 (146.21 44.13 1 1)
B1778 906.8400 5769.5300 (85.83 12.98 2 3)
B1779 101.0500 2427.5700 (53.56 49.91 3 2)
B1780 121.3800 1613.9400 (51.00 79.81 3 3)
B1781 606.9400 1919.2100 (4.36 19.74 2 3)
B1782 652.6400 642.7100 (24.01 35.31 2 2)
B1783 1002.6400 3792.1100 (105.86 25.89 2 3)
B1784 101.0500 2946.1400 (2.60 20.88 2 3)
B1785 219.6800 1792.3400 (5.83 13.14 2 1)
B1786 867.5100 3361.7000 (72.43 32.67 2 3)
B1787 926.6900 4295.7000 (17.96 56.49 1 2)
B1788 372.2100 3859.8400 (124.51 5.27 2 2)
B1789 759.0200 4086.2600 (93.44 50.05 1 2)
B1790 91.5300 3569.8600 (48.37 49.80 2 1)
B1791 52.6700 5239.7100 (7.81 49.37 2 3)
B1792 202.4900 5893.2500 (57.71 19.74 2 1)
B1793 247.1400 2535.0400 (23.41 17.95 1 2)
B1794 1049.3200 4366.3600 (90.85 40.88 3 1)
B1795 395.7300 2100.0000 (144.80 31.12 1 3)
B1796 127.4800 3297.0900 (90.15 47.59 2 1)
B1797 800.8300 2102.9400 (119.93 4.64 3 3)
B1798 219.6800 1772.8400 (42.65 19.50 1 1)
B1799 388.4000 4737.0300 (60.22 21.17 3 2)
B1800 907.6900 4605.4000 (16.78 53.16 3 3)
B1801 806.7100 127.7400 (7.03 48.76 3 1)
B1802 1012.6800 3171.1100 (16.38 58.43 3 3)
B1803 967.6500 5900.2200 (7.63 4.66 2 3)
B1804 19.8100 4758.3800 (138.39 8.25 3 2)
B1805 31.3400 69.7900 (5.23 71.12 3 3)
B1806 511.9700 5353.4700 (24.01 14.71 1 1)
B1807 845.5500 5940.2800 (29.66 22.27 1 3)
B1808 1051.6400 1752.9600 (105.74 3.01 1 1)
B1809 996.8100 374.1800 (3.93 63.17 2 1)
B1810 1113.6500 447.4400 (18.55 4.16 3 2)
B1811 321.4700 4463.1800 (140.75 27.57 2 1)
B1812 531.6300 4342.1400 (8.44 29.53 1 1)
B1813 248.1900 5573.0800 (31.35 23.98 1 2)
B1814 935.8700 2468.9000 (107.53 4.74 1 3)
B1815 93.8300 5362.3600 (83.02 13.24 1 1)
B1816 536.1900 5508.0000 (10.91 11.31 2 1)
B1817 1012.6800 3117.1000 (44.95 54.01 2 2)
B1818 983.1200 2266.6700 (58.95 60.98 3 2)
B1819 45.1300 5092.7600 (138.32 41.24 2 1)
B1820 700.8100 2621.2400 (118.77 47.79 3 3)
B1821 727.5300 5899.0800 (46.44 17.35 1 2)
B1822 864.3500 3888.3200 (3.68 44.06 1 3)
B1823 895.0400 3055.4800 (95.67 7.28 3 3)
B1824 663.2400 3311.4500 (8.56 47.20 1 3)
B1825 884.6100 1985.4000 (134.53 36.53 1 1)
B1826 1144.2000 5267.0100 (2.55 41.39 2 2)
B1827 854.1500 4386.3700 (43.35 68.49 2 1)
B1828 137.5700 1375.2100 (71.21 9.90 2 3)
B1829 327.3500 5009.7100 (147.61 33.02 2 3)
B1830 353.6500 4207.0800 (3.95 57.10 2 2)
B1831 987.8200 4042.7200 (12.07 79.88 1 2)
B1832 715.0500 5334.5100 (130.85 67.73 2 3)
B1833 458.8800 1084.6200 (129.03 4.96 1 1)
B1834 490.4200 4952.2100 (23.96 4.80 1 3)
B1835 65.1700 202.9500 (60.24 2.85 2 2)
B1836 621.1700 4714.1400 (124.56 9.87 3 1)
B1837 199.8900 4923.4700 (6.04 50.44 1 1)
B1838 31.3400 202.9500 (33.83 55.10 2 3)
B1839 130.1100 2878.2100 (124.13 13.84 3 1)
B1840 555.2500 2238.0700 (69.19 14.32 3 2)
B1841 1061.2100 4018.1400 (76.62 46.69 2 2)
B1842 105.0700 3425.0100 (93.78 63.03 3 1)
B1843 899.8900 3117.1000 (98.84 53.82 1 1)
B1844 262.3600 5825.6200 (100.61 59.77 1 2)
B1845 458.8800 955.6800 (46.79 9.31 2 2)
B1846 749.4100 3343.0600 (87.68 2.89 2 3)
B1847 117.2900 4276.2900 (53.94 69.98 3 1)
B1848 684.6800 3052.3600 (11.51 58.39 3 1)
B1849 214.4700 690.6100 (89.12 11.84 3 2)
B1850 845.9000 5360.0000 (127.14 13.46 1 3)
B1851 552.8500 649.9200 (9.60 23.95 2 1)
B1852 211.2300 4694.6100 (21.47 13.15 2 3)
B1853 137.5700 1169.5700 (61.12 75.44 3 2)
B1854 999.8700 1395.5600 (89.61 52.32 2 3)
B1855 434.9000 546.2100 (12.95 55.51 2 3)
B1856 504.9200 450.2900 (33.49 69.39 3 3)
B1857 1075.0700 2658.2100 (120.21 34.31 1 2)
B1858 981.8200 3731.8400 (18.55 50.72 3 3)
B1859 746.3600 3543.9300 (86.11 14.71 2 2)
B1860 722.7000 2500.6300 (57.96 59.64 3 1)
B1861 362.1500 393.7400 (111.77 52.94 1 1)
B1862 94.2800 6025.1100 (96.54 40.88 3 1)
B1863 388.4000 4924.4200 (130.09 27.79 2 2)
B1864 226.1300 830.5900 (130.57 77.08 1 3)
B1865 999.8700 1325.8100 (68.36 54.02 1 3)
B1866 812.4100 1740.4700 (58.24 47.48 1 3)
B1867 557.1300 1089.5800 (49.71 37.65 3 2)
B1868 186.3100 2786.0700 (39.39 21.51 1 1)
B1869 525.3800 810.9600 (131.42 21.89 3 3)
B1870 158.4900 633.4700 (109.26 19.43 1 1)
B1871 670.5800 3701.5400 (64.00 30.71 3 1)
B1872 624.5300 1250.2400 (13.67 10.51 3 2)
B1873 90.9700 5423.9000 (54.79 28.49 1 3)
B1874 73.7700 3675.9900 (85.91 8.25 1 3)
B1875 864.7400 5765.1100 (113.62 4.42 2 3)
B1876 396.2200 1716.0700 (84.88 54.77 3 2)
B1877 833.7600 1406.6000 (106.99 15.09 1 1)
B1878 860.0900 1497.3900 (85.82 32.04 2 2)
B1879 400.8900 2472.3200 (67.95 15.77 3 1)
B1880 861.2200 945.5000 (64.66 21.09 1 1)
B1881 76.2000 5819.5500 (86.87 10.62 3 2)
B1882 467.3700 1912.2200 (139.57 8.21 2 1)
B1883 783.4000 3564.7900 (55.22 67.64 3 1)
B1884 201.2600 5416.8200 (12.52 74.73 1 1)
B1885 158.4900 652.9000 (55.98 69.21 1 3)
B1886 851.8300 4185.7600 (121.97 3.81 1 3)
B1887 925.8800 1014.4900 (54.01 39.89 2 3)
B1888 1000.6900 3878.7700 (39.43 11.75 2 1)
B1889 485.9300 2333.7300 (112.51 5.79 3 1)
B1890 951.1800 1460.4600 (50.47 39.64 1 1)
B1891 1059.8000 120.5100 (51.34 24.72 3 1)
B1892 1031.2400 266.3300 (77.76 28.48 1 1)
B1893 208.7800 1375.2100 (35.70 45.43 1 1)
B1894 575.8100 4193.6700 (42.61 44.45 1 2)
B1895 262.3600 5821.5900 (140.90 4.03 1 1)
B1896 117.2900 4246.8700 (140.48 29.42 1 1)
B1897 1013.2100 4239.7300 (52.35 4.77 3 3)
B1898 190.3000 2020.8400 (47.64 34.07 1 1)
B1899 244.2600 4078.6100 (66.82 13.64 1 1)
B1900 1012.6800 3311.2300 (41.63 7.65 3 2)
B1901 379.9900 5149.4500 (149.63 8.91 1 2)
B1902 698.9000 2952.0100 (17.81 25.98 3 2)
B1903 726.4400 371.9400 (55.37 29.30 3 2)
B1904 421.9700 4825.3300 (108.23 74.94 3 2)
B1905 192.9400 3914.3600 (130.12 67.95 3 3)
B1906 380.8800 4094.2000 (25.28 32.93 3 2)
B1907 753.6400 0.0000 (140.54 9.49 2 3)
B1908 830.9900 4714.4400 (113.88 70.97 1 2)
B1909 292.2200 1261.4100 (43.13 29.09 2 2)
B1910 884.1500 3489.1600 (126.36 3.27 1 2)
B1911 834.9400 4676.0800 (72.75 2.87 2 2)
B1912 470.3500 1198.7400 (71.22 12.20 2 1)
B1913 1053.6000 5855.5900 (86.14 30.48 1 3)
B1914 467.3700 1938.4800 (3.19 19.17 3 3)
B1915 1045.8100 4903.1800 (115.42 24.87 2 2)
B1916 673.9700 3495.9200 (35.89 57.27 1 1)
B1917 557.9100 2783.1800 (32.57 29.85 1 2)
B1918 1005.2500 3637.1000 (29.50 26.75 3 1)
B1919 1029.0600 3233.7800 (6.92 27.12 3 2)
B1920 517.5800 3445.3500 (114.15 45.97 1 3)
B1921 259.2200 2823.8800 (17.08 10.52 2 3)
B1922 76.1500 887.8300 (48.64 2.04 2 1)
B1923 118.0000 3853.8100 (116.72 22.60 2 1)
B1924 225.5100 1821.8100 (46.94 16.35 3 3)
B1925 173.2500 3107.5500 (31.21 76.36 3 3)
B1926 462.2200 4485.6900 (141.95 29.11 3 2)
B1927 495.3200 3268.2100 (129.45 22.29 3 1)
B1928 732.7200 3046.2900 (133.10 14.05 1 1)
B1929 1003.5200 4903.1800 (4.93 73.73 2 1)
B1930 615.6900 4359.7800 (53.96 6.33 3 1)
B1931 854.1500 4501.2200 (137.80 50.48 1 3)
B1932 978.8600 5098.6900 (42.90 53.97 1 1)
B1933 823.7700 1406.6000 (9.99 27.96 1 3)
B1934 244.2600 4024.8300 (16.64 53.78 2 3)
B1935 978.5100 715.5500 (33.35 10.83 3 1)
B1936 1026.0500 871.0300 (6.50 32.68 2 3)
B1937 144.6900 166.6700 (26.62 41.65 2 3)
B1938 1152.6400 1395.5600 (30.13 4.34 3 1)
B1939 766.2700 3632.4300 (112.76 15.69 2 2)
B1940 847.9200 5158.3700 (99.84 67.66 2 1)
B1941 121.3800 1699.1100 (5.78 8.79 2 1)
B1942 99.7900 719.1100 (2.04 12.58 3 1)
B1943 144.6900 208.3200 (17.90 4.95 3 3)
B1944 821.3600 3211.0000 (2.62 51.10 1 2)
B1945 736.4400 5933.3900 (54.69 48.22 2 2)
B1946 1004.8900 5728.9800 (76.51 14.99 2 3)
B1947 886.5200 5130.4500 (32.92 23.99 3 3)
B1948 252.0000 5051.2800 (46.91 32.74 1 1)
B1949 1067.3800 1227.9100 (66.44 66.14 3 3)
B1950 357.6000 4317.2500 (102.22 60.76 2 3)
B1951 749.4100 3345.9500 (103.16 27.04 2 2)
B1952 699.9900 4100.4600 (7.04 8.15 2 3)
B1953 123.7700 836.8700 (30.07 22.70 2 2)
B1954 706.3100 2187.7200 (129.14 27.60 2 3)
B1955 31.3400 406.2500 (113.42 31.74 2 2)
B1956 486.7700 649.9200 (66.08 47.65 2 1)
B1957 963.8800 1936.9400 (83.00 3.73 3 3)
B1958 1134.7400 3782.9200 (57.59 57.47 2 3)
B1959 754.3200 4239.3600 (70.03 21.42 2 1)
B1960 1036.7500 2473.6400 (31.34 23.81 3 3)
B1961 120.8500 3686.9800 (70.96 10.20 1 2)
B1962 763.3800 913.4800 (27.35 73.64 2 3)
B1963 458.8800 1029.5400 (149.11 55.08 2 1)
B1964 1101.6300 4792.4100 (72.32 39.52 2 2)
B1965 845.5500 5937.4000 (44.88 2.88 1 1)
B1966 1035.9800 3233.7800 (19.21 9.52 2 3)
B1967 1068.0900 2385.3800 (38.22 47.18 2 1)
B1968 688.2200 1623.9600 (22.07 6.23 3 2)
B1969 99.2200 1070.1600 (101.55 49.34 1 3)
B1970 243.1000 290.9700 (117.68 23.02 1 1)
B1971 554.2600 1920.4300 (7.66 68.57 1 3)
B1972 280.3300 4540.3200 (73.36 4.28 1 1)
B1973 332.3100 2960.6600 (64.46 28.17 3 1)
B1974 1003.7700 4593.3900 (88.26 33.60 2 2)
B1975 101.0500 2275.8400 (32.82 71.39 2 1)
B1976 259.6600 2843.1000 (8.28 10.77 3 1)
B1977 262.5700 2204.8800 (64.50 12.18 2 3)
B1978 395.0000 3672.3800 (43.56 58.16 2 3)
B1979 676.1000 141.6600 (103.10 47.58 3 3)
B1980 708.4900 2465.3200 (44.40 9.44 2 2)
B1981 441.9200 2704.0700 (68.48 5.01 2 3)
B1982 346.2800 1857.7700 (31.25 56.05 1 3)
B1983 687.5900 5187.6600 (128.83 7.11 2 2)
B1984 214.4700 702.4500 (12.24 45.28 1 1)
B1985 864.3500 3935.0600 (111.09 8.78 3 1)
B1986 417.7100 5068.1400 (85.82 23.83 2 2)
B1987 623.8800 678.0200 (96.36 57.06 1 3)
B1988 253.1900 3161.6300 (15.31 77.55 1 1)
B1989 886.5200 5074.8100 (37.91 55.64 3 3)
B1990 1046.7300 3627.5100 (12.53 51.01 3 3)
B1991 261.1100 3273.8200 (69.74 50.04 3 2)
B1992 326.1700 5092.9900 (3.41 65.72 3 1)
B1993 924.4300 5074.8100 (113.05 23.88 1 2)
B1994 512.4300 3574.6500 (104.77 72.21 1 1)
B1995 526.5600 1880.4800 (20.00 20.46 1 2)
B1996 1099.3800 3856.9200 (21.37 14.70 3 1)
B1997 139.9400 2712.2700 (46.37 9.14 2 2)
B1998 749.4500 2324.1900 (2.60 35.68 1 3)
B1999 144.6900 123.2400 (28.67 43.43 1 1)
