5118103.7656
2061.64 2482.54
18107778.11
B0 620.7800 1849.9600 (37.55 48.99 2 3)
B1 821.9500 1618.7800 (47.49 51.12 1 1)
B2 730.2700 1119.5200 (14.45 52.60 3 3)
B3 797.4100 1817.5500 (7.55 4.95 2 3)
B4 203.3400 2368.3900 (136.09 26.49 2 1)
B5 1419.7000 1894.9500 (32.89 24.52 3 1)
B6 1012.8500 2264.3900 (35.71 8.05 3 1)
B7 30.3600 1192.9400 (71.61 79.47 3 3)
B8 815.8800 464.8300 (8.38 59.63 1 2)
B9 1068.9600 566.4100 (96.09 56.67 1 2)
B10 0.0000 2081.1500 (69.83 60.51 2 1)
B11 672.3500 2388.8400 (33.25 63.36 3 3)
B12 100.6100 126.2400 (98.06 19.73 3 1)
B13 273.8000 1471.0600 (5.44 54.58 3 3)
B14 1873.6600 2348.2300 (96.95 59.26 3 1)
B15 476.9900 390.7100 (95.41 17.80 2 3)
B16 1866.9600 1622.5600 (43.97 24.20 1 1)
B17 992.9600 54.3400 (56.83 2.13 3 3)
B18 1098.9200 1317.7800 (144.75 19.87 1 1)
B19 1507.6700 141.1600 (109.06 12.60 3 3)
B20 1091.6600 1413.8800 (117.30 14.01 3 3)
B21 6.6300 752.4900 (131.25 54.73 3 1)
B22 466.2800 1747.8500 (91.05 19.00 2 1)
B23 1626.3600 564.9100 (37.38 15.70 1 3)
B24 1211.8200 693.4800 (145.73 2.75 3 1)
B25 30.3600 1657.7300 (94.34 73.40 3 3)
B26 365.9300 1689.8900 (100.35 2.72 1 2)
B27 505.2200 1885.7500 (9.32 14.79 1 2)
B28 1743.1400 690.2500 (78.03 16.65 1 2)
B29 750.8000 1225.7600 (42.47 6.48 3 3)
B30 575.4100 1481.5200 (16.41 77.97 3 1)
B31 203.7300 149.8600 (37.64 6.85 1 1)
B32 893.7700 2229.9300 (111.03 53.31 3 3)
B33 1308.4700 1232.2600 (42.61 59.11 2 2)
B34 228.2800 1257.9800 (20.39 67.62 1 2)
B35 1387.4400 2023.1800 (117.52 11.57 3 2)
B36 1363.4700 1176.9600 (74.86 77.06 2 1)
B37 1802.4700 1450.4300 (48.32 48.75 1 3)
B38 522.9400 1703.7500 (149.06 14.36 3 1)
B39 341.8100 794.8300 (139.33 43.62 1 3)
B40 21.6300 402.4200 (42.73 48.95 1 2)
B41 958.3300 889.6500 (36.91 36.20 3 1)
B42 1915.6600 1094.3000 (27.59 25.72 3 2)
B43 69.8300 2165.2700 (132.90 62.62 3 2)
B44 1642.7600 1932.0100 (25.74 41.48 1 2)
B45 1426.3700 473.7200 (73.79 16.55 2 3)
B46 1312.0100 2051.5700 (81.64 55.97 1 3)
B47 497.5300 443.9000 (2.63 6.26 1 3)
B48 1250.2900 117.8500 (9.53 3.86 2 3)
B49 1296.1700 1101.4300 (4.66 40.18 2 2)
B50 1713.5400 1872.4500 (66.59 30.89 1 2)
B51 481.1400 713.5300 (18.13 30.12 2 2)
B52 293.5100 1874.2700 (119.97 8.41 1 2)
B53 1375.0400 563.4400 (34.18 67.29 1 3)
B54 898.7300 605.1700 (146.77 3.68 2 2)
B55 990.5500 1433.4200 (42.83 65.08 1 2)
B56 1838.4100 266.1600 (116.40 4.63 3 1)
B57 1143.4500 1818.1600 (5.85 65.56 1 1)
B58 746.4400 1395.0600 (13.14 24.62 1 2)
B59 1714.6500 1502.4000 (44.82 3.41 2 1)
B60 1968.0100 73.7300 (6.46 39.26 1 1)
B61 366.5800 713.5300 (105.97 76.37 1 1)
B62 202.7300 2129.3400 (45.71 36.18 2 1)
B63 362.5400 456.8400 (77.28 24.14 1 3)
B64 1589.3700 665.1000 (39.25 33.62 2 2)
B65 1524.1800 1947.6000 (118.58 27.08 2 2)
B66 1220.9600 1766.3600 (44.79 77.45 2 3)
B67 1973.7800 197.4100 (41.93 8.70 3 2)
B68 1505.1200 2402.4400 (28.48 3.02 2 2)
B69 1197.0100 177.8100 (149.37 7.04 3 3)
B70 1315.3500 512.6100 (59.69 15.99 1 1)
B71 1357.5500 630.7300 (80.85 6.32 3 2)
B72 1847.4400 2367.8500 (21.29 49.93 1 3)
B73 152.8500 1398.9100 (43.58 11.10 2 3)
B74 759.5800 1395.0600 (50.46 17.24 3 3)
B75 1438.4000 612.5800 (89.33 32.73 1 3)
B76 1676.2700 936.6600 (74.37 43.11 2 2)
B77 21.6300 536.8000 (69.92 68.83 1 2)
B78 860.2900 487.2100 (57.75 25.59 3 3)
B79 248.4400 2109.4600 (106.83 70.90 3 1)
B80 715.8800 1849.6500 (121.74 12.10 2 2)
B81 747.0600 2354.1200 (8.54 6.89 3 2)
B82 584.8100 2089.6000 (121.81 15.16 3 2)
B83 1945.4900 2293.4000 (33.18 34.91 3 3)
B84 1909.9200 641.5900 (87.77 8.70 1 2)
B85 896.6800 462.7800 (52.31 24.43 1 3)
B86 263.7000 1586.4000 (109.49 32.96 1 3)
B87 320.3000 66.9700 (107.40 8.63 1 1)
B88 415.7200 1776.6300 (136.90 78.15 2 1)
B89 140.1600 1547.8300 (58.20 72.98 2 3)
B90 1499.0200 703.2500 (62.54 21.62 3 3)
B91 406.9600 1959.8400 (39.64 70.15 1 1)
B92 1012.8500 2272.4400 (10.32 52.40 2 2)
B93 1091.4300 2088.2300 (110.34 6.32 3 3)
B94 504.2800 2045.4600 (116.91 3.55 3 3)
B95 223.7500 610.6300 (35.19 17.00 3 2)
B96 923.5000 174.0400 (145.05 39.55 1 1)
B97 1091.6600 1337.6500 (145.42 76.23 3 1)
B98 273.8000 1443.6200 (53.95 27.44 3 2)
B99 1375.0400 558.5900 (44.51 4.85 3 1)
B100 69.3600 1374.9500 (111.46 8.01 3 3)
B101 1879.2500 270.7900 (18.79 18.82 1 3)
B102 1604.9500 243.8700 (26.37 12.97 3 1)
B103 1986.5500 790.1200 (30.01 3.35 3 1)
B104 198.3600 1547.8300 (75.44 8.51 1 1)
B105 1764.9200 130.4300 (124.17 18.76 1 1)
B106 498.6500 1927.0000 (58.87 39.59 1 2)
B107 1181.8600 1003.6100 (21.37 5.00 3 1)
B108 1007.9900 1369.3100 (52.54 7.80 1 1)
B109 1393.6500 2057.6100 (134.12 7.71 2 1)
B110 476.9900 408.5100 (20.54 46.19 3 2)
B111 317.4800 909.8200 (123.89 12.41 3 1)
B112 800.7500 1482.3300 (38.66 19.10 1 2)
B113 1346.3800 133.1700 (98.00 22.42 1 3)
B114 643.5700 1391.4000 (102.87 16.35 1 2)
B115 965.7200 840.7600 (47.34 48.89 3 1)
B116 1087.4300 763.6300 (124.39 15.38 2 2)
B117 1668.5000 1942.8400 (45.99 27.59 1 2)
B118 1755.8700 1187.2100 (128.87 13.05 1 3)
B119 1331.4600 1466.3200 (14.84 7.81 3 1)
B120 800.0000 1967.9700 (16.60 16.32 3 1)
B121 1283.8900 55.6600 (6.28 42.96 2 3)
B122 402.0400 1269.2800 (136.90 31.87 2 3)
B123 1387.7400 982.1400 (16.68 35.83 3 1)
B124 0.0000 1192.9400 (30.36 73.82 1 1)
B125 842.7500 163.1500 (50.25 42.66 3 1)
B126 2016.4100 197.4100 (9.53 70.42 2 2)
B127 899.8900 150.9500 (23.61 15.57 1 2)
B128 107.7500 512.2500 (72.38 7.18 2 3)
B129 1174.9700 1054.2400 (60.53 10.60 2 3)
B130 1644.5500 803.3500 (63.12 3.82 3 1)
B131 1423.4400 462.2600 (39.91 11.46 2 2)
B132 1839.9200 2479.3600 (56.16 2.86 1 3)
B133 1598.7700 15.9500 (20.91 45.55 1 1)
B134 674.9300 1310.3200 (75.87 30.24 2 1)
B135 1351.9900 439.5000 (17.64 14.34 2 2)
B136 203.7300 156.7100 (17.73 22.40 3 1)
B137 658.3300 1796.3400 (110.87 53.31 1 2)
B138 1224.0500 1141.6200 (104.55 27.65 2 2)
B139 192.6800 1700.7400 (127.41 6.32 2 3)
B140 628.9600 1517.6100 (2.25 6.81 3 2)
B141 1298.1700 1036.4600 (25.66 36.43 3 3)
B142 1268.7600 48.2900 (75.03 7.37 2 3)
B143 500.5800 2132.2500 (26.40 63.47 2 2)
B144 1371.0500 2338.7000 (19.82 70.03 1 3)
B145 766.5300 1138.2900 (74.48 3.59 3 1)
B146 250.0500 985.5500 (10.27 71.86 1 1)
B147 771.6300 850.0500 (132.05 42.08 3 3)
B148 1576.3200 2441.4100 (92.74 4.92 2 3)
B149 1423.4400 439.5000 (119.01 9.70 2 1)
B150 1432.4000 1034.3600 (3.93 33.05 1 3)
B151 638.5100 1236.5800 (108.11 73.74 1 2)
B152 1197.0100 117.8500 (35.41 29.48 3 3)
B153 1912.4400 73.2800 (18.59 27.38 1 3)
B154 1986.3000 345.6300 (44.00 2.72 2 2)
B155 386.2100 1116.2500 (91.89 12.88 1 2)
B156 1375.0400 556.2600 (140.72 2.33 1 1)
B157 1016.2800 2214.5700 (135.72 9.19 3 3)
B158 706.6200 2212.9200 (42.68 22.11 2 2)
B159 897.0100 1072.3500 (25.93 22.72 2 3)
B160 2014.7000 1941.2600 (28.76 56.02 2 3)
B161 273.1000 611.8700 (24.66 39.70 2 3)
B162 181.9100 81.5500 (45.27 4.68 1 3)
B163 1978.6700 2304.5400 (73.95 13.02 2 1)
B164 1513.6400 259.3500 (10.84 61.16 1 3)
B165 410.9600 620.8000 (12.25 14.35 3 1)
B166 1911.1000 2236.6400 (31.49 51.73 1 2)
B167 658.2100 779.7600 (46.88 36.25 3 3)
B168 1505.1200 2405.4600 (28.19 51.65 2 2)
B169 441.0200 561.5700 (115.04 50.54 3 1)
B170 822.7400 568.3800 (23.39 45.59 2 2)
B171 1958.4200 1443.5900 (37.03 42.31 1 2)
B172 223.7500 586.0100 (49.35 24.62 3 3)
B173 6.6300 998.7600 (124.17 64.44 3 3)
B174 1879.3700 2168.6300 (109.36 52.29 1 1)
B175 281.7000 1319.4100 (29.97 66.11 2 1)
B176 195.4500 1707.0600 (31.57 51.98 3 3)
B177 1479.2000 1258.2900 (123.26 3.42 3 3)
B178 1012.8500 1968.3500 (3.43 64.33 3 2)
B179 1581.6900 703.2500 (41.05 76.47 2 2)
B180 830.5700 843.7300 (127.51 6.32 2 1)
B181 678.1300 2301.8400 (132.48 9.99 2 1)
B182 202.4100 620.9100 (20.33 72.30 1 3)
B183 233.4700 1116.3700 (148.72 24.59 1 3)
B184 1866.9600 1547.4000 (75.22 7.13 1 1)
B185 1023.1700 2272.4400 (6.26 67.83 1 1)
B186 1889.0300 1135.5400 (14.14 13.22 2 3)
B187 675.7000 60.6200 (93.80 5.91 2 2)
B188 1808.5800 399.3900 (26.57 69.82 2 3)
B189 1201.7700 2076.3700 (62.01 15.68 3 3)
B190 898.7300 775.4400 (61.24 12.23 2 3)
B191 49.2400 1935.1000 (14.59 68.46 3 2)
B192 1764.9200 0.0000 (8.83 21.50 3 1)
B193 1363.8000 1723.8100 (67.09 32.07 3 2)
B194 513.6400 2415.7400 (135.12 4.32 1 1)
B195 1826.0300 1277.4600 (18.74 78.88 2 2)
B196 648.7600 2452.2000 (79.20 7.04 2 2)
B197 919.2500 5.7200 (73.71 29.50 2 1)
B198 444.6900 653.3100 (57.34 60.22 2 3)
B199 1286.8700 1716.4200 (65.37 18.99 3 2)
B200 1830.8800 2172.5300 (44.73 21.60 3 3)
B201 827.6000 1951.5800 (125.78 42.40 3 2)
B202 2020.6700 2133.9900 (37.00 14.22 1 1)
B203 533.5500 942.1200 (134.70 73.92 1 3)
B204 1752.6700 1254.4800 (32.53 63.79 2 1)
B205 1642.7600 1987.6000 (23.65 21.89 1 1)
B206 1831.9000 376.4700 (13.17 22.92 2 3)
B207 314.9600 600.9200 (119.15 8.03 2 2)
B208 909.2900 1679.1200 (33.21 2.33 3 3)
B209 1138.8400 1768.7500 (13.39 49.41 2 1)
B210 1489.2800 1797.9100 (11.47 17.21 1 3)
B211 1803.2000 1021.3000 (79.54 27.84 2 2)
B212 162.3500 2060.3600 (34.13 53.76 3 3)
B213 83.3100 848.6800 (95.83 19.38 1 2)
B214 452.9100 2338.4500 (9.44 24.41 2 3)
B215 1388.2200 2236.7500 (24.07 3.78 3 2)
B216 1288.9200 449.8900 (11.77 52.22 2 1)
B217 713.7200 2068.8300 (69.70 60.40 1 3)
B218 1278.9600 341.7200 (124.80 22.43 2 1)
B219 968.4000 608.8500 (20.30 52.41 2 2)
B220 1108.6000 2075.4000 (90.40 4.36 3 2)
B221 682.9700 128.4700 (42.84 30.87 3 1)
B222 1235.5000 1036.4600 (62.67 64.97 1 1)
B223 670.3100 73.9600 (11.47 23.37 1 1)
B224 582.3800 89.1500 (87.93 16.25 1 2)
B225 771.6300 728.6300 (18.36 11.06 2 2)
B226 685.5100 816.0100 (67.22 30.54 3 3)
B227 281.7000 1303.8300 (120.34 15.58 3 3)
B228 1908.4900 440.0100 (8.32 75.25 2 1)
B229 1088.5300 2121.7100 (11.57 34.24 2 2)
B230 706.6200 2196.3400 (80.01 6.06 1 3)
B231 1505.1300 1318.5600 (46.59 17.30 2 1)
B232 1884.5300 1882.1500 (32.64 29.48 2 1)
B233 1453.2900 1531.3100 (73.14 11.43 1 3)
B234 1903.7400 559.4800 (84.47 62.26 1 2)
B235 1537.6100 1758.7400 (93.96 30.06 2 3)
B236 269.2700 1834.8100 (15.71 24.30 3 3)
B237 856.1200 1544.5600 (36.33 38.97 2 1)
B238 1763.8600 1791.7700 (26.63 26.04 3 3)
B239 215.7600 371.5600 (23.75 21.53 2 2)
B240 215.5100 1766.9000 (40.56 19.35 3 2)
B241 1505.1300 1340.5900 (27.37 6.78 1 1)
B242 1838.4100 220.0300 (109.76 46.13 3 1)
B243 1716.3600 804.1600 (89.76 3.70 1 2)
B244 1763.8600 1817.8100 (5.30 15.16 2 3)
B245 1003.0500 2443.2400 (36.85 27.02 1 1)
B246 1530.4100 2333.3000 (21.42 29.28 2 2)
B247 1149.3000 1911.0100 (48.06 2.49 2 2)
B248 223.7500 573.5800 (91.21 12.43 2 3)
B249 572.4000 335.6100 (7.62 39.71 2 2)
B250 837.4200 233.5000 (83.22 11.83 2 2)
B251 1539.6300 1788.8000 (46.98 16.83 2 3)
B252 1378.7700 1928.4500 (122.65 23.39 3 3)
B253 1524.1800 1991.4700 (9.04 4.92 2 2)
B254 1195.8700 0.0000 (43.75 50.08 3 3)
B255 69.3600 1528.7900 (9.57 66.88 3 3)
B256 713.7200 2046.7200 (79.54 22.11 3 3)
B257 1848.9500 691.8400 (124.16 32.04 1 2)
B258 838.3800 1225.7600 (60.72 4.83 3 2)
B259 2029.8100 1357.2400 (16.49 34.06 2 2)
B260 1713.4200 1603.7800 (91.70 14.51 2 3)
B261 1263.1900 931.1600 (50.06 35.33 3 2)
B262 1274.7000 1911.0100 (104.07 33.02 3 2)
B263 1848.3400 1364.1700 (63.50 28.21 1 2)
B264 743.8300 211.3500 (80.11 4.56 1 2)
B265 852.9300 1733.6600 (24.34 36.46 3 1)
B266 516.0700 198.5200 (30.99 34.70 1 2)
B267 101.9700 1257.9800 (32.55 17.69 2 2)
B268 1487.4600 1107.6200 (3.20 5.84 3 1)
B269 1942.3500 1283.5200 (88.23 73.72 2 2)
B270 1496.2600 2274.4700 (39.16 37.52 2 3)
B271 1621.3300 2009.4900 (30.44 27.40 2 2)
B272 1180.5700 1204.6600 (59.23 5.36 2 3)
B273 337.7800 1160.0300 (118.88 23.27 3 3)
B274 1355.6200 1636.7400 (15.76 9.53 2 3)
B275 1371.0500 2470.6400 (134.07 11.29 1 1)
B276 1650.2200 384.3600 (69.28 47.40 1 3)
B277 505.2200 1854.7800 (98.94 30.97 1 3)
B278 1776.3700 829.3600 (14.43 70.16 2 3)
B279 750.8000 1232.2400 (87.58 41.29 1 1)
B280 202.4100 762.3000 (36.83 39.20 3 3)
B281 1880.5800 924.8100 (129.83 2.06 2 3)
B282 355.2600 2060.4900 (44.51 46.97 3 3)
B283 1727.8000 1230.3000 (65.66 24.18 3 1)
B284 1239.8000 1169.2700 (118.75 40.18 2 1)
B285 1029.4300 2345.6500 (97.36 4.28 1 2)
B286 704.2100 1707.5100 (123.20 3.14 2 1)
B287 173.3500 973.4300 (55.85 55.09 1 3)
B288 1623.3900 1593.3100 (58.00 41.15 2 1)
B289 0.0000 2404.5800 (64.43 47.22 2 1)
B290 1001.8300 251.5300 (27.92 68.86 2 1)
B291 1393.6500 2065.3200 (2.04 14.81 1 3)
B292 1518.0800 1553.7000 (2.86 10.08 2 2)
B293 101.9700 1206.5400 (140.33 51.44 3 3)
B294 770.0000 1632.6500 (51.95 61.25 2 3)
B295 785.0200 2392.3100 (51.16 13.21 3 1)
B296 130.7400 1119.4100 (40.17 18.94 3 2)
B297 1608.3700 2125.5500 (70.80 9.34 3 1)
B298 1848.9500 668.3500 (23.83 23.46 3 2)
B299 1631.3200 243.8700 (24.59 32.23 2 1)
B300 1711.1200 1016.9200 (67.94 14.60 2 3)
B301 1499.0200 684.7200 (90.35 18.53 1 3)
B302 1134.0700 984.6000 (47.79 13.26 3 2)
B303 1647.0600 1354.8000 (11.11 12.01 2 1)
B304 1681.3900 1514.4900 (18.53 75.88 2 1)
B305 1593.5400 1467.8700 (94.12 25.59 1 2)
B306 557.3300 1777.8800 (44.38 75.71 1 1)
B307 540.7700 2158.6100 (18.68 23.89 2 2)
B308 30.3600 1275.6700 (84.89 66.09 2 1)
B309 392.0100 1183.3000 (62.13 21.60 2 1)
B310 681.7800 66.5300 (59.98 61.94 3 3)
B311 571.7100 2132.2500 (30.33 30.97 1 1)
B312 778.4200 568.3800 (44.32 16.82 2 3)
B313 1434.6700 1350.8100 (57.32 26.70 1 3)
B314 1378.7700 1922.2900 (91.66 6.16 3 1)
B315 1906.1000 159.5900 (85.99 21.29 1 3)
B316 817.6900 892.1300 (17.40 25.83 3 3)
B317 1676.2700 899.4800 (20.88 37.18 1 3)
B318 1889.0900 134.3900 (17.01 57.98 2 3)
B319 746.4400 1437.3100 (17.86 29.59 3 3)
B320 385.3100 1379.1100 (81.74 31.62 3 2)
B321 1312.0100 2107.5400 (48.22 25.84 1 3)
B322 1942.3500 1374.3600 (38.59 47.74 3 2)
B323 1868.6000 511.8100 (29.21 43.07 1 3)
B324 1879.3700 2162.8200 (92.87 5.81 3 3)
B325 1948.3000 1822.3500 (113.34 61.62 1 1)
B326 1210.2200 549.1200 (35.46 55.87 2 3)
B327 837.8100 441.5300 (6.44 42.88 2 1)
B328 1072.0900 235.5800 (62.59 67.01 3 1)
B329 1305.3700 1496.2300 (69.77 37.62 3 2)
B330 1263.7800 2076.3700 (22.86 7.16 1 2)
B331 1181.8600 984.6000 (72.44 19.01 2 2)
B332 1409.4200 1838.4100 (86.16 21.26 2 2)
B333 32.3600 226.7800 (91.27 42.05 3 1)
B334 1577.2400 2333.3000 (119.03 4.33 1 2)
B335 1801.5600 1531.9900 (97.56 9.16 1 3)
B336 1251.3000 735.7800 (76.84 73.88 3 2)
B337 140.1600 1620.8100 (77.87 31.60 3 3)
B338 1964.5700 2434.8600 (66.03 29.27 1 1)
B339 124.7000 1652.4100 (67.98 67.18 3 2)
B340 1012.8500 2223.7600 (148.15 40.63 2 2)
B341 771.6300 809.1600 (58.94 34.29 1 2)
B342 337.7800 1140.9600 (48.43 19.07 3 2)
B343 1642.7600 1973.4900 (27.86 14.11 2 3)
B344 1755.8700 1090.4000 (10.40 39.27 2 2)
B345 1533.6000 2426.3300 (128.27 15.08 3 1)
B346 1402.0900 1495.6700 (10.29 29.61 3 3)
B347 1149.8000 50.0800 (47.21 61.85 1 3)
B348 1203.2300 1018.0900 (78.24 5.09 3 2)
B349 49.2400 1897.7300 (2.66 37.37 2 1)
B350 115.8500 81.5500 (66.06 44.69 2 1)
B351 561.3300 2308.2500 (76.34 77.56 1 3)
B352 385.3100 1436.5900 (24.18 2.30 1 3)
B353 417.7300 528.1500 (137.50 33.42 1 2)
B354 910.0300 1437.6200 (42.07 3.20 3 1)
B355 655.8600 726.5200 (115.77 4.49 1 1)
B356 1719.5000 474.7500 (42.87 74.66 1 3)
B357 412.2800 0.0000 (112.68 5.35 3 1)
B358 928.2200 1049.0100 (69.66 9.57 1 2)
B359 1211.5300 293.2600 (4.14 44.14 1 3)
B360 896.6800 374.1300 (144.02 68.23 3 1)
B361 655.8600 712.9300 (42.22 10.16 2 1)
B362 1766.1500 2207.3100 (26.37 15.91 1 3)
B363 1706.2500 616.0600 (39.15 74.19 1 3)
B364 929.8600 1137.4900 (17.71 17.14 2 1)
B365 237.1900 1930.1900 (101.95 12.39 1 1)
B366 771.6300 757.2600 (57.30 48.29 2 3)
B367 535.3400 1160.7000 (146.56 45.68 3 3)
B368 1640.7900 1295.2000 (6.27 44.00 1 2)
B369 1520.9400 1553.7000 (92.20 17.37 1 1)
B370 1476.8100 724.8700 (33.69 38.21 1 3)
B371 1463.0200 153.7600 (67.10 49.79 1 1)
B372 895.1100 0.0000 (32.87 5.72 1 1)
B373 362.7600 165.5000 (45.78 51.07 1 3)
B374 704.2100 1710.6500 (122.94 64.21 3 3)
B375 1016.2800 2088.2300 (75.15 28.79 1 2)
B376 1548.4200 2125.5500 (59.95 3.36 3 3)
B377 273.8000 1525.6400 (45.64 60.76 1 1)
B378 709.6300 1624.0000 (5.65 72.64 3 1)
B379 1960.5800 1062.8600 (86.01 31.36 2 1)
B380 1294.3000 1549.7100 (43.88 61.54 2 1)
B381 367.1200 2156.1900 (39.13 68.59 2 1)
B382 734.0000 128.4700 (149.99 20.23 2 3)
B383 339.4300 2362.4700 (43.47 64.69 2 2)
B384 1321.0300 2034.7500 (133.00 16.82 3 1)
B385 1033.3200 1075.1500 (12.08 43.36 1 3)
B386 100.5200 1936.1300 (46.77 8.43 3 2)
B387 1631.3200 276.1000 (9.51 14.72 2 2)
B388 901.4100 2147.8400 (7.93 51.19 2 2)
B389 1264.3900 205.2500 (132.22 19.00 2 2)
B390 1092.5900 2268.5900 (67.20 55.64 3 1)
B391 273.1000 662.3700 (120.05 4.29 2 2)
B392 1048.5600 2324.5800 (36.79 4.27 3 1)
B393 632.5000 582.8200 (128.14 3.85 2 3)
B394 1630.9300 45.6900 (119.03 34.41 2 2)
B395 1162.0900 1773.0900 (48.97 76.75 1 3)
B396 1607.0100 153.7600 (23.92 45.38 3 3)
B397 1980.9400 1374.3600 (41.30 26.26 1 3)
B398 1029.7500 312.8000 (53.48 35.40 1 1)
B399 796.0600 1141.8800 (53.05 46.82 2 1)
B400 674.9300 1340.5600 (149.31 20.97 3 1)
B401 1792.6100 474.7500 (25.33 11.83 3 3)
B402 1524.4800 296.3200 (48.30 76.38 1 2)
B403 362.7600 160.6200 (46.42 4.88 2 2)
B404 672.0000 1703.7500 (23.37 20.36 3 2)
B405 258.2300 1990.6000 (3.64 78.37 2 2)
B406 1515.7600 544.6100 (131.38 13.23 2 3)
B407 192.6300 814.2300 (89.38 31.95 1 2)
B408 1921.6200 1925.8900 (5.40 79.57 1 3)
B409 1237.2000 846.1100 (20.38 32.63 2 1)
B410 742.2500 586.6700 (36.17 4.38 1 2)
B411 568.2700 538.4200 (64.23 19.75 1 2)
B412 1626.1800 1212.8700 (13.73 3.40 2 2)
B413 1940.2100 1986.4100 (67.17 9.11 1 3)
B414 1980.9400 1400.6200 (48.87 14.03 2 1)
B415 1822.3600 573.7900 (46.24 54.37 2 3)
B416 416.4300 1523.6800 (136.66 11.75 2 3)
B417 1095.0800 1534.9300 (38.40 74.15 3 3)
B418 1100.1000 2121.7100 (21.79 29.16 1 3)
B419 1143.4500 1971.7600 (6.15 27.59 2 3)
B420 1773.7500 0.0000 (53.38 2.55 2 1)
B421 1509.0800 1805.6300 (73.32 21.75 3 3)
B422 115.2500 1343.5200 (112.05 8.07 1 3)
B423 499.6900 5.3500 (120.23 4.52 2 3)
B424 591.4000 252.7200 (148.47 20.24 2 2)
B425 779.7300 648.2100 (119.00 13.07 2 1)
B426 916.4400 639.6700 (28.52 66.77 3 3)
B427 1309.6800 402.4700 (113.74 20.62 1 3)
B428 672.0000 1724.1100 (19.21 72.23 3 1)
B429 1655.9100 243.8700 (8.10 69.40 1 1)
B430 1386.6400 1549.7100 (23.98 15.89 1 3)
B431 1213.8100 1762.3800 (132.20 3.98 2 3)
B432 1547.8700 844.6600 (53.97 9.81 3 3)
B433 1423.4200 370.8200 (5.37 66.45 1 3)
B434 990.6800 504.2300 (30.69 19.02 3 3)
B435 1239.6200 0.0000 (77.55 48.29 2 3)
B436 1551.8300 2333.3000 (25.41 40.08 3 3)
B437 1091.3500 312.8000 (9.56 77.99 3 3)
B438 1378.4500 55.3800 (72.63 77.79 2 1)
B439 1960.2300 1577.8900 (98.76 36.82 1 1)
B440 1534.5400 0.0000 (3.73 51.43 1 1)
B441 1288.9200 512.6100 (26.43 63.13 1 1)
B442 915.0400 245.3300 (116.44 6.20 3 2)
B443 69.3600 1504.9300 (101.60 23.86 1 1)
B444 449.6800 1911.6500 (48.97 59.31 1 2)
B445 864.1700 2352.8900 (75.68 23.59 3 3)
B446 1593.1400 948.1000 (57.26 19.88 1 2)
B447 1131.8100 488.6100 (35.77 62.82 1 3)
B448 716.4600 462.6200 (111.59 2.21 1 1)
B449 1235.5000 1023.1800 (100.81 13.28 3 1)
B450 1440.0800 760.8100 (28.52 31.44 1 2)
B451 275.0300 985.4000 (147.43 27.83 1 2)
B452 915.9600 102.1800 (72.54 48.77 2 2)
B453 1208.9600 1474.7300 (122.50 21.50 2 1)
B454 601.7100 1771.8500 (11.00 7.90 3 2)
B455 181.7700 1934.2200 (17.06 27.14 3 3)
B456 1808.5800 317.3700 (20.49 25.37 3 2)
B457 988.7000 608.8500 (59.10 17.84 2 2)
B458 218.0300 1556.3400 (13.53 74.51 1 1)
B459 684.7400 181.3500 (59.09 67.05 2 2)
B460 1190.6500 915.8100 (72.54 48.72 2 2)
B461 1197.0100 147.3300 (53.28 30.48 3 1)
B462 291.1700 515.9700 (57.60 9.37 3 3)
B463 215.5100 1786.2500 (4.84 11.70 2 1)
B464 419.0300 2251.0600 (121.74 39.91 2 2)
B465 1927.0200 1925.8900 (13.19 42.43 2 1)
B466 1441.2300 1270.3900 (22.24 2.01 3 1)
B467 244.7500 1140.9600 (41.95 22.18 1 1)
B468 1507.6700 132.1500 (101.58 9.01 2 3)
B469 1817.5100 1148.7600 (117.96 13.65 3 2)
B470 126.7200 1832.3800 (113.64 7.07 2 2)
B471 1902.3700 1746.3300 (49.46 76.02 3 1)
B472 1021.3700 482.3100 (136.22 6.30 3 1)
B473 1942.3500 1357.2400 (71.99 17.12 3 3)
B474 1847.4400 2360.2300 (24.08 7.62 3 3)
B475 1208.9600 1496.2300 (85.34 19.45 1 1)
B476 244.7500 1163.1400 (3.18 41.53 2 1)
B477 1184.3000 184.8500 (45.07 27.76 1 3)
B478 1318.6800 1414.7000 (115.99 45.47 3 2)
B479 1766.1500 2177.9200 (55.42 12.64 2 2)
B480 832.5700 2298.2500 (31.60 16.69 3 2)
B481 362.5400 401.3700 (114.45 55.47 1 3)
B482 78.9300 1528.7900 (48.84 35.77 2 1)
B483 741.5300 925.4400 (22.10 4.41 1 1)
B484 869.4400 1635.9800 (12.39 71.54 1 3)
B485 1343.7900 0.0000 (78.71 15.29 2 1)
B486 1264.1000 519.1800 (24.82 65.68 1 1)
B487 373.1900 1613.5200 (10.70 9.36 3 3)
B488 273.1000 651.5700 (45.67 10.80 3 2)
B489 1669.0600 2389.4800 (12.60 26.38 3 1)
B490 921.7600 585.0300 (79.29 20.14 2 3)
B491 1592.6600 1638.5700 (51.73 46.50 2 2)
B492 1294.3000 1636.7400 (61.32 58.39 3 3)
B493 169.7800 519.4300 (25.94 2.62 1 3)
B494 1542.4500 372.7000 (94.98 52.39 2 2)
B495 291.1700 525.3400 (59.95 48.24 2 2)
B496 119.8500 420.8700 (17.83 16.01 3 2)
B497 1986.5500 849.2800 (33.00 28.70 1 1)
B498 59.4000 268.8300 (129.95 14.63 3 2)
B499 876.9300 1296.3600 (36.21 35.42 3 2)
B500 273.9000 1252.6600 (118.11 6.25 1 3)
B501 823.2800 1032.6000 (100.17 39.75 3 1)
B502 706.6200 2202.4000 (110.96 10.52 2 2)
B503 1899.9700 0.0000 (5.57 64.40 3 2)
B504 1222.4000 820.1400 (115.57 5.23 3 1)
B505 592.1100 1229.8900 (138.16 6.69 2 3)
B506 2002.8600 926.8700 (3.18 48.18 3 3)
B507 689.4900 2251.9000 (135.40 22.36 3 1)
B508 1801.0000 1053.8900 (13.96 7.34 2 3)
B509 389.2600 0.0000 (23.02 12.57 1 3)
B510 478.1000 1172.2600 (55.62 74.59 2 1)
B511 327.1200 746.5200 (34.63 31.23 3 3)
B512 320.3000 0.0000 (68.96 66.97 3 3)
B513 1527.7300 564.9100 (98.63 6.55 3 3)
B514 1254.8000 226.4900 (148.37 70.66 3 3)
B515 1716.3600 767.0800 (99.49 4.75 2 1)
B516 1622.7400 762.1800 (49.33 5.25 1 2)
B517 1509.6200 259.3500 (4.02 44.97 1 2)
B518 779.7300 661.2800 (111.88 21.59 2 2)
B519 1286.6400 2133.3800 (66.46 42.23 1 1)
B520 393.1500 620.8000 (17.81 5.24 3 2)
B521 1363.4700 1346.8800 (69.47 20.64 1 2)
B522 173.3500 1028.5200 (62.58 15.91 3 1)
B523 1216.1800 2163.3500 (4.76 59.50 3 3)
B524 1133.4800 1608.1000 (61.77 33.85 1 3)
B525 1077.6500 1572.0400 (14.01 39.60 1 1)
B526 1710.5700 2321.5200 (7.26 44.26 1 3)
B527 269.2700 1832.3800 (33.15 2.43 3 2)
B528 316.7800 2321.0300 (13.88 11.93 2 3)
B529 1866.9600 1614.7100 (100.24 7.85 3 3)
B530 1012.8500 1908.2400 (125.99 60.11 2 1)
B531 1791.3500 1524.0100 (72.12 7.98 2 3)
B532 1629.2600 1886.0000 (84.28 46.01 3 1)
B533 133.5100 0.0000 (97.39 7.28 2 1)
B534 513.6400 2043.4400 (116.33 2.02 2 3)
B535 752.9800 2416.0300 (88.33 3.78 1 3)
B536 1183.9900 2461.4300 (136.47 4.41 1 2)
B537 1499.0200 678.8600 (64.67 5.86 2 1)
B538 1842.8200 2100.4700 (119.83 27.90 3 2)
B539 1213.8100 1735.4100 (149.99 26.97 3 2)
B540 409.1800 319.6300 (59.92 73.34 1 1)
B541 1033.3800 1400.1600 (37.74 24.70 2 1)
B542 499.2700 872.3500 (34.88 69.77 1 3)
B543 1725.6300 408.4500 (2.14 23.02 3 3)
B544 189.3500 201.0400 (52.30 73.78 2 2)
B545 685.7500 892.1300 (131.94 33.31 2 1)
B546 805.2800 464.8300 (10.60 47.91 2 3)
B547 1397.5500 1682.7400 (10.81 41.07 2 3)
B548 898.8300 2285.7900 (63.57 67.10 1 3)
B549 1098.9200 1259.2800 (41.92 47.24 3 3)
B550 929.8600 1303.2400 (32.79 36.15 1 3)
B551 467.0500 1379.1100 (14.42 18.70 2 2)
B552 126.7200 1795.0200 (47.78 14.67 2 3)
B553 1882.9900 888.8400 (38.78 6.17 3 3)
B554 1717.8300 2343.9600 (84.97 21.73 3 2)
B555 594.8000 1920.0800 (91.32 17.51 2 2)
B556 1091.6600 911.6200 (42.41 35.18 3 1)
B557 1509.2600 1295.2000 (128.53 23.36 1 2)
B558 1792.3800 2223.2200 (20.65 39.30 1 1)
B559 1375.1400 1460.1700 (12.66 39.48 3 3)
B560 1622.1100 1379.6100 (18.68 35.08 3 2)
B561 223.7500 720.1000 (43.01 12.89 1 1)
B562 389.2600 12.5700 (110.43 38.82 2 1)
B563 1438.3300 1201.4800 (35.65 68.91 1 2)
B564 706.6200 2167.3200 (47.97 29.02 3 3)
B565 1082.3100 1821.5000 (28.62 13.64 2 1)
B566 1275.7200 423.0900 (42.05 2.92 2 3)
B567 1409.0500 2207.4500 (8.15 29.30 3 1)
B568 30.3600 1745.8900 (2.35 12.16 2 2)
B569 424.5300 101.3800 (141.09 3.05 3 1)
B570 1423.4400 513.4400 (119.21 23.42 2 2)
B571 1710.5700 2378.3600 (126.21 51.54 2 1)
B572 1701.6600 1502.4000 (12.99 26.58 3 1)
B573 286.7000 1140.9600 (42.55 76.88 1 1)
B574 453.3100 2076.4200 (131.50 55.83 2 1)
B575 1500.7500 1797.9100 (8.33 4.33 1 3)
B576 1436.3300 1034.3600 (30.31 51.94 2 3)
B577 806.3700 1032.6000 (16.91 67.44 2 2)
B578 32.7100 1886.9600 (67.81 10.77 3 1)
B579 103.0700 1908.7600 (26.31 12.66 2 1)
B580 19.4400 692.2000 (6.05 10.96 3 1)
B581 119.8500 283.4600 (139.89 20.24 2 3)
B582 1268.7600 55.6600 (15.13 5.19 1 2)
B583 771.6300 682.8700 (13.74 45.76 2 2)
B584 1559.8300 1088.3300 (17.24 74.54 1 2)
B585 138.2400 1719.5900 (8.06 69.44 3 3)
B586 1025.2100 2140.5800 (2.25 19.55 3 2)
B587 311.6700 1355.3200 (55.45 26.30 3 1)
B588 241.5800 353.1200 (26.08 37.20 1 3)
B589 1149.6000 1971.7600 (16.74 3.70 3 1)
B590 828.0500 462.6200 (9.76 46.10 2 3)
B591 1745.4000 609.6800 (4.82 9.25 1 1)
B592 1791.3500 1277.4600 (34.68 26.18 3 1)
B593 599.8600 1111.2400 (8.38 26.97 2 1)
B594 1237.0800 1337.6500 (126.39 13.65 3 3)
B595 575.4100 1572.3400 (3.52 48.72 3 3)
B596 134.3900 1398.9100 (18.46 21.68 1 3)
B597 6.6300 1127.6000 (68.22 65.34 3 2)
B598 1740.0200 249.3200 (8.29 71.65 2 2)
B599 1474.6200 763.3300 (36.64 8.83 3 2)
B600 1976.7700 1705.0700 (36.23 22.65 1 1)
B601 1815.8500 706.9000 (6.87 19.42 2 2)
B602 1806.7900 1200.2600 (38.05 68.47 2 2)
B603 244.7500 1217.8400 (93.03 29.03 1 2)
B604 341.8100 789.9000 (57.56 4.93 3 2)
B605 671.7000 449.1500 (44.76 12.97 1 1)
B606 1805.1200 1603.7800 (61.84 64.47 3 3)
B607 533.7200 1206.3800 (42.46 33.28 1 1)
B608 1108.6000 2061.0200 (46.27 7.36 3 1)
B609 1755.8700 1129.6700 (61.64 53.68 3 1)
B610 1542.6500 473.0800 (39.00 68.32 1 3)
B611 1054.1300 238.9300 (8.17 66.54 3 1)
B612 1454.0300 2034.7500 (96.96 22.86 2 3)
B613 596.6700 1310.3200 (78.26 34.42 2 2)
B614 1921.8600 650.2900 (70.83 12.70 1 3)
B615 1491.2300 825.1800 (43.36 17.32 1 3)
B616 878.2800 1230.5900 (51.58 6.94 3 3)
B617 1866.9600 1646.7600 (36.29 25.43 1 3)
B618 1225.2000 445.7500 (3.08 38.94 2 1)
B619 1725.6300 360.4100 (38.52 48.04 3 2)
B620 1692.5900 2223.2200 (99.79 73.13 2 1)
B621 1435.1100 2338.7000 (10.55 37.29 3 1)
B622 1855.0500 1450.5300 (55.26 26.38 2 2)
B623 719.6200 2351.9500 (60.55 2.17 2 1)
B624 1628.6200 665.1000 (46.40 54.48 3 2)
B625 898.7300 608.8500 (18.85 24.26 2 2)
B626 1668.5000 1932.0100 (112.73 10.83 2 2)
B627 1501.4000 2389.5300 (88.18 12.91 2 3)
B628 1363.8000 1755.8800 (53.39 60.87 2 3)
B629 32.7100 1897.7300 (16.53 60.15 2 1)
B630 1555.4400 858.0800 (136.46 14.84 2 3)
B631 1705.1000 2148.6300 (40.84 22.50 3 3)
B632 1967.2400 1732.7700 (56.58 7.57 2 1)
B633 1803.2000 1018.1200 (85.83 3.18 3 1)
B634 1419.7000 1886.0600 (96.62 8.89 3 1)
B635 997.8800 1068.9700 (49.49 6.18 1 2)
B636 49.2400 2018.4300 (26.17 62.72 3 3)
B637 655.8600 731.0100 (32.73 48.75 2 1)
B638 192.6800 1766.9000 (22.83 6.84 3 3)
B639 746.6200 1147.7500 (19.91 21.95 3 2)
B640 223.7500 645.6700 (25.01 42.38 3 3)
B641 1423.4400 473.7200 (2.93 39.72 3 2)
B642 1222.4000 846.1100 (14.80 38.40 3 3)
B643 891.9600 1132.2200 (43.44 5.27 1 3)
B644 504.2200 1020.2600 (95.64 14.60 3 3)
B645 1143.4500 2018.2300 (101.90 34.96 2 3)
B646 1215.7400 1232.2600 (84.25 32.66 1 3)
B647 64.3600 436.8800 (59.55 33.87 2 2)
B648 1448.7000 0.0000 (85.84 7.13 2 3)
B649 259.7400 201.0400 (69.36 75.40 3 3)
B650 796.0600 1188.7000 (56.03 23.42 3 3)
B651 787.5200 935.5300 (138.31 19.71 1 3)
B652 195.1900 907.1500 (54.86 66.28 1 3)
B653 1542.4500 425.0900 (66.55 22.97 3 2)
B654 1713.2900 690.2500 (18.81 24.10 2 1)
B655 1395.6900 2065.3200 (80.14 58.67 3 2)
B656 1942.3500 1255.3300 (88.22 28.19 2 1)
B657 300.8600 2251.0600 (118.17 3.82 1 2)
B658 1060.9100 348.2000 (19.82 6.33 1 2)
B659 481.1400 942.1200 (52.41 11.61 2 1)
B660 2043.4600 1917.5500 (16.98 76.63 2 3)
B661 1421.6300 1162.8700 (149.29 5.19 2 3)
B662 1804.0800 2099.1700 (26.80 16.79 3 1)
B663 101.7000 0.0000 (31.81 10.74 3 1)
B664 756.9000 1632.6500 (13.10 74.86 2 2)
B665 620.7800 1909.8200 (124.85 10.26 2 1)
B666 119.8500 303.7000 (99.80 9.35 3 2)
B667 179.1400 900.7400 (77.23 6.41 1 3)
B668 1091.4300 2094.5500 (88.77 27.16 1 3)
B669 258.9400 666.6600 (138.33 4.87 1 1)
B670 311.6700 1319.4100 (24.77 29.36 1 1)
B671 1884.7400 1214.8200 (26.22 48.10 3 2)
B672 504.2200 1069.7700 (70.02 69.88 2 3)
B673 417.7300 561.5700 (23.29 9.54 3 1)
B674 316.7800 2254.8800 (77.75 17.93 3 2)
B675 47.3000 1731.1300 (43.83 78.24 3 1)
B676 1857.0200 2020.9300 (145.24 27.54 3 2)
B677 1077.6500 1670.2000 (136.28 44.31 3 3)
B678 1132.4000 2432.0600 (28.56 15.23 3 2)
B679 1593.1400 996.1500 (96.05 2.24 1 1)
B680 1873.6600 2288.3700 (78.41 5.03 3 1)
B681 839.4100 1462.8900 (19.28 27.62 2 3)
B682 180.8200 1385.6400 (42.65 4.01 1 1)
B683 1813.9600 836.1900 (69.03 5.18 2 3)
B684 1662.0500 1656.3500 (17.91 66.67 3 2)
B685 153.3700 420.8700 (6.61 66.54 1 2)
B686 101.9700 1127.6000 (28.77 75.75 1 3)
B687 906.6000 1137.4900 (5.85 70.26 2 2)
B688 422.6300 128.4900 (2.79 16.51 3 3)
B689 1714.6500 1505.8100 (20.93 65.28 1 2)
B690 796.0600 627.4800 (67.49 16.09 1 2)
B691 1660.4900 1849.0500 (103.37 18.86 2 2)
B692 265.8200 1397.7900 (119.49 24.00 3 2)
B693 538.9400 1293.7500 (57.73 75.23 2 2)
B694 1375.0400 536.8600 (65.32 19.40 3 2)
B695 1492.8800 1249.7600 (134.32 8.53 2 2)
B696 1593.1400 998.3900 (146.48 13.75 2 2)
B697 827.6000 2058.0500 (109.07 28.45 1 1)
B698 828.2600 2147.8400 (11.73 15.60 2 1)
B699 2014.7000 1917.5500 (4.32 23.71 3 3)
B700 1743.1400 738.5100 (10.69 28.57 1 2)
B701 662.4400 1016.0400 (21.59 35.88 3 3)
B702 778.4200 544.1400 (73.90 24.24 1 3)
B703 1222.4000 889.4100 (114.23 10.35 3 3)
B704 793.2600 1967.9700 (6.74 77.74 1 3)
B705 1654.0100 1636.4400 (59.41 15.55 3 1)
B706 806.3700 1128.3000 (24.32 4.62 2 2)
B707 1242.8000 1466.3200 (58.29 8.41 3 1)
B708 592.1100 1266.0500 (35.12 27.70 2 3)
B709 734.0000 148.7000 (143.13 2.79 3 3)
B710 82.4800 2020.1200 (132.28 40.24 2 2)
B711 1663.7400 431.7600 (17.09 64.94 1 3)
B712 119.8500 313.0500 (118.56 54.31 3 3)
B713 1035.9000 2117.0200 (52.63 16.27 3 3)
B714 1134.6800 238.0200 (120.12 55.24 3 3)
B715 1850.7900 1430.0200 (74.16 20.51 2 2)
B716 1827.1300 0.0000 (39.40 52.82 2 3)
B717 1511.2600 763.3300 (36.61 58.28 3 2)
B718 774.5600 1296.3600 (72.51 25.35 1 3)
B719 1958.4200 1485.9000 (89.94 31.30 2 2)
B720 962.4000 2354.2600 (40.65 56.12 3 3)
B721 672.3500 2311.8300 (47.27 77.01 2 2)
B722 1254.0200 2175.6100 (70.86 5.49 3 3)
B723 149.5400 1291.2700 (78.74 34.13 2 2)
B724 1663.7400 609.6800 (40.22 19.65 1 2)
B725 1091.6600 1427.8900 (91.60 43.46 1 2)
B726 608.4100 1718.1100 (53.81 31.05 3 2)
B727 1256.4800 1951.8400 (130.96 3.32 1 3)
B728 775.2300 1212.1200 (131.37 13.64 3 1)
B729 897.0100 1095.0700 (16.67 37.15 3 2)
B730 1740.0200 178.3200 (91.88 59.18 3 2)
B731 1401.1500 2148.4800 (7.90 7.27 3 1)
B732 1091.6600 1471.3500 (70.51 63.58 1 3)
B733 1143.4500 1913.5000 (93.42 58.26 1 2)
B734 1092.5900 2264.3900 (31.33 4.20 3 3)
B735 582.3800 143.1200 (4.45 12.06 2 2)
B736 1162.1700 904.3600 (58.60 11.45 1 3)
B737 1134.0700 997.8600 (22.99 79.18 1 3)
B738 1773.7500 70.2900 (6.11 41.03 2 1)
B739 1466.4700 2311.9900 (63.94 56.33 2 3)
B740 50.3300 807.2200 (82.88 41.46 3 2)
B741 1898.8200 2236.6400 (12.28 22.66 1 2)
B742 1942.1800 1517.2000 (112.49 60.69 1 1)
B743 173.3500 1057.4100 (79.61 4.28 1 3)
B744 112.3600 2388.7300 (63.93 2.24 2 2)
B745 780.1700 2405.5200 (111.30 10.51 3 1)
B746 373.1900 1555.3400 (43.24 58.18 3 1)
B747 1842.8200 2051.1000 (68.28 41.77 2 3)
B748 1308.4500 2308.2700 (62.60 66.86 1 2)
B749 1978.6700 2220.9200 (42.00 79.08 2 2)
B750 1124.9600 2454.1800 (8.18 4.77 1 1)
B751 1946.9100 2220.9200 (31.11 53.03 3 2)
B752 923.4500 1058.5800 (8.96 32.03 1 3)
B753 1222.4000 825.3700 (77.49 20.74 3 1)
B754 389.2600 51.3900 (14.60 6.27 2 3)
B755 1213.8100 1766.3600 (7.15 41.40 1 1)
B756 1813.9600 828.7100 (20.89 7.48 1 2)
B757 1863.8300 354.1200 (95.77 28.27 2 2)
B758 451.2200 953.7300 (48.60 62.75 3 3)
B759 233.4700 1103.3000 (100.03 13.07 3 3)
B760 1162.0900 1717.7700 (51.72 55.32 1 3)
B761 382.9000 2338.4500 (28.47 28.38 2 1)
B762 1739.6200 986.2200 (75.38 30.70 3 3)
B763 604.1600 1816.4900 (41.71 33.47 1 1)
B764 828.9300 757.2600 (15.55 51.90 3 1)
B765 1220.9600 1843.8100 (14.83 2.27 1 1)
B766 1437.9700 2158.3100 (6.89 32.19 3 3)
B767 1387.8000 1467.8700 (113.93 27.80 3 1)
B768 1260.4300 1001.5600 (53.44 11.58 3 1)
B769 1326.0200 1843.9900 (83.40 10.03 3 1)
B770 19.4400 81.1200 (3.05 61.61 1 2)
B771 844.4800 757.2600 (29.42 67.07 3 3)
B772 1863.8300 331.4900 (85.46 22.63 1 3)
B773 591.4000 272.9600 (55.23 55.81 3 1)
B774 1357.5500 637.0500 (75.14 51.89 1 1)
B775 1548.4200 2057.6100 (72.91 10.70 1 3)
B776 684.0300 1008.3200 (71.85 10.21 2 2)
B777 123.1900 623.5700 (24.50 11.67 2 2)
B778 563.5600 1377.1600 (80.01 22.16 2 3)
B779 248.4400 2216.6000 (26.77 2.38 1 1)
B780 520.9200 727.8600 (131.34 12.98 1 3)
B781 640.6400 378.6200 (29.60 8.88 1 1)
B782 1077.6500 1835.1400 (15.82 73.10 2 3)
B783 21.6300 506.4400 (81.89 22.51 2 1)
B784 724.4400 586.6700 (17.81 22.85 2 3)
B785 1256.4800 1955.1600 (123.18 5.07 1 3)
B786 1739.6200 982.8300 (46.44 3.39 1 3)
B787 1134.0700 1218.3900 (46.50 40.89 1 1)
B788 1239.8000 1209.4500 (75.86 22.81 1 2)
B789 1203.2300 1003.6100 (57.20 14.48 2 1)
B790 327.7500 1453.1700 (145.43 55.25 3 2)
B791 648.7600 2459.2400 (104.22 13.74 3 3)
B792 708.5800 1018.5300 (78.94 69.58 3 2)
B793 1134.0700 1117.0100 (45.91 55.33 3 1)
B794 719.6200 2311.8300 (65.40 40.12 2 2)
B795 568.2600 1718.1100 (40.15 53.74 3 1)
B796 513.6400 2031.9800 (120.94 11.46 2 1)
B797 1180.5700 1277.7400 (127.90 29.56 2 2)
B798 1581.6900 779.7200 (105.88 12.58 3 3)
B799 1438.4000 660.3300 (64.84 18.53 1 3)
B800 348.7700 480.9800 (55.67 12.14 1 1)
B801 145.3600 821.7200 (46.96 12.00 2 2)
B802 117.4500 1389.6500 (89.22 9.26 3 3)
B803 540.7700 2304.9200 (73.15 3.33 3 2)
B804 1850.7900 1450.5300 (4.26 28.93 3 2)
B805 1563.3400 2213.4400 (125.89 22.08 3 3)
B806 1149.3000 1875.8000 (132.21 7.66 1 2)
B807 385.3100 1345.9800 (91.53 33.13 3 3)
B808 103.0700 1886.9600 (7.05 21.80 3 2)
B809 1555.4400 948.1000 (37.70 19.64 2 1)
B810 733.9600 1920.0800 (93.64 47.89 2 2)
B811 1838.0100 2051.1000 (4.81 32.10 1 3)
B812 22.4900 153.6600 (32.90 72.39 3 3)
B813 1689.8700 2038.6800 (62.95 71.94 1 1)
B814 1200.9700 293.2600 (10.56 40.34 1 2)
B815 609.6900 9.8700 (101.09 5.11 2 1)
B816 1776.3700 807.8600 (22.84 21.50 2 1)
B817 1679.9600 1656.3500 (18.50 42.92 2 3)
B818 406.6700 2060.4900 (114.60 15.93 2 3)
B819 1873.6600 2328.3100 (141.18 19.92 1 3)
B820 409.1800 105.3600 (13.45 27.44 1 3)
B821 1704.3900 2110.6200 (42.73 5.81 3 1)
B822 1762.3700 474.7500 (30.24 72.23 1 2)
B823 725.8100 128.4700 (8.19 52.88 2 3)
B824 823.4700 539.5500 (98.29 4.59 1 1)
B825 568.2700 634.9500 (80.09 26.41 1 3)
B826 674.8200 1507.2800 (125.93 31.62 1 3)
B827 1906.1000 138.2300 (131.53 21.36 3 2)
B828 1029.4300 2349.9300 (70.14 49.28 2 3)
B829 1613.1400 1514.4900 (65.19 78.82 2 3)
B830 432.3100 1645.0500 (143.10 38.46 2 1)
B831 765.2000 0.0000 (129.91 20.34 3 1)
B832 1328.1400 746.7400 (148.67 6.07 3 1)
B833 1585.7400 448.0600 (16.40 32.97 1 1)
B834 992.2800 56.4700 (106.27 65.79 2 2)
B835 1977.4800 0.0000 (38.50 38.03 2 1)
B836 1637.4300 328.3600 (38.88 17.98 2 1)
B837 698.0800 674.2900 (35.72 52.23 3 1)
B838 169.7800 534.5600 (78.75 26.44 1 1)
B839 1831.9000 149.1900 (18.59 63.19 3 1)
B840 425.4200 128.4900 (52.34 7.97 3 1)
B841 796.9400 20.3400 (66.17 25.62 2 3)
B842 1346.0100 1816.7500 (143.27 11.37 1 1)
B843 1016.2800 2140.5800 (8.93 8.43 3 3)
B844 997.8800 1088.4000 (18.81 9.49 1 2)
B845 1766.1500 2099.1700 (37.93 78.75 1 1)
B846 1601.8400 792.3000 (42.71 55.82 2 3)
B847 223.7500 732.9900 (142.83 11.06 2 2)
B848 1689.2300 2213.4400 (76.92 7.00 2 2)
B849 737.8500 524.4600 (101.14 4.12 2 3)
B850 259.7400 276.4400 (147.05 26.40 1 3)
B851 302.4200 1824.1100 (113.30 50.16 1 1)
B852 1813.3700 2045.5700 (29.81 5.53 1 3)
B853 1679.9600 1699.2700 (105.59 2.57 2 3)
B854 1790.8000 829.3600 (13.88 79.80 2 3)
B855 1518.0800 1542.7400 (26.84 10.96 1 3)
B856 140.1600 1528.7900 (125.66 19.04 1 1)
B857 1897.8100 559.4800 (5.93 32.12 2 3)
B858 1012.8500 1572.0400 (64.80 13.39 3 2)
B859 318.7700 608.9500 (2.23 43.83 1 3)
B860 1266.5700 2396.4700 (89.72 64.96 2 3)
B861 591.8200 1481.5200 (83.00 29.77 1 3)
B862 1830.8800 2260.4000 (22.06 9.70 1 1)
B863 1264.1000 584.8600 (85.52 52.89 2 1)
B864 582.3800 105.4000 (42.11 37.72 1 2)
B865 1918.0700 1211.2700 (38.20 25.46 2 3)
B866 21.6300 470.7500 (99.49 35.69 1 1)
B867 1910.3100 1476.1400 (48.11 34.73 1 2)
B868 827.5000 1321.7100 (12.74 8.86 2 3)
B869 739.6700 1618.7800 (45.95 13.87 2 2)
B870 755.6000 2354.1200 (21.97 3.68 2 1)
B871 1965.8700 303.3200 (20.43 48.29 2 3)
B872 1548.1900 571.4600 (16.07 64.04 2 3)
B873 411.1900 1261.3300 (20.78 7.95 2 1)
B874 1826.0300 1398.7200 (73.55 31.30 3 2)
B875 1228.2800 445.7500 (47.44 73.43 3 1)
B876 115.2500 1351.5900 (45.54 20.11 3 3)
B877 909.2900 1635.9800 (77.46 43.14 3 1)
B878 425.4200 136.4600 (2.47 7.48 2 3)
B879 1505.1200 2457.1100 (71.20 22.58 2 1)
B880 1593.1400 1012.1400 (50.85 50.25 1 2)
B881 520.9200 763.3900 (69.26 13.90 3 3)
B882 1563.3400 2241.0300 (33.21 18.84 1 3)
B883 1687.5700 690.2500 (25.72 37.80 3 3)
B884 1838.4100 310.5000 (9.18 28.08 3 1)
B885 1812.8400 1672.1900 (72.59 35.63 2 1)
B886 1012.1400 2432.0600 (120.26 8.03 2 1)
B887 750.8000 1209.2000 (24.43 5.86 2 3)
B888 0.0000 2141.6600 (3.55 17.57 3 3)
B889 1012.8500 1524.9300 (74.58 47.11 1 3)
B890 1815.8500 774.2700 (49.66 18.50 1 2)
B891 1581.6900 792.3000 (15.32 52.36 1 3)
B892 1430.8900 1753.2700 (24.94 16.90 3 1)
B893 1087.4300 717.0500 (105.64 46.58 1 1)
B894 1838.4100 270.7900 (40.84 39.71 3 1)
B895 22.6800 1063.2000 (57.78 34.43 2 3)
B896 215.7600 393.0900 (12.56 11.50 2 1)
B897 499.2700 809.5400 (71.35 41.87 1 3)
B898 1898.0400 270.7900 (114.19 32.53 3 2)
B899 828.2600 2283.2400 (70.57 15.01 2 2)
B900 1908.4900 531.8700 (35.04 21.91 3 3)
B901 1432.4000 1086.3000 (147.60 2.03 2 1)
B902 639.9700 545.3300 (35.33 13.68 2 3)
B903 1548.4200 2068.3100 (116.67 5.74 1 2)
B904 1501.7300 1467.8700 (91.81 49.02 2 1)
B905 198.6700 111.8900 (140.53 16.26 1 1)
B906 251.1400 1246.8700 (93.56 5.79 3 2)
B907 1424.0000 948.2700 (67.20 21.19 2 3)
B908 833.6200 1707.5200 (59.29 26.14 2 1)
B909 1640.7900 1440.0700 (16.52 2.80 2 1)
B910 273.9000 1258.9100 (137.29 7.07 3 3)
B911 1527.7300 557.8400 (122.49 7.07 2 3)
B912 238.4100 303.7000 (124.13 12.80 1 1)
B913 1822.7200 723.8800 (76.53 50.39 2 1)
B914 298.0500 1385.5200 (81.79 2.36 3 2)
B915 202.4100 801.5000 (36.98 8.42 1 3)
B916 559.4500 2163.2200 (145.44 31.23 1 1)
B917 392.0100 1237.3700 (19.60 9.41 1 2)
B918 837.4200 220.4400 (90.92 13.06 2 1)
B919 1159.2200 779.0100 (17.68 26.78 1 3)
B920 69.3600 1382.9600 (7.87 31.83 3 3)
B921 424.4000 2212.1600 (76.18 35.94 1 3)
B922 610.1100 840.4100 (44.70 20.36 1 3)
B923 1632.3100 1803.6600 (115.14 28.27 2 1)
B924 1880.5800 895.0100 (9.57 29.47 1 3)
B925 575.4100 1559.4900 (18.04 12.85 2 1)
B926 1654.8400 1291.2900 (97.83 20.70 1 1)
B927 1174.9700 1101.4300 (62.57 3.79 1 3)
B928 1925.9500 1577.8900 (34.28 14.12 2 3)
B929 793.2600 2105.4700 (34.74 27.57 2 2)
B930 237.1900 1990.6000 (21.04 40.71 3 3)
B931 1143.4500 2000.9700 (30.96 17.26 1 2)
B932 476.9900 335.6100 (87.32 2.15 2 2)
B933 263.7000 1619.3600 (33.72 5.26 1 1)
B934 1986.5500 793.4700 (26.59 55.81 1 2)
B935 54.8200 2299.8200 (10.27 63.80 1 2)
B936 1201.7700 2092.0500 (11.04 8.33 1 1)
B937 651.1400 1538.9000 (101.61 8.85 3 3)
B938 499.2700 713.5300 (21.65 56.32 2 2)
B939 303.0500 1030.0900 (146.81 73.21 1 1)
B940 192.6800 1707.0600 (2.77 24.63 2 2)
B941 1905.5400 0.0000 (65.55 60.07 3 2)
B942 1598.7700 4.1000 (128.90 11.85 2 3)
B943 584.4300 1034.8600 (3.21 69.22 2 2)
B944 1501.4200 1894.9500 (121.34 52.65 3 3)
B945 648.3600 604.0600 (44.24 40.46 3 1)
B946 1633.0100 1138.9100 (122.86 73.96 3 1)
B947 1676.2700 893.2800 (40.09 6.20 2 2)
B948 59.4000 283.4600 (53.98 10.76 2 3)
B949 1016.2800 2016.3300 (51.95 57.91 3 1)
B950 362.5400 392.9700 (92.98 8.40 1 1)
B951 706.6200 2163.6300 (121.64 3.69 2 1)
B952 1664.0100 243.8700 (56.05 66.44 3 3)
B953 593.4500 1624.0000 (65.88 61.41 2 3)
B954 1644.5500 807.1700 (69.47 35.39 1 2)
B955 1898.8200 2220.9200 (48.09 15.72 3 3)
B956 513.6400 2008.9500 (121.13 23.03 2 3)
B957 1740.0200 149.1900 (43.07 29.13 3 3)
B958 1524.1800 1974.6800 (21.28 16.79 1 2)
B959 251.1400 1304.2700 (22.76 31.26 1 3)
B960 1564.2600 629.3300 (141.99 29.69 3 1)
B961 745.9600 1861.7500 (79.22 21.85 3 2)
B962 675.7000 14.9800 (89.50 5.63 1 2)
B963 1710.5700 2296.3500 (21.53 25.17 2 1)
B964 119.8500 371.5600 (84.64 49.31 2 2)
B965 822.7400 613.9700 (56.64 13.51 3 1)
B966 1505.1300 1335.8600 (10.33 4.73 3 2)
B967 6.6300 1063.2000 (16.05 33.57 2 2)
B968 1330.4200 63.4700 (48.03 40.11 3 3)
B969 1813.3700 2011.0800 (43.65 34.49 1 1)
B970 1176.9000 779.0100 (45.50 50.10 1 3)
B971 1873.6600 2293.4000 (71.83 25.80 3 2)
B972 1903.7400 641.5900 (6.18 17.43 1 2)
B973 367.1200 1319.4100 (114.00 17.23 1 3)
B974 1698.4600 1662.0400 (66.22 36.46 2 2)
B975 1750.6400 922.5300 (63.32 24.78 3 1)
B976 1254.3000 975.0700 (51.44 23.09 2 3)
B977 1766.1500 2190.5600 (26.34 16.75 1 1)
B978 1254.3000 966.4900 (60.31 8.58 1 1)
B979 1314.6100 931.1600 (109.39 11.06 2 2)
B980 750.8000 1296.3600 (23.76 16.45 2 1)
B981 977.7300 1273.1100 (58.15 68.64 3 3)
B982 1432.4000 1088.3300 (55.06 20.63 2 1)
B983 115.8500 10.7400 (128.13 52.66 3 2)
B984 592.1100 1236.5800 (8.08 22.83 2 2)
B985 1138.8400 1818.1600 (4.61 29.93 1 1)
B986 1607.0100 199.1400 (131.01 44.73 1 2)
B987 476.9900 454.7000 (86.92 19.87 1 1)
B988 734.0000 151.4900 (126.99 11.66 1 3)
B989 1118.7400 1623.6500 (3.94 46.55 1 3)
B990 1430.6800 222.6300 (43.55 65.04 2 2)
B991 944.9600 661.2600 (65.61 32.90 2 3)
B992 527.3100 1966.5900 (10.49 29.78 3 3)
B993 21.6300 528.9500 (32.42 7.85 1 2)
B994 192.6800 1652.4100 (127.15 48.33 3 1)
B995 1091.3500 418.4400 (65.37 4.77 3 2)
B996 828.2600 2163.4400 (73.15 66.49 1 3)
B997 983.2000 2470.2600 (82.28 2.29 2 2)
B998 1979.1600 2348.2300 (48.70 12.62 1 1)
B999 1305.3700 1533.8500 (68.90 3.03 1 1)
B1000 1801.0000 1050.5800 (26.25 3.31 3 1)
B1001 1748.3100 249.3200 (62.07 68.05 1 3)
B1002 572.4000 449.1500 (99.30 12.57 2 2)
B1003 1346.0100 1828.1200 (61.69 15.87 3 3)
B1004 1630.8700 2446.3300 (18.31 36.21 3 1)
B1005 1604.9500 153.7600 (2.06 34.15 3 3)
B1006 261.8700 1990.6000 (93.39 73.16 2 3)
B1007 158.0300 1839.4500 (111.24 43.02 2 1)
B1008 1921.6200 1908.7100 (93.08 17.18 3 2)
B1009 223.7500 688.0500 (97.69 32.05 1 1)
B1010 1180.5700 1313.6900 (89.78 4.09 3 1)
B1011 1211.0600 1807.7600 (9.47 68.04 1 2)
B1012 1501.7300 1516.8900 (79.02 14.42 2 2)
B1013 689.4900 2274.2600 (131.08 27.58 1 2)
B1014 406.6700 2142.5900 (12.25 8.11 3 2)
B1015 1346.3800 155.5900 (44.99 49.66 2 3)
B1016 958.3300 840.7600 (7.39 18.98 2 1)
B1017 1251.5000 1883.4600 (19.85 17.91 3 2)
B1018 19.4400 379.1700 (100.41 23.25 3 2)
B1019 828.0000 2116.0500 (9.42 19.95 3 3)
B1020 1662.0500 1651.9900 (139.52 4.36 2 3)
B1021 1424.0000 891.7000 (131.44 56.57 3 2)
B1022 424.5300 104.4300 (74.67 24.06 2 3)
B1023 1095.0800 1609.0800 (31.97 14.57 2 1)
B1024 459.1300 56.7500 (77.54 44.63 1 3)
B1025 425.4200 270.8700 (55.30 10.25 3 3)
B1026 367.1200 1336.6400 (136.06 9.34 3 1)
B1027 441.3700 1016.4800 (34.43 13.61 1 3)
B1028 273.8000 1421.7900 (103.26 21.83 1 3)
B1029 1201.7700 2222.8500 (141.42 18.26 1 3)
B1030 796.9400 94.6800 (30.39 14.86 2 3)
B1031 516.0700 104.4300 (14.63 57.79 1 2)
B1032 1822.7200 628.1600 (5.02 16.04 3 2)
B1033 241.3700 183.3800 (51.23 17.66 3 1)
B1034 1815.8500 792.7700 (101.36 16.27 1 1)
B1035 1211.8200 696.2300 (3.12 36.38 3 1)
B1036 895.1100 5.7200 (24.14 19.66 2 1)
B1037 1839.9200 2434.8600 (124.65 40.10 2 3)
B1038 1012.1400 2405.8100 (54.74 6.06 3 2)
B1039 1978.8200 662.9900 (38.40 71.40 1 3)
B1040 1560.6000 1318.5600 (61.02 27.29 2 3)
B1041 19.4400 402.4200 (2.19 2.99 3 2)
B1042 1383.7400 297.1500 (46.94 25.40 1 1)
B1043 590.1800 740.8400 (52.80 48.77 2 3)
B1044 1423.4400 449.2000 (8.92 13.06 3 3)
B1045 1349.6200 528.6000 (8.20 71.58 2 1)
B1046 654.8400 272.9600 (116.77 10.45 1 1)
B1047 1839.9200 2474.9600 (140.98 4.40 2 3)
B1048 1162.1700 915.8100 (18.68 27.44 2 3)
B1049 1278.9600 364.1500 (30.72 16.76 1 3)
B1050 5.7700 2299.8200 (49.05 2.24 1 1)
B1051 621.1900 2071.2200 (20.91 13.54 3 2)
B1052 75.4100 2018.4300 (7.07 58.35 2 2)
B1053 1252.7600 2241.1100 (71.93 55.87 3 2)
B1054 568.2700 586.6700 (73.03 48.28 3 2)
B1055 1473.9800 1201.4800 (128.40 9.43 3 1)
B1056 1091.6600 946.8000 (7.26 15.84 1 1)
B1057 124.7000 1564.5600 (15.46 27.55 1 1)
B1058 1516.3200 1827.3800 (107.56 57.43 1 2)
B1059 476.8400 1345.9800 (43.39 25.98 2 2)
B1060 1290.5200 696.2300 (69.81 4.74 2 3)
B1061 852.0900 1128.3000 (39.87 4.06 3 2)
B1062 6.6300 36.4100 (12.81 75.94 3 2)
B1063 1555.4400 872.9200 (101.63 13.97 3 3)
B1064 152.8500 1410.0100 (63.44 38.31 1 3)
B1065 750.8000 1273.5300 (127.48 4.15 2 2)
B1066 827.5000 1330.5700 (49.43 70.89 2 1)
B1067 1910.3100 1510.8700 (21.86 36.53 1 3)
B1068 132.4900 1961.3600 (89.45 20.53 1 3)
B1069 1409.0500 2158.3100 (28.92 35.98 1 2)
B1070 928.2200 995.1900 (60.92 53.82 1 3)
B1071 1655.9100 313.2700 (73.76 15.09 2 1)
B1072 520.9200 690.8300 (47.35 37.03 3 3)
B1073 446.8100 1594.0700 (89.71 17.96 2 2)
B1074 243.1100 63.4000 (77.19 17.76 2 1)
B1075 1921.6200 1879.8900 (17.44 28.82 1 2)
B1076 64.4300 2421.5900 (137.74 8.07 1 2)
B1077 1801.0000 1016.9200 (2.20 33.66 2 1)
B1078 612.7100 1806.5200 (5.39 9.97 3 3)
B1079 1627.2000 1257.2300 (100.60 28.28 1 1)
B1080 136.1800 2291.2700 (109.55 67.62 1 3)
B1081 715.8800 1861.7500 (30.08 3.28 3 1)
B1082 357.4500 1933.9000 (92.23 25.94 1 3)
B1083 824.2600 512.8000 (107.70 6.75 3 3)
B1084 248.4400 2180.3600 (52.42 36.24 3 3)
B1085 1900.8800 996.3600 (49.43 14.70 1 2)
B1086 21.6300 605.6300 (86.12 16.76 2 1)
B1087 473.1800 1453.1700 (149.08 28.35 2 3)
B1088 1448.7000 7.1300 (25.48 42.38 2 3)
B1089 476.9900 337.7600 (16.14 52.95 3 3)
B1090 806.3700 1100.0400 (90.64 28.26 3 2)
B1091 1719.5000 549.4100 (71.75 45.14 3 1)
B1092 1813.0300 2303.1500 (60.63 7.08 1 2)
B1093 462.3500 2319.3000 (8.64 56.98 2 2)
B1094 958.3300 826.3700 (109.54 14.39 1 3)
B1095 546.1200 2194.4500 (143.37 18.73 1 3)
B1096 1430.8900 1682.7400 (101.38 15.04 3 3)
B1097 1773.7500 2.5500 (44.25 67.74 3 2)
B1098 1430.8900 1697.7800 (129.17 55.49 3 1)
B1099 520.9200 740.8400 (42.61 22.55 1 2)
B1100 594.8000 1937.5900 (8.51 20.38 3 1)
B1101 196.4800 2092.3700 (18.21 36.97 2 1)
B1102 1597.1500 1593.3100 (26.24 45.26 3 3)
B1103 1491.2300 842.5000 (45.08 42.04 2 1)
B1104 6.6300 807.2200 (43.70 54.15 1 1)
B1105 411.3700 2338.4500 (41.54 58.09 3 2)
B1106 3.5500 2265.9100 (85.45 21.09 3 3)
B1107 692.6000 620.9000 (103.46 27.31 3 1)
B1108 943.7500 67.4800 (4.17 34.70 2 1)
B1109 754.5900 2167.3200 (11.08 2.41 1 3)
B1110 593.4500 1511.2900 (57.69 6.32 1 2)
B1111 1916.8100 455.3200 (32.24 76.55 2 1)
B1112 242.3000 1140.9600 (2.45 3.60 3 1)
B1113 2012.2300 267.8300 (43.18 76.90 1 1)
B1114 1474.2300 222.6300 (105.81 36.72 2 2)
B1115 180.1300 501.8800 (6.40 6.01 3 2)
B1116 1817.5100 1053.8900 (64.05 54.08 1 2)
B1117 1360.2300 2107.5400 (24.82 45.36 3 3)
B1118 997.4700 122.2600 (105.70 4.65 3 1)
B1119 505.4100 1733.6700 (46.28 14.18 2 3)
B1120 929.8600 1273.1100 (47.87 30.13 2 2)
B1121 876.9300 1400.6700 (45.84 16.58 3 3)
B1122 241.6500 201.0400 (6.98 38.74 2 2)
B1123 837.6200 1906.5400 (134.27 45.04 2 3)
B1124 1236.8700 1911.0100 (19.61 76.81 1 3)
B1125 159.9800 420.8700 (55.78 10.76 1 3)
B1126 176.2900 2394.8800 (92.53 16.68 1 2)
B1127 1216.1800 2092.0500 (37.84 71.30 2 1)
B1128 877.2700 1817.1900 (42.41 18.19 1 2)
B1129 198.6700 147.3900 (72.24 2.47 2 3)
B1130 624.4900 105.4000 (32.17 67.51 2 3)
B1131 1510.5000 724.8700 (71.19 38.46 2 1)
B1132 1759.4700 1531.9900 (42.09 16.57 1 3)
B1133 877.2700 1742.1500 (129.75 75.04 2 2)
B1134 1371.0500 2308.2700 (95.42 30.43 3 3)
B1135 929.8600 1177.9000 (135.74 26.05 3 1)
B1136 1016.2800 2117.0200 (19.62 9.70 2 2)
B1137 1790.4900 1811.4300 (111.88 9.99 3 3)
B1138 1091.3500 423.2100 (66.42 49.28 2 1)
B1139 839.4100 1417.2500 (45.46 45.64 1 2)
B1140 565.6200 73.9600 (16.76 76.78 1 2)
B1141 1954.8100 220.0300 (4.90 38.63 2 3)
B1142 5.7700 2302.0600 (11.21 20.90 1 3)
B1143 910.0300 1417.2500 (80.52 20.37 1 2)
B1144 1034.3200 840.7600 (34.64 19.29 3 3)
B1145 984.9600 150.9500 (5.81 21.36 2 1)
B1146 1609.2500 61.5000 (12.52 21.45 3 3)
B1147 1351.9900 480.7800 (33.16 14.72 2 1)
B1148 1627.2000 1285.5100 (95.61 5.78 2 3)
B1149 1524.6000 67.5800 (73.03 56.75 1 1)
B1150 1161.0000 2241.1100 (91.76 33.99 3 3)
B1151 1143.4500 2053.1900 (104.86 7.83 3 2)
B1152 1130.9200 2376.3600 (137.06 20.11 1 3)
B1153 990.6800 442.3600 (5.59 61.87 2 2)
B1154 1916.8100 440.0100 (53.71 15.31 2 3)
B1155 1684.2300 2038.6800 (5.64 52.43 3 1)
B1156 243.9800 0.0000 (52.94 34.55 2 3)
B1157 1127.0500 1609.0800 (6.09 24.69 2 2)
B1158 452.9100 2376.2800 (18.78 38.86 2 1)
B1159 771.6100 256.9300 (125.07 27.48 1 2)
B1160 321.4100 922.2300 (10.08 21.60 1 3)
B1161 684.5600 1849.6500 (31.32 39.57 1 2)
B1162 891.4700 2472.5500 (107.19 6.90 1 2)
B1163 1491.9900 1261.7100 (17.27 38.52 2 3)
B1164 603.3100 1937.5900 (31.00 12.31 3 2)
B1165 743.8300 163.1500 (98.92 48.20 3 3)
B1166 1885.5900 1193.7800 (121.82 17.49 1 1)
B1167 547.0600 198.5200 (43.21 76.63 3 1)
B1168 1831.9000 215.2500 (141.88 4.78 3 2)
B1169 737.2000 1361.5300 (78.98 29.87 3 3)
B1170 827.3300 110.2200 (30.20 10.04 1 2)
B1171 540.7700 2268.6800 (39.58 36.24 3 3)
B1172 89.0000 2227.8900 (107.37 63.38 1 2)
B1173 126.7200 1719.5900 (11.52 75.43 1 2)
B1174 1161.0000 2275.1000 (42.51 24.83 2 3)
B1175 1208.9600 1515.6800 (79.91 26.08 3 2)
B1176 432.3100 1535.4300 (129.75 47.24 2 1)
B1177 386.8000 1919.4300 (14.70 14.47 2 2)
B1178 497.5300 408.5100 (72.75 35.39 1 1)
B1179 1766.2700 1031.5200 (34.73 47.09 1 1)
B1180 593.4500 1579.4800 (146.22 44.52 1 1)
B1181 1551.8300 2373.3800 (87.74 16.15 3 3)
B1182 522.0400 1996.3700 (54.40 7.57 3 2)
B1183 69.8300 2146.8700 (92.52 18.40 1 3)
B1184 939.5600 1993.9800 (68.50 7.08 1 3)
B1185 1992.0900 159.5900 (45.36 37.82 2 1)
B1186 1732.9200 1942.8400 (68.46 12.71 2 2)
B1187 622.2600 1407.7500 (61.21 28.45 1 3)
B1188 261.8700 2063.7600 (33.95 13.01 1 2)
B1189 1790.4900 1825.4700 (51.71 47.82 1 2)
B1190 1943.5300 531.8700 (51.79 24.32 3 1)
B1191 1972.6800 1000.2700 (78.48 62.59 3 1)
B1192 962.4000 2285.7900 (50.45 16.15 3 1)
B1193 1714.4900 1942.8400 (18.43 4.16 2 1)
B1194 1993.9400 1211.2700 (63.79 21.75 1 3)
B1195 591.4000 179.6400 (56.73 66.42 2 1)
B1196 222.7400 744.0500 (104.38 18.25 1 3)
B1197 989.1400 995.1900 (51.86 19.04 2 1)
B1198 1959.7100 220.0300 (56.70 43.82 2 2)
B1199 658.3300 1849.6500 (26.23 28.28 1 2)
B1200 1532.2700 1631.6400 (60.39 49.60 2 2)
B1201 828.2600 2298.2500 (4.31 64.86 3 1)
B1202 534.1500 851.4100 (44.74 51.33 1 1)
B1203 1045.5000 551.4300 (145.76 14.98 2 1)
B1204 1813.9600 900.5000 (62.80 11.56 3 3)
B1205 1371.0500 2408.7300 (14.00 7.68 1 3)
B1206 449.8600 1030.0900 (54.36 39.43 2 1)
B1207 1013.0600 840.7600 (21.26 72.31 2 2)
B1208 592.1100 1259.4100 (46.40 6.64 3 1)
B1209 1647.0600 1390.0400 (96.80 29.24 1 3)
B1210 1905.5400 60.0700 (62.47 13.21 3 2)
B1211 1154.8700 2061.0200 (43.78 14.38 3 3)
B1212 1328.6000 1052.9200 (38.12 48.64 2 1)
B1213 1743.1400 706.9000 (63.43 31.61 2 3)
B1214 1719.5000 431.4700 (89.08 26.98 1 3)
B1215 6.6300 1097.6300 (135.27 21.78 3 3)
B1216 1681.3900 1590.3700 (24.18 46.07 2 2)
B1217 1643.0000 1085.2400 (68.12 7.04 2 2)
B1218 1748.3100 317.3700 (8.95 43.04 3 3)
B1219 1222.4000 812.4300 (147.48 7.71 1 2)
B1220 1122.6000 124.3000 (61.70 40.71 2 1)
B1221 202.4100 561.0000 (88.76 5.12 2 2)
B1222 1328.1400 704.6100 (77.91 42.13 1 3)
B1223 1288.8700 1695.1300 (88.20 21.29 2 1)
B1224 668.2500 918.9800 (17.50 21.88 3 3)
B1225 1868.7300 2407.4900 (110.43 27.37 2 3)
B1226 962.4000 2301.9400 (49.74 52.32 1 1)
B1227 510.9400 1377.1600 (52.62 61.78 2 2)
B1228 1378.7700 1869.3600 (46.22 6.08 3 3)
B1229 1509.2600 1291.2900 (145.58 3.91 2 2)
B1230 1298.1700 1072.8900 (17.07 3.76 3 2)
B1231 69.3600 1595.6700 (15.25 62.06 3 2)
B1232 593.4500 1517.6100 (35.51 61.87 2 2)
B1233 93.5200 1839.4500 (64.51 3.67 1 3)
B1234 800.3000 307.1100 (59.85 67.95 2 1)
B1235 66.8600 919.0400 (110.02 40.41 2 1)
B1236 1133.1400 2454.1800 (50.85 8.97 3 3)
B1237 746.4400 1391.4000 (36.81 3.66 3 1)
B1238 367.1200 2248.1000 (62.35 2.96 1 1)
B1239 1162.1700 1471.3500 (3.65 66.94 2 1)
B1240 1003.0500 2440.0900 (49.57 3.15 1 1)
B1241 565.6200 9.8700 (44.07 42.79 2 2)
B1242 1039.9000 2443.2400 (85.06 9.25 1 3)
B1243 1281.5100 1838.7100 (6.53 40.58 1 2)
B1244 958.0800 787.6700 (104.25 38.70 1 2)
B1245 273.1000 586.0100 (40.84 25.86 2 1)
B1246 351.1200 562.6000 (66.61 37.33 1 3)
B1247 1698.4600 1656.3500 (77.21 5.69 2 3)
B1248 1670.6200 1970.4300 (13.61 34.27 3 1)
B1249 1176.9000 829.1100 (29.27 52.16 1 1)
B1250 1740.0200 237.5000 (40.69 11.82 3 2)
B1251 896.6800 442.3600 (65.59 20.42 1 3)
B1252 1665.0900 2009.4900 (7.58 74.62 2 1)
B1253 997.8800 1075.1500 (35.44 13.25 2 2)
B1254 1662.0500 1723.0200 (80.27 32.32 2 2)
B1255 797.6200 682.8700 (11.66 43.38 1 3)
B1256 1716.3600 771.8300 (9.73 32.33 2 2)
B1257 1451.0800 49.5100 (11.94 24.24 2 3)
B1258 385.3100 1438.8900 (125.63 14.28 3 2)
B1259 319.8300 1622.8800 (112.48 20.13 1 3)
B1260 1810.8000 1940.3500 (102.12 9.82 3 1)
B1261 133.2100 821.7200 (12.15 17.53 3 3)
B1262 1314.6100 942.2200 (73.13 22.84 2 3)
B1263 997.4700 126.9100 (95.21 15.07 1 3)
B1264 939.8500 2410.3800 (39.74 55.07 2 3)
B1265 1658.1700 1354.8000 (69.31 35.24 1 2)
B1266 876.9300 1331.7800 (6.02 68.89 3 3)
B1267 66.8600 959.4500 (106.49 39.31 3 1)
B1268 654.8100 840.4100 (3.40 8.45 1 3)
B1269 520.9200 789.6100 (89.19 8.45 1 3)
B1270 1021.3700 448.2600 (69.98 34.05 1 2)
B1271 1910.3100 1450.5300 (23.60 25.61 1 3)
B1272 1885.4300 1699.9000 (138.36 5.17 3 1)
B1273 896.6800 303.0600 (105.15 48.01 2 3)
B1274 955.1000 1546.1500 (35.38 77.07 3 2)
B1275 1201.7700 2061.0200 (98.17 15.35 1 3)
B1276 1792.6100 511.8100 (51.52 9.62 3 3)
B1277 411.3700 2454.5600 (97.31 11.19 1 1)
B1278 223.7500 627.6300 (13.46 18.04 3 2)
B1279 979.5900 2410.3800 (3.61 50.12 1 1)
B1280 1440.0800 752.8100 (34.54 8.00 1 2)
B1281 1793.4600 1268.7300 (49.74 8.73 2 3)
B1282 716.4600 464.8300 (88.82 36.95 1 2)
B1283 915.7200 787.6700 (11.35 56.06 1 2)
B1284 411.3700 2415.1400 (63.33 39.42 1 2)
B1285 293.5100 1919.4300 (93.29 10.76 2 3)
B1286 1630.9300 15.9500 (133.99 29.74 1 3)
B1287 928.0600 2037.4200 (80.49 2.56 2 3)
B1288 1288.9200 502.1100 (134.52 10.50 2 2)
B1289 1577.0700 1088.3300 (55.94 16.55 1 2)
B1290 77.2300 1435.9700 (40.22 53.07 3 2)
B1291 76.8700 623.5700 (46.32 53.07 3 2)
B1292 1374.5200 15.2900 (17.53 22.20 2 2)
B1293 1174.9700 1023.1800 (52.82 31.06 3 1)
B1294 1077.6500 1768.7500 (4.66 45.53 2 3)
B1295 1732.1000 2310.2300 (119.28 18.05 1 1)
B1296 1897.8100 511.8100 (10.68 47.67 1 2)
B1297 1095.0800 1623.6500 (23.66 20.74 2 3)
B1298 3.5500 2141.6600 (58.82 71.51 2 2)
B1299 620.3600 1051.9200 (88.22 11.67 1 1)
B1300 334.5000 612.1100 (117.56 8.69 3 3)
B1301 1935.4700 1120.0200 (65.66 73.76 1 1)
B1302 1555.4400 1062.3900 (121.44 10.26 1 2)
B1303 1799.0400 1873.2900 (11.76 32.95 3 3)
B1304 796.9400 45.9600 (44.70 48.72 3 3)
B1305 898.7300 787.6700 (16.99 15.80 1 2)
B1306 1821.5700 2270.1000 (77.25 15.79 1 1)
B1307 676.9200 324.5600 (123.38 51.16 2 3)
B1308 321.0000 608.9500 (13.50 31.20 2 2)
B1309 1799.2100 819.8800 (140.97 8.83 1 2)
B1310 1812.8400 1707.8200 (112.00 21.19 3 3)
B1311 778.4200 528.5800 (45.05 8.90 2 2)
B1312 1613.1400 1506.7000 (80.33 7.79 3 1)
B1313 119.4700 586.9000 (50.31 36.67 3 2)
B1314 1378.7700 1875.4400 (40.93 46.85 1 1)
B1315 564.3100 335.6100 (4.19 10.82 1 3)
B1316 766.5300 1132.9200 (72.26 5.37 1 1)
B1317 362.7600 136.3500 (38.23 24.27 2 3)
B1318 77.2300 1382.9600 (23.37 53.01 3 3)
B1319 1627.2000 1216.2700 (77.24 40.96 1 3)
B1320 1409.4200 1828.1200 (77.59 10.29 2 2)
B1321 884.8700 1417.2500 (25.16 76.40 3 2)
B1322 1409.2200 563.4400 (80.68 49.14 1 2)
B1323 1491.2000 948.2700 (16.45 18.23 3 3)
B1324 1374.5200 37.4900 (74.18 17.89 3 1)
B1325 1838.0100 2128.3700 (126.20 34.45 1 2)
B1326 1924.8400 1705.0700 (51.93 27.70 1 3)
B1327 928.0600 1993.9800 (11.50 43.44 1 3)
B1328 1072.0900 159.5400 (7.36 76.04 2 2)
B1329 1331.8500 2245.1000 (35.41 41.17 1 1)
B1330 1390.8700 2338.7000 (44.24 30.73 3 3)
B1331 1555.4400 967.7400 (31.66 31.08 2 1)
B1332 1791.3500 1430.0200 (41.32 20.41 3 2)
B1333 1463.0200 49.5100 (61.58 30.51 1 2)
B1334 241.5800 390.3200 (18.28 28.62 3 1)
B1335 504.2200 1034.8600 (80.21 34.91 3 3)
B1336 915.0400 251.5300 (78.11 20.35 3 3)
B1337 1640.7900 1419.2800 (60.87 20.79 1 3)
B1338 1166.3400 1971.7600 (39.77 29.21 3 2)
B1339 1438.3300 1168.0600 (140.69 33.42 2 1)
B1340 1087.4300 881.2700 (90.13 21.79 1 3)
B1341 418.1300 1854.7800 (87.09 56.87 1 1)
B1342 1397.5500 1630.8700 (120.53 51.87 1 3)
B1343 123.4300 2390.9700 (35.30 30.62 2 3)
B1344 555.2300 516.5200 (84.74 21.90 3 2)
B1345 273.9000 1265.9800 (59.73 37.85 2 3)
B1346 1792.6100 521.4300 (72.00 52.36 3 1)
B1347 642.1000 2046.7200 (46.37 42.88 1 2)
B1348 704.2100 1774.8600 (93.20 17.71 2 3)
B1349 1898.0400 303.3200 (67.83 14.02 1 2)
B1350 877.2700 1733.6600 (67.67 8.49 1 3)
B1351 1324.6900 2286.2700 (39.50 6.68 3 2)
B1352 1224.0500 1169.2700 (15.63 35.39 3 1)
B1353 1844.8400 1200.2600 (22.18 72.62 1 3)
B1354 327.7500 1540.4600 (66.47 14.88 2 1)
B1355 1802.8000 2343.9600 (37.12 34.40 1 2)
B1356 648.3600 648.2100 (131.37 7.92 1 2)
B1357 2019.5500 790.1200 (27.86 30.89 2 1)
B1358 1336.3100 1017.9700 (92.36 34.95 2 2)
B1359 923.5000 150.9500 (61.46 23.09 3 1)
B1360 1362.9700 820.1400 (23.17 42.29 2 3)
B1361 1680.8300 594.5500 (77.23 15.13 3 2)
B1362 572.3200 2213.1800 (104.56 4.15 3 1)
B1363 1426.2800 2405.9700 (48.91 64.67 3 3)
B1364 355.2700 2107.4600 (33.62 29.35 2 2)
B1365 565.6200 52.6600 (110.08 21.30 3 2)
B1366 1889.0900 130.4300 (23.35 3.96 3 3)
B1367 1629.2600 1849.0500 (31.23 36.95 1 2)
B1368 46.7700 1882.4700 (134.25 4.49 1 1)
B1369 1066.8800 2405.8100 (95.87 26.25 3 1)
B1370 1583.7400 2134.8900 (79.97 64.92 3 2)
B1371 827.6000 1993.9800 (100.46 38.73 1 2)
B1372 357.4500 1959.8400 (49.51 72.70 2 1)
B1373 1564.2600 659.0200 (117.24 6.08 1 3)
B1374 0.0000 0.0000 (101.70 36.41 2 2)
B1375 824.8900 2376.4800 (51.25 15.83 1 3)
B1376 797.4100 1774.8600 (36.21 42.69 3 2)
B1377 50.3300 848.6800 (16.53 53.88 2 3)
B1378 599.8600 1016.0400 (62.58 20.70 2 3)
B1379 676.9200 375.7200 (112.07 38.60 2 1)
B1380 1275.7200 341.7200 (3.24 53.67 2 3)
B1381 66.8600 868.0600 (110.69 8.03 3 2)
B1382 1358.5500 1155.7100 (63.08 21.25 2 1)
B1383 1535.0600 948.2700 (4.72 35.43 3 3)
B1384 119.8500 367.3600 (121.73 4.20 1 1)
B1385 928.0600 2039.9800 (20.34 18.07 2 3)
B1386 1885.5900 1211.2700 (32.48 3.55 1 3)
B1387 1031.4800 213.5900 (40.61 25.34 2 1)
B1388 1228.2800 519.1800 (35.82 29.94 1 3)
B1389 170.9100 1088.1900 (132.14 14.55 1 3)
B1390 1294.3000 1611.2500 (103.25 25.49 3 3)
B1391 1572.7800 259.3500 (4.41 77.27 1 3)
B1392 1423.4200 345.9000 (86.20 24.92 2 2)
B1393 1717.8300 2328.2800 (129.61 15.68 3 3)
B1394 716.4600 414.3200 (49.80 34.10 3 2)
B1395 561.3300 2385.8100 (76.74 29.93 2 3)
B1396 715.8800 1883.6000 (92.81 26.22 1 3)
B1397 1908.4900 425.9200 (106.10 14.09 1 2)
B1398 1701.6600 1571.0900 (109.10 8.14 3 2)
B1399 1048.5600 2264.3900 (44.03 60.19 2 3)
B1400 1629.2600 1831.9300 (101.37 17.12 2 2)
B1401 499.2000 104.4300 (16.87 47.32 2 3)
B1402 1817.9400 474.7500 (83.27 37.06 2 1)
B1403 612.7100 1749.1600 (29.23 57.36 3 3)
B1404 424.5300 75.6000 (34.60 17.65 3 1)
B1405 1711.1200 1031.5200 (54.25 58.88 2 1)
B1406 1369.6300 439.5000 (18.74 41.28 1 3)
B1407 69.3600 1371.7000 (131.67 3.25 3 3)
B1408 1257.5800 862.4300 (120.53 26.98 3 1)
B1409 1305.3700 1536.8800 (96.72 12.83 3 2)
B1410 231.5600 1556.3400 (32.14 9.55 3 3)
B1411 1560.0600 1685.0700 (93.95 9.90 3 3)
B1412 1428.6700 993.6200 (111.81 40.74 3 2)
B1413 1548.4200 2128.9100 (18.19 51.38 1 2)
B1414 239.5100 418.9400 (33.82 12.03 1 2)
B1415 1256.4800 1960.2300 (19.54 26.46 3 3)
B1416 1071.1300 522.7000 (60.68 22.16 1 2)
B1417 250.0500 907.1500 (63.45 32.68 1 1)
B1418 25.4900 698.2000 (118.29 7.27 1 2)
B1419 32.3600 268.8300 (17.11 69.28 2 2)
B1420 196.3700 2227.8900 (37.10 16.93 2 3)
B1421 272.5800 1730.5600 (142.40 28.87 3 2)
B1422 367.1200 2150.7000 (57.28 5.49 3 2)
B1423 715.2800 1632.6500 (41.62 8.31 3 1)
B1424 414.9800 1766.8500 (55.06 9.78 3 1)
B1425 1884.7400 1262.9200 (47.49 26.29 3 3)
B1426 1252.7600 2296.9800 (54.49 51.30 3 1)
B1427 971.8900 1906.5400 (12.85 13.04 1 3)
B1428 540.7700 2182.5000 (5.35 67.47 2 3)
B1429 474.7000 2384.4000 (75.47 20.77 2 2)
B1430 143.7800 698.2000 (29.73 49.30 1 3)
B1431 1343.7900 15.2900 (30.73 48.18 1 2)
B1432 1903.7400 621.7400 (128.82 19.85 1 1)
B1433 947.5700 1124.3300 (129.44 53.57 1 2)
B1434 800.0000 2086.5000 (40.21 18.97 3 3)
B1435 1680.4100 1012.1400 (7.76 43.78 2 3)
B1436 637.6700 2281.0900 (34.68 15.68 1 3)
B1437 568.2700 661.3600 (98.10 51.57 3 3)
B1438 1713.4200 1579.2300 (102.13 24.55 3 3)
B1439 1410.6200 1525.2800 (42.67 34.59 1 2)
B1440 1766.1500 2051.1000 (71.86 48.07 2 2)
B1441 1732.9200 1955.5500 (117.14 55.53 2 1)
B1442 1180.5700 1210.0200 (35.17 67.72 2 2)
B1443 1162.1700 943.2500 (28.48 41.35 2 1)
B1444 744.7200 1119.5200 (21.23 28.23 3 2)
B1445 1534.5400 51.4300 (5.40 13.57 2 3)
B1446 1455.8300 1753.2700 (11.34 3.25 2 1)
B1447 1644.5500 842.5600 (50.22 15.52 3 2)
B1448 1237.5400 1101.4300 (58.63 40.19 3 2)
B1449 508.6800 2420.0600 (91.84 4.70 2 1)
B1450 852.9300 1835.3800 (108.23 25.91 2 3)
B1451 273.8300 1777.9000 (106.16 46.21 1 3)
B1452 591.4000 328.7700 (63.44 49.85 1 3)
B1453 1012.8500 2324.8400 (8.82 39.96 2 3)
B1454 1884.5300 1822.3500 (19.01 59.80 3 2)
B1455 1397.5500 1624.9200 (79.86 5.95 2 3)
B1456 30.3600 1341.7600 (39.00 76.66 2 1)
B1457 282.0100 814.2300 (35.47 27.99 2 2)
B1458 1533.6000 2402.4400 (12.03 15.88 2 3)
B1459 1371.0500 2416.4100 (55.23 15.02 2 3)
B1460 1865.7900 1746.3300 (30.17 32.74 1 3)
B1461 1524.4800 259.3500 (21.59 36.97 1 1)
B1462 841.6400 45.9600 (18.04 64.26 1 1)
B1463 1029.7500 251.5300 (24.38 31.77 1 3)
B1464 1703.9600 609.6800 (31.53 6.38 2 2)
B1465 47.3000 1809.3700 (46.22 43.85 3 2)
B1466 3.5500 2213.1700 (21.79 13.83 2 3)
B1467 1492.8800 1210.9100 (133.30 32.34 3 3)
B1468 1943.7900 1925.8900 (36.00 51.83 3 3)
B1469 766.2600 414.3200 (94.03 27.21 3 1)
B1470 504.2200 1016.0400 (75.78 4.22 2 3)
B1471 1755.8700 1200.2600 (50.92 30.04 1 2)
B1472 478.1000 1139.6500 (57.24 32.61 1 1)
B1473 928.2200 925.8500 (149.01 33.63 1 1)
B1474 1087.4300 779.0100 (71.79 67.48 1 1)
B1475 1268.7600 60.8500 (12.44 38.75 3 2)
B1476 1662.0500 1791.7700 (92.97 11.89 3 3)
B1477 557.3300 1718.1100 (10.93 59.77 2 1)
B1478 641.3000 586.6700 (83.14 17.39 1 2)
B1479 1518.0800 1571.0700 (79.07 60.57 2 3)
B1480 30.3600 1731.1300 (16.94 14.76 1 1)
B1481 1865.7900 1732.7700 (101.45 13.56 1 1)
B1482 639.9700 516.5200 (97.88 28.81 3 3)
B1483 817.6900 917.9600 (110.53 17.57 3 2)
B1484 3.5500 2287.0000 (2.22 53.92 1 2)
B1485 610.1100 789.6100 (45.75 50.80 3 2)
B1486 1262.8700 332.1300 (62.27 9.59 2 2)
B1487 931.9600 523.2500 (99.25 61.78 2 1)
B1488 1445.1300 2244.4200 (111.10 30.05 3 3)
B1489 538.9400 1239.6600 (53.17 22.82 2 1)
B1490 1492.8800 1243.2500 (73.80 6.51 3 3)
B1491 1092.5900 2324.2300 (38.33 21.42 1 3)
B1492 505.4100 1689.8900 (17.53 43.78 3 1)
B1493 1491.2300 821.6100 (47.22 3.57 3 2)
B1494 1416.6000 1559.8700 (20.61 10.52 3 2)
B1495 1577.2400 2337.6300 (72.97 20.10 1 2)
B1496 1441.2300 1272.4000 (37.97 78.41 2 3)
B1497 936.6700 2058.0500 (7.92 60.03 3 2)
B1498 329.1000 149.1600 (33.66 4.19 3 2)
B1499 0.0000 2373.6000 (112.36 30.98 3 1)
B1500 1193.0700 445.9000 (17.15 37.11 3 1)
B1501 192.6300 846.1800 (12.47 8.53 1 3)
B1502 1256.4800 1911.0100 (18.22 25.80 2 2)
B1503 706.6200 2046.7200 (7.10 71.95 1 2)
B1504 1918.0600 926.8700 (84.80 69.49 2 3)
B1505 1092.4300 1968.3500 (16.17 46.73 1 3)
B1506 749.3000 2212.9200 (2.06 38.98 3 2)
B1507 181.0200 1882.4700 (63.05 19.05 1 3)
B1508 1701.6600 1487.1000 (89.69 15.30 3 1)
B1509 476.2700 2308.2500 (85.06 76.15 1 3)
B1510 582.1200 1927.0000 (11.66 19.32 3 3)
B1511 275.2100 2254.8800 (41.57 72.52 2 3)
B1512 499.3000 1371.9600 (116.60 5.20 3 1)
B1513 928.2200 850.0500 (30.11 23.58 2 1)
B1514 112.3600 2368.3900 (90.98 20.34 2 2)
B1515 427.7000 51.3900 (103.06 5.36 2 1)
B1516 1091.6600 903.0600 (70.51 8.56 1 1)
B1517 137.8800 747.5000 (64.53 35.57 2 1)
B1518 760.8900 1169.7000 (35.17 39.50 3 2)
B1519 198.6700 128.1500 (6.31 19.24 2 3)
B1520 1865.5100 774.2700 (46.80 14.48 2 1)
B1521 1294.3000 1496.2300 (11.07 23.38 1 3)
B1522 385.3100 1423.5100 (68.09 13.08 3 1)
B1523 1268.7600 99.6000 (61.66 60.15 2 2)
B1524 432.3100 1683.5100 (82.27 6.38 3 1)
B1525 272.5800 1707.0600 (93.35 23.50 3 3)
B1526 66.8600 876.0900 (62.80 42.95 2 1)
B1527 1211.8200 732.6100 (78.70 3.17 1 2)
B1528 1275.7200 444.3100 (60.74 5.58 3 2)
B1529 1475.8300 2065.3200 (66.82 7.46 3 2)
B1530 115.2500 1291.2700 (34.29 52.25 1 3)
B1531 1328.6000 1106.8800 (103.80 48.83 2 2)
B1532 1524.6000 124.3300 (74.17 7.82 1 3)
B1533 1813.9600 841.3700 (66.62 59.13 3 1)
B1534 668.2500 940.8600 (35.09 3.18 2 1)
B1535 126.7200 1809.6900 (147.11 22.69 3 3)
B1536 385.3100 1410.7300 (113.99 12.78 3 2)
B1537 1539.9400 4.1000 (57.86 51.82 3 1)
B1538 1263.7800 2083.5300 (12.95 44.47 2 2)
B1539 1409.0500 2194.2900 (27.43 13.16 3 3)
B1540 1764.1500 372.5000 (44.16 41.12 3 2)
B1541 77.2300 1489.0400 (101.24 15.89 1 3)
B1542 1650.4000 948.1000 (11.89 48.05 3 1)
B1543 270.9100 128.1500 (99.52 8.20 3 3)
B1544 1740.0200 80.1000 (18.21 24.18 1 1)
B1545 1393.6500 2123.9900 (83.66 24.49 2 3)
B1546 674.8200 1482.3300 (118.88 8.55 1 2)
B1547 265.8200 1385.6400 (32.23 12.15 1 1)
B1548 1237.0800 1421.5300 (5.72 32.20 3 1)
B1549 1932.2300 1236.7300 (61.71 18.60 2 2)
B1550 1445.1300 2158.3100 (103.29 73.14 1 2)
B1551 1430.8900 1791.6500 (108.74 6.26 3 2)
B1552 1373.5800 1052.9200 (39.49 53.96 1 3)
B1553 117.4500 1398.9100 (16.94 66.59 1 3)
B1554 591.4000 248.4000 (116.04 4.32 2 1)
B1555 195.7200 515.9700 (40.07 18.59 3 1)
B1556 869.4400 1618.7800 (85.66 17.20 3 1)
B1557 620.3600 1063.5900 (61.06 61.44 3 3)
B1558 530.7000 179.6400 (49.26 14.97 2 3)
B1559 750.8000 1277.6800 (141.85 18.68 1 1)
B1560 133.2100 807.2200 (59.42 14.50 3 1)
B1561 119.4700 519.4300 (4.41 63.07 2 2)
B1562 676.9200 283.4100 (67.84 41.15 3 2)
B1563 928.2200 959.4800 (147.82 9.15 1 3)
B1564 357.4500 2032.5400 (146.83 27.95 2 3)
B1565 123.9100 436.8800 (29.46 18.77 2 1)
B1566 1040.7000 400.8100 (20.21 47.45 1 1)
B1567 1305.7400 975.0700 (37.95 26.49 2 2)
B1568 1826.0300 1392.3800 (115.15 6.34 3 1)
B1569 432.3100 1594.0700 (14.50 50.98 2 2)
B1570 666.3700 656.1300 (52.36 18.16 1 2)
B1571 1719.5000 469.2100 (143.28 5.54 3 1)
B1572 670.3100 128.4700 (12.66 16.45 3 3)
B1573 1535.4200 2305.6200 (77.34 27.68 3 1)
B1574 499.2700 798.0600 (41.90 11.48 3 1)
B1575 1910.9300 1622.5600 (75.14 77.34 1 3)
B1576 1977.4800 38.0300 (24.15 58.38 1 2)
B1577 570.2800 461.7200 (72.42 54.80 2 3)
B1578 1524.6500 7.1300 (9.06 60.45 2 1)
B1579 192.6800 1759.0400 (79.90 7.86 1 2)
B1580 904.8300 1521.1800 (29.38 3.69 3 2)
B1581 6.6300 861.3700 (14.93 23.83 3 2)
B1582 0.0000 2456.9400 (116.91 7.69 2 2)
B1583 404.4400 480.9800 (45.05 47.17 1 2)
B1584 1045.5000 488.6100 (25.63 19.58 1 2)
B1585 1317.7700 437.2700 (118.93 2.23 2 2)
B1586 922.9400 1118.5100 (149.79 5.82 3 3)
B1587 1810.8000 1873.2900 (73.73 67.06 3 2)
B1588 1675.0200 665.1000 (11.34 79.65 3 2)
B1589 1940.2100 1925.8900 (3.58 60.52 1 3)
B1590 339.2000 75.6000 (85.33 29.76 1 3)
B1591 856.1200 1521.1800 (48.71 23.38 2 1)
B1592 1827.7400 628.1600 (21.21 75.32 2 1)
B1593 134.5200 1257.9800 (73.22 33.29 1 2)
B1594 1193.0700 397.2200 (6.24 48.68 1 1)
B1595 1008.5500 1498.5000 (30.25 26.43 1 2)
B1596 2027.8600 2317.5600 (23.02 16.16 3 3)
B1597 1088.5300 2155.9500 (53.93 58.62 1 1)
B1598 19.4400 226.0500 (12.92 77.95 3 3)
B1599 508.6800 2405.1700 (4.96 9.12 3 3)
B1600 1077.6500 1744.8100 (61.26 23.94 3 3)
B1601 1383.7400 322.5500 (91.35 17.41 1 3)
B1602 1077.6500 1611.6400 (17.43 44.39 3 1)
B1603 572.4000 378.6200 (68.24 41.64 3 2)
B1604 1628.6200 719.5800 (45.72 42.60 3 2)
B1605 504.2800 1989.4800 (9.36 53.06 2 1)
B1606 1580.0400 153.7600 (24.91 25.67 2 1)
B1607 1815.8500 809.0400 (69.71 10.84 3 1)
B1608 93.5900 178.8100 (71.17 47.97 3 1)
B1609 838.9900 519.5500 (39.86 20.00 2 3)
B1610 1909.9200 650.2900 (11.94 41.55 2 2)
B1611 917.1200 2118.0800 (71.32 69.78 1 3)
B1612 1161.0000 2299.9300 (41.30 35.91 1 2)
B1613 1040.7000 348.2000 (7.16 52.61 1 1)
B1614 1016.2800 1968.3500 (50.08 47.98 2 3)
B1615 674.8200 1490.8800 (67.75 16.40 1 3)
B1616 1697.1500 899.4800 (79.22 23.05 1 3)
B1617 2006.2300 1997.2800 (25.03 53.67 3 2)
B1618 1134.6800 165.0100 (38.10 73.01 3 1)
B1619 1470.7700 969.4600 (64.29 24.16 2 1)
B1620 1210.2200 397.2200 (55.96 48.53 1 3)
B1621 5.7700 2291.2700 (130.41 8.55 1 2)
B1622 261.8700 2076.7700 (86.47 32.69 3 2)
B1623 828.0000 2105.4700 (64.90 10.58 3 2)
B1624 2001.1300 1094.2200 (54.86 66.52 2 3)
B1625 1077.6500 1714.5100 (84.44 30.30 2 3)
B1626 123.9100 455.6500 (3.15 56.60 1 2)
B1627 1986.3000 303.3200 (20.29 42.31 2 3)
B1628 1743.8600 1354.8000 (7.15 22.10 3 2)
B1629 755.8800 929.8500 (18.12 2.35 2 1)
B1630 1353.1000 2183.4500 (26.85 13.93 3 3)
B1631 1033.3800 1377.1100 (17.28 23.05 3 1)
B1632 1900.8800 1061.5500 (59.70 32.75 2 2)
B1633 1162.1700 1584.0100 (32.39 24.09 1 2)
B1634 1533.6000 2418.3200 (48.25 8.01 3 2)
B1635 2014.7000 1883.9700 (36.67 33.58 1 2)
B1636 202.4100 566.1200 (21.34 54.79 3 1)
B1637 1360.2300 2165.7000 (27.99 17.75 1 3)
B1638 28.6600 81.1200 (64.93 57.96 1 1)
B1639 355.2700 2136.8100 (51.40 9.23 3 1)
B1640 1835.1500 410.1800 (136.07 15.74 2 1)
B1641 1326.0200 1766.3600 (16.94 71.99 1 2)
B1642 147.2900 1934.2200 (25.81 17.54 3 2)
B1643 119.4700 582.5000 (50.31 4.40 3 1)
B1644 526.9800 2132.2500 (44.73 26.36 3 1)
B1645 856.1200 1493.6500 (59.71 27.53 1 2)
B1646 196.3700 2244.8200 (42.25 6.01 2 3)
B1647 179.1400 854.7100 (59.52 46.03 3 1)
B1648 992.2800 122.2600 (5.19 35.50 2 1)
B1649 640.6400 387.5000 (36.28 61.65 3 1)
B1650 32.7100 1745.8900 (14.06 2.43 1 3)
B1651 1764.1500 317.3700 (32.61 55.13 1 2)
B1652 1193.0700 362.6500 (69.80 34.57 1 3)
B1653 929.8600 1203.9500 (28.15 57.04 2 1)
B1654 1898.0400 317.3400 (29.25 14.15 3 1)
B1655 916.4400 706.4400 (56.25 69.00 1 3)
B1656 1386.6400 1565.6000 (29.96 38.62 2 2)
B1657 1385.0500 2148.4800 (16.10 17.22 3 3)
B1658 1237.0800 1351.3000 (81.60 70.23 2 1)
B1659 1950.3100 996.3600 (22.37 65.19 2 3)
B1660 1931.0300 112.9900 (46.45 25.24 3 2)
B1661 63.8300 1951.7600 (117.94 8.01 1 1)
B1662 0.0000 2451.8000 (108.00 5.14 1 3)
B1663 1643.0000 1092.2800 (70.40 46.63 2 1)
B1664 107.7500 519.4300 (11.72 60.78 3 2)
B1665 1390.8700 2375.9900 (110.53 29.98 2 2)
B1666 681.9000 1160.7000 (26.83 69.19 2 2)
B1667 1838.0100 2162.8200 (11.57 9.71 1 2)
B1668 642.1000 1988.3800 (120.53 58.34 1 1)
B1669 19.4400 36.4100 (81.17 44.71 1 1)
B1670 300.8600 2180.3600 (66.26 14.93 2 2)
B1671 1626.3600 580.6100 (34.55 26.16 3 3)
B1672 1563.3400 2235.5200 (129.25 5.51 3 3)
B1673 1068.2300 1968.3500 (24.20 77.57 1 3)
B1674 1745.4000 618.9300 (76.96 56.53 1 3)
B1675 411.6100 1204.9000 (48.66 56.43 1 2)
B1676 1134.0700 1172.3400 (89.98 25.75 3 1)
B1677 1491.9900 1447.5600 (139.32 20.31 2 1)
B1678 432.3100 1582.6700 (111.95 11.40 2 3)
B1679 25.4900 705.4700 (34.42 47.02 2 1)
B1680 327.1200 744.0500 (18.79 2.47 3 1)
B1681 273.8300 1759.4300 (127.67 18.47 2 1)
B1682 915.8300 1440.8200 (38.13 18.87 1 3)
B1683 882.9500 1341.7500 (130.70 27.56 2 3)
B1684 997.8800 1014.2300 (44.81 54.74 1 3)
B1685 196.4800 2060.3600 (17.94 32.01 2 1)
B1686 311.6700 1348.7700 (49.49 6.55 1 3)
B1687 582.3800 73.9600 (10.79 15.19 3 2)
B1688 250.0500 939.8300 (24.98 45.72 3 2)
B1689 393.1500 635.1500 (51.54 19.18 2 3)
B1690 32.7100 1957.8800 (7.23 31.93 3 1)
B1691 1337.9700 820.1400 (25.00 20.27 2 2)
B1692 684.0300 944.0400 (57.50 23.35 2 1)
B1693 244.0700 1882.4700 (49.44 30.20 2 3)
B1694 1716.3600 714.3500 (26.78 26.03 3 3)
B1695 1487.4600 1088.3300 (43.88 19.29 3 1)
B1696 1866.9600 1554.5300 (69.20 4.66 1 1)
B1697 917.5800 608.8500 (50.82 30.82 2 3)
B1698 1261.8200 1575.6300 (8.80 67.34 2 1)
B1699 1831.9000 220.0300 (6.51 21.39 3 3)
B1700 1790.4900 1821.4200 (7.32 4.05 2 3)
B1701 1973.1100 662.9900 (5.71 58.43 2 1)
B1702 1663.7100 2134.8900 (58.24 13.74 3 3)
B1703 1844.8400 1272.8800 (26.42 44.18 1 1)
B1704 893.0000 99.6500 (22.96 41.58 2 3)
B1705 1252.7600 2348.2800 (55.69 28.08 2 3)
B1706 1324.6900 2241.1100 (120.44 3.99 1 3)
B1707 1463.0200 80.0200 (44.65 17.99 2 1)
B1708 1563.3400 2199.8100 (141.76 13.63 2 3)
B1709 516.0700 194.6100 (68.72 3.91 1 2)
B1710 1668.4800 2446.3300 (129.72 18.13 3 2)
B1711 1903.5400 1822.3500 (44.76 57.54 3 2)
B1712 466.2800 1689.8900 (39.13 5.55 3 2)
B1713 721.2700 1088.1100 (85.10 31.41 3 1)
B1714 93.5900 145.9700 (41.40 20.19 1 1)
B1715 100.6100 36.4100 (15.24 76.68 3 2)
B1716 1309.6800 364.1500 (109.53 38.32 2 3)
B1717 422.6300 281.1200 (38.57 38.51 2 1)
B1718 1815.0000 951.5900 (85.88 66.53 2 2)
B1719 1831.9000 338.5800 (31.93 37.89 1 1)
B1720 1165.8200 1541.7600 (121.05 33.87 1 1)
B1721 176.8800 907.1500 (18.31 31.11 3 1)
B1722 1124.9600 2447.2900 (141.61 6.89 3 1)
B1723 896.6800 351.0700 (36.36 23.06 3 2)
B1724 599.8600 1036.7400 (48.90 9.01 3 1)
B1725 1755.8700 1183.3500 (129.72 3.86 1 1)
B1726 1210.2200 445.7500 (14.98 30.77 2 1)
B1727 331.4900 922.2300 (31.13 14.33 1 2)
B1728 1180.5700 1307.3000 (130.26 6.39 2 3)
B1729 499.2700 851.4100 (8.53 20.94 1 1)
B1730 1438.4000 645.3100 (109.79 15.02 2 2)
B1731 316.7800 2272.8100 (43.46 48.22 1 3)
B1732 558.6500 2223.6900 (114.41 44.99 2 1)
B1733 1491.9900 1300.2300 (13.14 46.92 3 3)
B1734 416.4300 1508.4200 (19.45 15.26 1 1)
B1735 1539.9400 0.0000 (146.03 4.10 2 3)
B1736 1100.1000 2150.8700 (88.84 3.31 2 2)
B1737 153.3700 487.4100 (93.27 14.47 1 1)
B1738 1245.6800 549.1200 (8.48 72.79 2 2)
B1739 739.8700 248.4000 (97.55 8.53 2 1)
B1740 643.5700 1371.5100 (93.63 9.45 3 1)
B1741 1830.8800 2194.1300 (48.49 66.27 3 1)
B1742 1419.2100 339.9600 (33.74 5.94 1 2)
B1743 675.3000 545.3300 (29.69 13.23 3 1)
B1744 1871.2600 1289.2100 (24.46 74.96 3 3)
B1745 898.7300 633.1100 (17.71 32.78 2 2)
B1746 892.4500 1546.1500 (60.24 70.53 3 1)
B1747 896.6800 245.3300 (18.36 57.73 3 1)
B1748 706.6200 2129.2300 (81.84 34.40 2 1)
B1749 1324.6900 2245.1000 (7.16 17.94 2 2)
B1750 613.9200 2268.6800 (64.21 12.41 1 3)
B1751 1281.5100 1766.3600 (44.51 72.35 2 1)
B1752 80.4600 1063.2000 (131.46 24.99 2 2)
B1753 915.0400 271.8800 (43.84 7.38 3 3)
B1754 634.7700 1937.5900 (99.19 50.79 2 3)
B1755 444.6900 620.8000 (93.62 32.51 2 1)
B1756 580.3500 2268.6800 (19.42 21.98 3 3)
B1757 293.5100 1882.6800 (124.62 36.75 1 1)
B1758 1563.3400 2180.2900 (20.40 11.82 2 2)
B1759 948.9900 462.7800 (41.69 51.09 2 2)
B1760 366.4400 493.1200 (17.78 41.20 2 1)
B1761 317.4800 838.4500 (44.07 71.37 1 3)
B1762 502.0300 653.3100 (43.93 37.52 1 3)
B1763 0.0000 36.4100 (6.63 79.22 1 3)
B1764 1689.8700 2110.6200 (14.52 6.02 1 1)
B1765 1122.6000 0.0000 (27.20 34.60 3 3)
B1766 66.8600 848.6800 (16.45 17.91 1 1)
B1767 1911.1000 2048.4700 (95.13 52.00 1 3)
B1768 1242.8000 1460.1700 (91.34 6.15 2 2)
B1769 806.3700 955.2400 (77.84 77.36 3 2)
B1770 1162.1700 1575.6300 (45.81 8.38 3 3)
B1771 1229.3700 184.8500 (23.69 4.44 3 3)
B1772 828.2600 2229.9300 (65.51 48.54 2 1)
B1773 186.5300 501.8800 (131.63 14.09 3 3)
B1774 392.0100 1204.9000 (19.11 32.47 2 1)
B1775 19.4400 622.3900 (57.43 69.81 2 1)
B1776 132.4900 1981.8900 (84.32 38.23 3 2)
B1777 268.8200 2394.8800 (69.85 23.32 2 2)
B1778 893.0000 141.2300 (6.89 42.60 2 1)
B1779 1661.8700 2337.6300 (24.02 51.85 1 3)
B1780 1251.3000 809.6600 (56.52 2.77 3 1)
B1781 1367.2600 2274.4700 (129.00 33.80 1 3)
B1782 789.9900 682.8700 (7.63 44.90 2 2)
B1783 1551.7200 1345.8500 (73.65 33.76 3 1)
B1784 1555.4400 921.2000 (120.83 26.90 2 3)
B1785 1576.3200 2446.3300 (54.55 24.83 1 1)
B1786 1964.2100 2101.3200 (72.43 32.67 2 3)
B1787 1687.5700 728.0500 (21.66 75.30 1 1)
B1788 239.3900 777.7500 (102.42 36.48 3 3)
B1789 1210.2200 637.7500 (142.05 55.73 3 3)
B1790 958.0100 1203.9500 (125.41 69.16 3 3)
B1791 1790.4900 1791.7700 (75.30 19.66 2 2)
B1792 928.2200 968.6300 (148.30 26.56 1 2)
B1793 1193.0700 483.0100 (9.76 59.90 2 2)
B1794 1016.2800 2133.2900 (24.37 7.29 3 3)
B1795 422.3700 2290.9700 (53.90 28.33 2 2)
B1796 992.9600 0.0000 (129.64 54.34 2 1)
B1797 593.4500 1701.7300 (110.76 2.02 3 3)
B1798 1586.6100 1788.8000 (42.65 19.50 1 1)
B1799 800.7500 1583.5300 (60.22 21.17 3 2)
B1800 1068.9600 693.6300 (99.73 23.42 2 3)
B1801 1637.4300 346.3400 (7.03 48.76 3 1)
B1802 892.9100 1635.9800 (16.38 58.43 3 3)
B1803 562.0600 1481.5200 (7.63 4.66 2 3)
B1804 584.8100 2104.7600 (63.62 18.80 2 2)
B1805 1844.7700 1317.0600 (3.57 70.61 3 3)
B1806 103.0700 1921.4200 (24.01 14.71 1 1)
B1807 173.6000 2429.6600 (29.66 22.27 1 3)
B1808 1890.1500 895.0100 (42.10 29.80 1 2)
B1809 317.4800 922.2300 (3.93 63.17 2 1)
B1810 898.8300 2283.2400 (101.97 2.55 3 3)
B1811 251.1400 1252.6600 (19.89 51.61 3 2)
B1812 1029.4300 2399.2100 (142.30 2.32 2 3)
B1813 361.5500 848.6400 (89.67 56.07 1 3)
B1814 1288.0400 1854.0200 (103.50 15.34 1 1)
B1815 1593.5400 1493.4600 (83.02 13.24 1 1)
B1816 1444.3800 203.5500 (120.24 19.08 1 2)
B1817 237.1900 1942.5800 (120.26 48.02 3 3)
B1818 112.3600 2390.9700 (11.07 6.21 3 2)
B1819 424.4000 2142.5900 (34.27 69.57 3 2)
B1820 505.2200 1900.5400 (115.56 18.39 2 1)
B1821 1363.4700 1298.8700 (43.48 48.01 1 3)
B1822 1851.3800 2310.2300 (8.60 50.00 1 2)
B1823 1214.9400 696.2300 (27.16 20.65 1 2)
B1824 852.9300 1861.2900 (140.98 45.25 2 2)
B1825 1654.8400 1318.2700 (134.53 36.53 1 1)
B1826 100.5200 1886.9600 (2.55 41.39 2 2)
B1827 147.2900 1901.5200 (89.90 32.70 1 2)
B1828 1866.9600 1559.1900 (58.99 32.83 3 3)
B1829 1818.0000 52.8200 (81.97 77.61 2 3)
B1830 1134.0700 1198.0900 (15.46 20.30 1 3)
B1831 1299.9400 2012.9700 (12.07 79.88 1 2)
B1832 1134.6800 362.6500 (51.76 55.79 2 1)
B1833 108.0000 2429.6600 (65.60 10.84 1 3)
B1834 115.8500 63.4000 (127.26 18.15 3 3)
B1835 615.9000 1361.5300 (115.54 9.98 2 2)
B1836 1556.2300 2259.8700 (14.31 34.93 2 2)
B1837 170.9100 1156.1000 (6.04 50.44 1 1)
B1838 1713.5400 1867.9100 (65.35 4.54 2 2)
B1839 1409.0500 2148.4800 (92.24 9.83 3 3)
B1840 228.2800 1325.6000 (22.86 38.13 2 3)
B1841 1149.8000 0.0000 (46.07 44.47 2 3)
B1842 136.1800 2358.8900 (117.78 9.50 1 1)
B1843 1889.0300 1094.3000 (26.63 41.24 3 3)
B1844 1184.3000 212.6100 (80.09 13.88 1 2)
B1845 1791.3500 1450.4300 (11.12 73.58 1 2)
B1846 1924.9500 1440.7000 (87.68 2.89 2 3)
B1847 1386.1400 752.8100 (53.94 69.98 3 1)
B1848 339.4300 2321.0300 (40.13 41.44 3 1)
B1849 828.0000 2136.0000 (89.12 11.84 3 2)
B1850 1072.0900 302.5900 (39.35 10.21 1 3)
B1851 919.2500 35.2200 (73.03 32.26 3 3)
B1852 238.4100 316.5000 (93.26 36.62 2 1)
B1853 1206.1700 899.7600 (52.66 4.60 2 3)
B1854 1742.3200 1729.0100 (114.38 62.76 3 1)
B1855 1387.4400 1951.8400 (39.48 45.59 1 2)
B1856 1197.0100 50.0800 (71.75 67.77 3 1)
B1857 1555.4400 886.8900 (120.21 34.31 1 2)
B1858 1882.9900 828.7100 (103.56 60.13 1 2)
B1859 1387.4400 1997.4300 (136.74 25.75 1 1)
B1860 333.5000 1103.3000 (135.42 12.95 2 1)
B1861 565.6200 172.9100 (119.12 6.73 3 1)
B1862 1662.2900 979.7700 (115.36 3.06 3 1)
B1863 1845.0700 382.3900 (130.09 27.79 2 2)
B1864 361.5500 838.4500 (105.64 10.19 3 3)
B1865 75.4100 2076.7800 (16.40 70.09 1 2)
B1866 1924.9500 1398.7200 (17.40 41.98 1 1)
B1867 477.7600 233.2200 (49.71 37.65 3 2)
B1868 22.4900 81.1200 (6.17 45.84 1 1)
B1869 25.3400 2213.1700 (7.69 52.74 1 1)
B1870 1432.4000 1108.9600 (51.14 34.16 1 2)
B1871 727.9600 2354.1200 (19.10 38.35 3 2)
B1872 558.6500 2213.1800 (13.67 10.51 3 2)
B1873 1275.7200 439.5000 (76.27 4.81 2 1)
B1874 22.4900 139.0800 (39.47 14.58 1 1)
B1875 1338.1800 1549.7100 (48.46 57.16 1 2)
B1876 578.8900 860.7700 (106.62 58.21 3 2)
B1877 201.0300 1363.7300 (73.01 17.56 3 2)
B1878 327.7500 1508.4200 (85.82 32.04 2 2)
B1879 1978.6700 2300.0000 (51.08 4.54 1 2)
B1880 766.2600 441.5300 (64.66 21.09 1 1)
B1881 1419.7000 1875.4400 (86.87 10.62 3 2)
B1882 1222.4000 735.7800 (28.90 43.98 2 3)
B1883 1815.0000 926.8700 (103.06 24.72 3 3)
B1884 498.6500 1966.5900 (28.66 22.89 2 2)
B1885 750.8000 1169.7000 (10.09 17.35 3 3)
B1886 1487.4600 1113.4600 (72.37 25.98 3 1)
B1887 1157.0600 997.8600 (17.91 71.95 2 1)
B1888 1650.2200 359.3700 (75.41 24.99 2 2)
B1889 1570.5400 2296.3500 (140.03 9.27 3 2)
B1890 1474.1800 7.1300 (50.47 39.64 1 1)
B1891 1855.0500 1476.9100 (51.34 24.72 3 1)
B1892 1363.4700 1270.3900 (77.76 28.48 1 1)
B1893 809.2800 682.8700 (82.91 74.39 2 1)
B1894 1455.8300 1756.5200 (81.78 35.13 2 1)
B1895 629.9700 2043.4400 (4.77 27.78 1 1)
B1896 1560.0600 1694.9700 (101.99 26.83 2 3)
B1897 1997.6900 641.5900 (52.15 11.15 1 3)
B1898 923.5000 213.5900 (55.51 6.85 2 3)
B1899 2017.2200 652.7400 (31.25 26.56 3 1)
B1900 1133.1400 2463.1500 (41.63 7.65 3 2)
B1901 1548.4200 2116.6400 (149.63 8.91 1 2)
B1902 1781.2300 1873.2900 (17.81 25.98 3 2)
B1903 800.7500 1501.4300 (55.37 29.30 3 2)
B1904 1387.7400 969.4600 (83.03 12.68 2 2)
B1905 1491.9900 1379.6100 (130.12 67.95 3 3)
B1906 61.9600 139.0800 (25.28 32.93 3 2)
B1907 1821.5700 2285.8900 (39.55 17.26 2 1)
B1908 1162.0900 1714.5100 (99.73 3.26 3 3)
B1909 1537.6100 1753.2700 (94.70 5.47 2 3)
B1910 379.5600 2323.7700 (75.27 14.68 2 2)
B1911 93.5900 166.1600 (110.14 12.65 2 2)
B1912 1801.5700 1668.2500 (11.27 46.35 3 3)
B1913 1650.2200 346.3400 (89.80 13.03 1 3)
B1914 170.9100 1102.7400 (62.56 53.36 3 1)
B1915 990.5500 1369.3100 (17.44 64.11 3 1)
B1916 2002.8600 975.0500 (18.33 25.22 1 1)
B1917 742.2500 591.0500 (32.57 29.85 1 2)
B1918 1580.0000 1072.6500 (100.41 12.59 2 3)
B1919 476.9900 283.3800 (114.41 52.23 2 2)
B1920 1245.3500 1987.8200 (113.46 21.11 1 2)
B1921 241.3700 149.8600 (32.44 33.52 1 1)
B1922 76.8700 676.6400 (48.64 2.04 2 1)
B1923 1248.3100 2008.9300 (72.72 4.04 3 3)
B1924 1566.6100 2128.9100 (14.70 33.07 1 2)
B1925 1149.3000 1883.4600 (102.20 20.44 2 2)
B1926 314.9600 573.5800 (14.59 27.34 2 3)
B1927 2001.1300 1160.7400 (53.32 13.98 1 2)
B1928 1068.9600 623.0800 (61.23 70.55 2 3)
B1929 1971.0900 0.0000 (4.93 73.73 2 1)
B1930 1068.5500 141.9800 (42.11 9.41 3 1)
B1931 1473.9800 1210.9100 (18.90 33.02 2 3)
B1932 1082.3100 1768.7500 (44.84 52.75 3 2)
B1933 1633.0100 1085.2400 (9.99 27.96 1 3)
B1934 527.4700 233.2200 (13.78 50.16 3 2)
B1935 513.6400 1989.4800 (8.40 7.64 2 3)
B1936 3.5500 2340.9200 (6.50 32.68 2 3)
B1937 1675.6500 872.9200 (28.57 20.36 2 3)
B1938 1201.7700 2100.3800 (14.41 71.21 2 1)
B1939 394.5300 2290.9700 (27.84 32.80 1 1)
B1940 1440.3600 541.4000 (145.38 3.21 3 2)
B1941 124.7000 1719.5900 (2.02 47.33 1 2)
B1942 1134.6800 293.2600 (66.29 69.39 3 1)
B1943 986.7500 1623.2200 (17.90 4.95 3 3)
B1944 593.4500 1685.4100 (116.18 16.32 2 3)
B1945 406.6700 2076.4200 (46.64 66.17 2 1)
B1946 1149.8000 111.9300 (10.19 12.37 3 3)
B1947 1263.1900 899.7600 (115.58 31.40 3 3)
B1948 19.4400 338.1100 (39.96 41.06 3 1)
B1949 752.7500 1604.7000 (133.52 14.08 1 3)
B1950 1366.7200 1052.9200 (6.86 53.59 3 1)
B1951 1850.4900 149.1900 (20.07 66.06 3 3)
B1952 1068.5500 151.3900 (7.04 8.15 2 3)
B1953 771.6100 284.4100 (30.07 22.70 2 2)
B1954 1684.2300 2011.0800 (129.14 27.60 2 3)
B1955 1157.0600 1069.8100 (13.42 47.20 3 3)
B1956 934.2100 1498.5000 (66.08 47.65 2 1)
B1957 2006.2300 2050.9500 (50.38 50.37 2 2)
B1958 270.9100 136.3500 (67.69 12.81 3 2)
B1959 1551.7200 1318.5600 (8.88 4.07 2 2)
B1960 632.5000 559.0100 (31.34 23.81 3 3)
B1961 622.2600 1436.2000 (55.31 25.01 2 1)
B1962 677.5700 1466.9000 (149.93 15.43 2 2)
B1963 1262.8700 297.1500 (120.87 34.98 3 3)
B1964 1424.0000 822.7900 (67.23 68.91 1 3)
B1965 498.6500 1918.9300 (96.15 8.07 3 3)
B1966 1857.0200 1950.1700 (64.60 70.76 3 3)
B1967 1363.4700 1367.5200 (38.22 47.18 2 1)
B1968 852.3200 544.1400 (35.66 52.03 1 2)
B1969 599.8600 1045.7500 (20.50 65.49 2 3)
B1970 1071.1300 488.6100 (23.75 34.09 2 1)
B1971 675.7000 20.6100 (121.24 40.01 3 1)
B1972 1012.1400 2401.5300 (73.36 4.28 1 1)
B1973 1016.2800 2079.7600 (133.34 8.47 2 2)
B1974 863.1100 67.4800 (80.64 32.17 2 1)
B1975 1649.1800 2446.3300 (19.30 21.98 3 3)
B1976 1701.6600 1419.2800 (24.22 67.82 2 1)
B1977 198.6700 86.2300 (64.43 25.66 2 1)
B1978 1940.1800 734.3900 (80.99 55.73 1 2)
B1979 1445.1300 2231.4500 (118.21 12.97 3 3)
B1980 76.8700 678.6800 (99.22 19.52 3 2)
B1981 513.6400 2003.9400 (68.48 5.01 2 3)
B1982 584.4300 1138.2100 (136.84 22.49 1 2)
B1983 1149.3000 1903.9000 (128.83 7.11 2 2)
B1984 594.8000 1957.9700 (12.24 45.28 1 1)
B1985 684.0300 967.3900 (58.52 40.93 3 2)
B1986 344.7000 1183.3000 (30.40 28.32 3 1)
B1987 180.8200 1381.2900 (100.88 4.35 1 3)
B1988 837.6200 1733.6600 (15.31 77.55 1 1)
B1989 1895.7200 1289.2100 (33.45 65.55 2 2)
B1990 546.1200 2213.1800 (12.53 51.01 3 3)
B1991 759.5800 1412.3000 (50.09 25.01 1 1)
B1992 1848.9500 628.1600 (45.95 40.19 1 2)
B1993 1463.3500 449.2000 (113.05 23.88 1 2)
B1994 63.8300 1959.7700 (68.66 58.66 1 3)
B1995 1949.0500 455.3200 (66.18 57.84 2 2)
B1996 1437.2100 1559.8700 (40.95 65.05 1 3)
B1997 1360.3300 688.9400 (138.69 15.67 3 3)
B1998 351.1200 493.1200 (15.32 69.48 1 2)
B1999 6.6300 1119.4100 (114.40 8.19 3 1)
