9833.3076
136.46 72.06
788.09
M3 0.0000 18.6800 (41.93 4.70 2 5)
M5 0.0000 45.8800 (81.40 15.40 1 10)
M6 94.5300 29.5600 (41.93 4.70 2 5)
M9 87.9200 37.0800 (13.40 4.56 1 4)
M10 101.3200 37.0800 (25.93 2.28 2 2)
M12 0.0000 3.2800 (81.40 15.40 1 10)
M14 81.4000 55.1200 (53.13 3.08 2 2)
M15 61.9900 36.1400 (25.93 2.28 2 2)
M16 94.5300 20.3000 (25.40 4.56 1 4)
M24 0.0000 23.3800 (31.40 6.96 1 4)
M26 0.0000 0.0000 (122.99 1.74 4 1)
M60 41.9300 18.6800 (38.46 1.88 3 2)
M63 97.9300 58.2000 (9.40 3.76 1 4)
M90 0.0000 1.7400 (105.39 1.54 4 1)
M98 0.0000 65.9000 (104.33 6.16 2 4)
M103 94.5300 24.8600 (41.93 4.70 2 5)
M104 101.3200 39.3600 (17.93 1.88 2 2)
M106 53.1300 42.1200 (74.46 3.76 3 4)
M107 87.9200 36.1400 (34.99 0.94 4 1)
M108 0.0000 30.3400 (25.40 11.28 1 12)
M109 34.9900 35.9600 (27.00 6.16 1 4)
M110 94.5300 15.6000 (41.93 4.70 2 5)
M111 41.9300 20.5600 (52.60 12.32 1 8)
M112 119.2500 39.3600 (3.40 0.94 1 1)
M113 84.5300 34.2600 (38.46 1.88 3 2)
M114 0.0000 61.2800 (97.93 4.62 2 3)
M115 81.4000 45.8800 (49.40 9.24 1 6)
M116 81.4000 3.2800 (52.60 12.32 1 8)
M117 31.4000 32.8800 (53.13 3.08 2 2)
M118 0.0000 42.5600 (53.13 3.08 2 2)
M119 0.0000 41.6200 (34.99 0.94 4 1)
